Log file open, 05/06/19 21:15:54
LogWindows: Failed to load 'aqProf.dll' (GetLastError=126)
LogWindows: File 'aqProf.dll' does not exist
LogWindows: Failed to load 'VtuneApi.dll' (GetLastError=126)
LogWindows: File 'VtuneApi.dll' does not exist
LogWindows: Failed to load 'VtuneApi32e.dll' (GetLastError=126)
LogWindows: File 'VtuneApi32e.dll' does not exist
LogConsoleResponse: Display: Failed to find resolution value strings in scalability ini. Falling back to default.
LogInit: Display: Running engine for game: Project1
LogPakFile: Registered encryption key '00000000000000000000000000000000': 0 pak files mounted, 0 remain pending
LogPlatformFile: Not using cached read wrapper
LogTaskGraph: Started task graph with 5 named threads and 35 total threads with 3 sets of task threads.
LogStats: Stats thread started at 0.506593
LogD3D11RHI: Loaded GFSDK_Aftermath_Lib.x64.dll
LogICUInternationalization: ICU TimeZone Detection - Raw Offset: -5:00, Platform Override: ''
LogPluginManager: Mounting plugin Paper2D
LogPluginManager: Mounting plugin AISupport
LogPluginManager: Mounting plugin LightPropagationVolume
LogPluginManager: Mounting plugin ActorLayerUtilities
LogPluginManager: Mounting plugin CLionSourceCodeAccess
LogPluginManager: Mounting plugin CodeLiteSourceCodeAccess
LogPluginManager: Mounting plugin GitSourceControl
LogPluginManager: Mounting plugin KDevelopSourceCodeAccess
LogPluginManager: Mounting plugin NullSourceCodeAccess
LogPluginManager: Mounting plugin PerforceSourceControl
LogPluginManager: Mounting plugin SubversionSourceControl
LogPluginManager: Mounting plugin UObjectPlugin
LogPluginManager: Mounting plugin VisualStudioCodeSourceCodeAccess
LogPluginManager: Mounting plugin VisualStudioSourceCodeAccess
LogPluginManager: Mounting plugin XCodeSourceCodeAccess
LogPluginManager: Mounting plugin AssetManagerEditor
LogPluginManager: Mounting plugin CryptoKeys
LogPluginManager: Mounting plugin DataValidation
LogPluginManager: Mounting plugin FacialAnimation
LogPluginManager: Mounting plugin GameplayTagsEditor
LogPluginManager: Mounting plugin MacGraphicsSwitching
LogPluginManager: Mounting plugin MeshEditor
LogPluginManager: Mounting plugin MobileLauncherProfileWizard
LogPluginManager: Mounting plugin PluginBrowser
LogPluginManager: Mounting plugin SpeedTreeImporter
LogPluginManager: Mounting plugin DatasmithContent
LogPluginManager: Mounting plugin VariantManagerContent
LogPluginManager: Mounting plugin AlembicImporter
LogPluginManager: Mounting plugin AppleImageUtils
LogPluginManager: Mounting plugin AppleVision
LogPluginManager: Mounting plugin BackChannel
LogPluginManager: Mounting plugin CharacterAI
LogPluginManager: Mounting plugin GeometryCache
LogPluginManager: Mounting plugin HTML5Networking
LogPluginManager: Mounting plugin ProxyLODPlugin
LogPluginManager: Mounting plugin MagicLeap
LogPluginManager: Mounting plugin MagicLeapMedia
LogPluginManager: Mounting plugin AndroidMedia
LogPluginManager: Mounting plugin AvfMedia
LogPluginManager: Mounting plugin ImgMedia
LogPluginManager: Mounting plugin LinearTimecode
LogPluginManager: Mounting plugin MediaCompositing
LogPluginManager: Mounting plugin MediaPlayerEditor
LogPluginManager: Mounting plugin WebMMedia
LogPluginManager: Mounting plugin WmfMedia
LogPluginManager: Mounting plugin TcpMessaging
LogPluginManager: Mounting plugin UdpMessaging
LogPluginManager: Mounting plugin ActorSequence
LogPluginManager: Mounting plugin LevelSequenceEditor
LogPluginManager: Mounting plugin MatineeToLevelSequence
LogPluginManager: Mounting plugin NetcodeUnitTest
LogPluginManager: Mounting plugin NUTUnrealEngine4
LogPluginManager: Mounting plugin OnlineSubsystemGooglePlay
LogPluginManager: Mounting plugin OnlineSubsystemIOS
LogPluginManager: Mounting plugin OnlineSubsystem
LogPluginManager: Mounting plugin OnlineSubsystemNull
LogPluginManager: Mounting plugin OnlineSubsystemUtils
LogPluginManager: Mounting plugin LauncherChunkInstaller
LogPluginManager: Mounting plugin AndroidDeviceProfileSelector
LogPluginManager: Mounting plugin AndroidMoviePlayer
LogPluginManager: Mounting plugin AndroidPermission
LogPluginManager: Mounting plugin AppleMoviePlayer
LogPluginManager: Mounting plugin ArchVisCharacter
LogPluginManager: Mounting plugin AudioCapture
LogPluginManager: Mounting plugin CableComponent
LogPluginManager: Mounting plugin CustomMeshComponent
LogPluginManager: Mounting plugin EditableMesh
LogPluginManager: Mounting plugin ExampleDeviceProfileSelector
LogPluginManager: Mounting plugin Firebase
LogPluginManager: Mounting plugin GoogleCloudMessaging
LogPluginManager: Mounting plugin IOSDeviceProfileSelector
LogPluginManager: Mounting plugin LinuxDeviceProfileSelector
LogPluginManager: Mounting plugin LocationServicesBPLibrary
LogPluginManager: Mounting plugin MobilePatchingUtils
LogPluginManager: Mounting plugin OculusVR
LogPluginManager: Mounting plugin PhysXVehicles
LogPluginManager: Mounting plugin ProceduralMeshComponent
LogPluginManager: Mounting plugin RuntimePhysXCooking
LogPluginManager: Mounting plugin SteamVR
LogPluginManager: Mounting plugin WebMMoviePlayer
LogPluginManager: Mounting plugin WindowsMoviePlayer
LogStreaming: Display: Took  0.141s to configure plugins.
LogInit: Using libcurl 7.55.1-DEV
LogInit:  - built for x86_64-pc-win32
LogInit:  - supports SSL with OpenSSL/1.0.2h
LogInit:  - supports HTTP deflate (compression) using libz 1.2.8
LogInit:  - other features:
LogInit:      CURL_VERSION_SSL
LogInit:      CURL_VERSION_LIBZ
LogInit:      CURL_VERSION_IPV6
LogInit:      CURL_VERSION_ASYNCHDNS
LogInit:      CURL_VERSION_LARGEFILE
LogInit:      CURL_VERSION_IDN
LogInit:  CurlRequestOptions (configurable via config and command line):
LogInit:  - bVerifyPeer = true  - Libcurl will verify peer certificate
LogInit:  - bUseHttpProxy = false  - Libcurl will NOT use HTTP proxy
LogInit:  - bDontReuseConnections = false  - Libcurl will reuse connections
LogInit:  - MaxHostConnections = 16  - Libcurl will limit the number of connections to a host
LogInit:  - LocalHostAddr = Default
LogInit:  - BufferSize = 65536
LogInit: WinSock: version 1.1 (2.2), MaxSocks=32767, MaxUdp=65467
LogHMD: Failed initializing OVRPlugin 1.28.0
LogInit: Build: ++UE4+Release-4.21-CL-4753647
LogInit: Engine Version: 4.21.2-4753647+++UE4+Release-4.21
LogInit: Compatible Engine Version: 4.21.0-4541578+++UE4+Release-4.21
LogInit: Net CL: 4541578
LogInit: OS: Windows 10 (), CPU: Intel(R) Core(TM) i7-8750H CPU @ 2.20GHz, GPU: Intel(R) UHD Graphics 630
LogInit: Compiled (64-bit): Jan 19 2019 02:07:31
LogInit: Compiled with Visual C++: 19.13.26129.00
LogInit: Build Configuration: Development
LogInit: Branch Name: ++UE4+Release-4.21
LogInit: Command Line: 
LogInit: Base Directory: D:/UE_4.21/Engine/Binaries/Win64/
LogInit: Installed Engine Build: 1
LogDevObjectVersion: Number of dev versions registered: 22
LogDevObjectVersion:   Dev-Blueprints (B0D832E4-1F89-4F0D-ACCF-7EB736FD4AA2): 10
LogDevObjectVersion:   Dev-Build (E1C64328-A22C-4D53-A36C-8E866417BD8C): 0
LogDevObjectVersion:   Dev-Core (375EC13C-06E4-48FB-B500-84F0262A717E): 2
LogDevObjectVersion:   Dev-Editor (E4B068ED-F494-42E9-A231-DA0B2E46BB41): 26
LogDevObjectVersion:   Dev-Framework (CFFC743F-43B0-4480-9391-14DF171D2073): 34
LogDevObjectVersion:   Dev-Mobile (B02B49B5-BB20-44E9-A304-32B752E40360): 2
LogDevObjectVersion:   Dev-Networking (A4E4105C-59A1-49B5-A7C5-40C4547EDFEE): 0
LogDevObjectVersion:   Dev-Online (39C831C9-5AE6-47DC-9A44-9C173E1C8E7C): 0
LogDevObjectVersion:   Dev-Physics (78F01B33-EBEA-4F98-B9B4-84EACCB95AA2): 0
LogDevObjectVersion:   Dev-Platform (6631380F-2D4D-43E0-8009-CF276956A95A): 0
LogDevObjectVersion:   Dev-Rendering (12F88B9F-8875-4AFC-A67C-D90C383ABD29): 27
LogDevObjectVersion:   Dev-Sequencer (7B5AE74C-D270-4C10-A958-57980B212A5A): 9
LogDevObjectVersion:   Dev-VR (D7296918-1DD6-4BDD-9DE2-64A83CC13884): 2
LogDevObjectVersion:   Dev-LoadTimes (C2A15278-BFE7-4AFE-6C17-90FF531DF755): 1
LogDevObjectVersion:   Private-Geometry (6EACA3D4-40EC-4CC1-B786-8BED09428FC5): 3
LogDevObjectVersion:   Dev-AnimPhys (29E575DD-E0A3-4627-9D10-D276232CDCEA): 17
LogDevObjectVersion:   Dev-Anim (AF43A65D-7FD3-4947-9873-3E8ED9C1BB05): 2
LogDevObjectVersion:   Dev-ReflectionCapture (6B266CEC-1EC7-4B8F-A30B-E4D90942FC07): 1
LogDevObjectVersion:   Dev-Automation (0DF73D61-A23F-47EA-B727-89E90C41499A): 1
LogDevObjectVersion:   FortniteMain (601D1886-AC64-4F84-AA16-D3DE0DEAC7D6): 17
LogDevObjectVersion:   Dev-Enterprise (9DFFBCD6-494F-0158-E221-12823C92A888): 4
LogDevObjectVersion:   Dev-Niagara (F2AED0AC-9AFE-416F-8664-AA7FFA26D6FC): 1
LogStreaming: Display: Took  0.003s to delete old logs.
LogInit: Presizing for max 8388607 objects, including 0 objects not considered by GC, pre-allocating 0 bytes for permanent pool.
LogInit: Object subsystem initialized
LogConfig: Setting CVar [[con.DebugEarlyDefault:1]]
LogConfig: Setting CVar [[r.setres:1280x720]]
[2019.05.07-01.15.55:664][  0]LogConfig: Setting CVar [[r.VSync:0]]
[2019.05.07-01.15.55:664][  0]LogConfig: Setting CVar [[r.RHICmdBypass:0]]
[2019.05.07-01.15.55:664][  0]LogConfig: Applying CVar settings from Section [/Script/Engine.RendererSettings] File [D:/Desktop Files/Spring 2019/CMSC388G/CMSC388G/FinalProject/Project1/Saved/Config/Windows/Engine.ini]
[2019.05.07-01.15.55:664][  0]LogConfig: Setting CVar [[r.GPUCrashDebugging:0]]
[2019.05.07-01.15.55:664][  0]LogConfig: Applying CVar settings from Section [/Script/Engine.RendererOverrideSettings] File [D:/Desktop Files/Spring 2019/CMSC388G/CMSC388G/FinalProject/Project1/Saved/Config/Windows/Engine.ini]
[2019.05.07-01.15.55:664][  0]LogConfig: Applying CVar settings from Section [/Script/Engine.StreamingSettings] File [D:/Desktop Files/Spring 2019/CMSC388G/CMSC388G/FinalProject/Project1/Saved/Config/Windows/Engine.ini]
[2019.05.07-01.15.55:664][  0]LogConfig: Setting CVar [[s.MinBulkDataSizeForAsyncLoading:131072]]
[2019.05.07-01.15.55:664][  0]LogConfig: Setting CVar [[s.AsyncLoadingThreadEnabled:0]]
[2019.05.07-01.15.55:664][  0]LogConfig: Setting CVar [[s.EventDrivenLoaderEnabled:1]]
[2019.05.07-01.15.55:664][  0]LogConfig: Setting CVar [[s.WarnIfTimeLimitExceeded:0]]
[2019.05.07-01.15.55:664][  0]LogConfig: Setting CVar [[s.TimeLimitExceededMultiplier:1.5]]
[2019.05.07-01.15.55:664][  0]LogConfig: Setting CVar [[s.TimeLimitExceededMinTime:0.005]]
[2019.05.07-01.15.55:664][  0]LogConfig: Setting CVar [[s.UseBackgroundLevelStreaming:1]]
[2019.05.07-01.15.55:665][  0]LogConfig: Setting CVar [[s.PriorityAsyncLoadingExtraTime:15.0]]
[2019.05.07-01.15.55:665][  0]LogConfig: Setting CVar [[s.LevelStreamingActorsUpdateTimeLimit:5.0]]
[2019.05.07-01.15.55:665][  0]LogConfig: Setting CVar [[s.PriorityLevelStreamingActorsUpdateExtraTime:5.0]]
[2019.05.07-01.15.55:665][  0]LogConfig: Setting CVar [[s.LevelStreamingComponentsRegistrationGranularity:10]]
[2019.05.07-01.15.55:665][  0]LogConfig: Setting CVar [[s.UnregisterComponentsTimeLimit:1.0]]
[2019.05.07-01.15.55:665][  0]LogConfig: Setting CVar [[s.LevelStreamingComponentsUnregistrationGranularity:5]]
[2019.05.07-01.15.55:665][  0]LogConfig: Applying CVar settings from Section [/Script/Engine.GarbageCollectionSettings] File [D:/Desktop Files/Spring 2019/CMSC388G/CMSC388G/FinalProject/Project1/Saved/Config/Windows/Engine.ini]
[2019.05.07-01.15.55:665][  0]LogConfig: Setting CVar [[gc.MaxObjectsNotConsideredByGC:1]]
[2019.05.07-01.15.55:665][  0]LogConfig: Setting CVar [[gc.SizeOfPermanentObjectPool:0]]
[2019.05.07-01.15.55:665][  0]LogConfig: Setting CVar [[gc.FlushStreamingOnGC:0]]
[2019.05.07-01.15.55:665][  0]LogConfig: Setting CVar [[gc.NumRetriesBeforeForcingGC:10]]
[2019.05.07-01.15.55:665][  0]LogConfig: Setting CVar [[gc.AllowParallelGC:1]]
[2019.05.07-01.15.55:665][  0]LogConfig: Setting CVar [[gc.TimeBetweenPurgingPendingKillObjects:61.1]]
[2019.05.07-01.15.55:665][  0]LogConfig: Setting CVar [[gc.MaxObjectsInEditor:8388607]]
[2019.05.07-01.15.55:665][  0]LogConfig: Setting CVar [[gc.IncrementalBeginDestroyEnabled:1]]
[2019.05.07-01.15.55:665][  0]LogConfig: Setting CVar [[gc.CreateGCClusters:1]]
[2019.05.07-01.15.55:665][  0]LogConfig: Setting CVar [[gc.MergeGCClusters:0]]
[2019.05.07-01.15.55:665][  0]LogConfig: Setting CVar [[gc.MinGCClusterSize:5]]
[2019.05.07-01.15.55:665][  0]LogConfig: Setting CVar [[gc.ActorClusteringEnabled:0]]
[2019.05.07-01.15.55:665][  0]LogConfig: Setting CVar [[gc.BlueprintClusteringEnabled:0]]
[2019.05.07-01.15.55:665][  0]LogConfig: Setting CVar [[gc.UseDisregardForGCOnDedicatedServers:0]]
[2019.05.07-01.15.55:665][  0]LogConfig: Applying CVar settings from Section [/Script/Engine.NetworkSettings] File [D:/Desktop Files/Spring 2019/CMSC388G/CMSC388G/FinalProject/Project1/Saved/Config/Windows/Engine.ini]
[2019.05.07-01.15.55:665][  0]LogConfig: Applying CVar settings from Section [/Script/UnrealEd.CookerSettings] File [D:/Desktop Files/Spring 2019/CMSC388G/CMSC388G/FinalProject/Project1/Saved/Config/Windows/Engine.ini]
[2019.05.07-01.15.55:670][  0]LogConfig: Applying CVar settings from Section [ViewDistanceQuality@3] File [D:/Desktop Files/Spring 2019/CMSC388G/CMSC388G/FinalProject/Project1/Saved/Config/Windows/Scalability.ini]
[2019.05.07-01.15.55:670][  0]LogConfig: Setting CVar [[r.SkeletalMeshLODBias:0]]
[2019.05.07-01.15.55:670][  0]LogConfig: Setting CVar [[r.ViewDistanceScale:1.0]]
[2019.05.07-01.15.55:670][  0]LogConfig: Applying CVar settings from Section [AntiAliasingQuality@3] File [D:/Desktop Files/Spring 2019/CMSC388G/CMSC388G/FinalProject/Project1/Saved/Config/Windows/Scalability.ini]
[2019.05.07-01.15.55:670][  0]LogConfig: Setting CVar [[r.PostProcessAAQuality:3]]
[2019.05.07-01.15.55:670][  0]LogConfig: Applying CVar settings from Section [ShadowQuality@3] File [D:/Desktop Files/Spring 2019/CMSC388G/CMSC388G/FinalProject/Project1/Saved/Config/Windows/Scalability.ini]
[2019.05.07-01.15.55:670][  0]LogConfig: Setting CVar [[r.LightFunctionQuality:1]]
[2019.05.07-01.15.55:670][  0]LogConfig: Setting CVar [[r.ShadowQuality:5]]
[2019.05.07-01.15.55:670][  0]LogConfig: Setting CVar [[r.Shadow.CSM.MaxCascades:10]]
[2019.05.07-01.15.55:670][  0]LogConfig: Setting CVar [[r.Shadow.MaxResolution:2048]]
[2019.05.07-01.15.55:670][  0]LogConfig: Setting CVar [[r.Shadow.MaxCSMResolution:2048]]
[2019.05.07-01.15.55:670][  0]LogConfig: Setting CVar [[r.Shadow.RadiusThreshold:0.01]]
[2019.05.07-01.15.55:670][  0]LogConfig: Setting CVar [[r.Shadow.DistanceScale:1.0]]
[2019.05.07-01.15.55:670][  0]LogConfig: Setting CVar [[r.Shadow.CSM.TransitionScale:1.0]]
[2019.05.07-01.15.55:670][  0]LogConfig: Setting CVar [[r.Shadow.PreShadowResolutionFactor:1.0]]
[2019.05.07-01.15.55:670][  0]LogConfig: Setting CVar [[r.DistanceFieldShadowing:1]]
[2019.05.07-01.15.55:670][  0]LogConfig: Setting CVar [[r.DistanceFieldAO:1]]
[2019.05.07-01.15.55:670][  0]LogConfig: Setting CVar [[r.AOQuality:2]]
[2019.05.07-01.15.55:670][  0]LogConfig: Setting CVar [[r.VolumetricFog:1]]
[2019.05.07-01.15.55:670][  0]LogConfig: Setting CVar [[r.VolumetricFog.GridPixelSize:8]]
[2019.05.07-01.15.55:670][  0]LogConfig: Setting CVar [[r.VolumetricFog.GridSizeZ:128]]
[2019.05.07-01.15.55:670][  0]LogConfig: Setting CVar [[r.VolumetricFog.HistoryMissSupersampleCount:4]]
[2019.05.07-01.15.55:670][  0]LogConfig: Setting CVar [[r.LightMaxDrawDistanceScale:1]]
[2019.05.07-01.15.55:670][  0]LogConfig: Setting CVar [[r.CapsuleShadows:1]]
[2019.05.07-01.15.55:670][  0]LogConfig: Applying CVar settings from Section [PostProcessQuality@3] File [D:/Desktop Files/Spring 2019/CMSC388G/CMSC388G/FinalProject/Project1/Saved/Config/Windows/Scalability.ini]
[2019.05.07-01.15.55:670][  0]LogConfig: Setting CVar [[r.MotionBlurQuality:0]]
[2019.05.07-01.15.55:670][  0]LogConfig: Setting CVar [[r.AmbientOcclusionMipLevelFactor:0.4]]
[2019.05.07-01.15.55:670][  0]LogConfig: Setting CVar [[r.AmbientOcclusionMaxQuality:100]]
[2019.05.07-01.15.55:670][  0]LogConfig: Setting CVar [[r.AmbientOcclusionLevels:0]]
[2019.05.07-01.15.55:670][  0]LogConfig: Setting CVar [[r.AmbientOcclusionRadiusScale:1.0]]
[2019.05.07-01.15.55:670][  0]LogConfig: Setting CVar [[r.DepthOfFieldQuality:0]]
[2019.05.07-01.15.55:670][  0]LogConfig: Setting CVar [[r.RenderTargetPoolMin:400]]
[2019.05.07-01.15.55:670][  0]LogConfig: Setting CVar [[r.LensFlareQuality:0]]
[2019.05.07-01.15.55:671][  0]LogConfig: Setting CVar [[r.SceneColorFringeQuality:0]]
[2019.05.07-01.15.55:671][  0]LogConfig: Setting CVar [[r.EyeAdaptationQuality:2]]
[2019.05.07-01.15.55:671][  0]LogConfig: Setting CVar [[r.BloomQuality:1]]
[2019.05.07-01.15.55:671][  0]LogConfig: Setting CVar [[r.FastBlurThreshold:0]]
[2019.05.07-01.15.55:671][  0]LogConfig: Setting CVar [[r.Upscale.Quality:3]]
[2019.05.07-01.15.55:671][  0]LogConfig: Setting CVar [[r.Tonemapper.GrainQuantization:1]]
[2019.05.07-01.15.55:671][  0]LogConfig: Setting CVar [[r.LightShaftQuality:1]]
[2019.05.07-01.15.55:671][  0]LogConfig: Setting CVar [[r.Filter.SizeScale:1]]
[2019.05.07-01.15.55:671][  0]LogConfig: Setting CVar [[r.Tonemapper.Quality:5]]
[2019.05.07-01.15.55:671][  0]LogConfig: Setting CVar [[r.DOF.Gather.AccumulatorQuality:1        ; higher gathering accumulator quality]]
[2019.05.07-01.15.55:671][  0]LogConfig: Setting CVar [[r.DOF.Gather.PostfilterMethod:1          ; Median3x3 postfilering method]]
[2019.05.07-01.15.55:671][  0]LogConfig: Setting CVar [[r.DOF.Gather.EnableBokehSettings:0       ; no bokeh simulation when gathering]]
[2019.05.07-01.15.55:671][  0]LogConfig: Setting CVar [[r.DOF.Gather.RingCount:4                 ; medium number of samples when gathering]]
[2019.05.07-01.15.55:671][  0]LogConfig: Setting CVar [[r.DOF.Scatter.ForegroundCompositing:1    ; additive foreground scattering]]
[2019.05.07-01.15.55:671][  0]LogConfig: Setting CVar [[r.DOF.Scatter.BackgroundCompositing:2    ; additive background scattering]]
[2019.05.07-01.15.55:671][  0]LogConfig: Setting CVar [[r.DOF.Scatter.EnableBokehSettings:1      ; bokeh simulation when scattering]]
[2019.05.07-01.15.55:671][  0]LogConfig: Setting CVar [[r.DOF.Scatter.MaxSpriteRatio:0.1         ; only a maximum of 10% of scattered bokeh]]
[2019.05.07-01.15.55:671][  0]LogConfig: Setting CVar [[r.DOF.Recombine.Quality:1                ; cheap slight out of focus]]
[2019.05.07-01.15.55:671][  0]LogConfig: Setting CVar [[r.DOF.Recombine.EnableBokehSettings:0    ; no bokeh simulation on slight out of focus]]
[2019.05.07-01.15.55:671][  0]LogConfig: Setting CVar [[r.DOF.TemporalAAQuality:1                ; more stable temporal accumulation]]
[2019.05.07-01.15.55:671][  0]LogConfig: Setting CVar [[r.DOF.Kernel.MaxForegroundRadius:0.025]]
[2019.05.07-01.15.55:671][  0]LogConfig: Setting CVar [[r.DOF.Kernel.MaxBackgroundRadius:0.025]]
[2019.05.07-01.15.55:671][  0]LogConfig: Applying CVar settings from Section [TextureQuality@3] File [D:/Desktop Files/Spring 2019/CMSC388G/CMSC388G/FinalProject/Project1/Saved/Config/Windows/Scalability.ini]
[2019.05.07-01.15.55:671][  0]LogConfig: Setting CVar [[r.Streaming.MipBias:0]]
[2019.05.07-01.15.55:671][  0]LogConfig: Setting CVar [[r.Streaming.AmortizeCPUToGPUCopy:0]]
[2019.05.07-01.15.55:671][  0]LogConfig: Setting CVar [[r.Streaming.MaxNumTexturesToStreamPerFrame:0]]
[2019.05.07-01.15.55:671][  0]LogConfig: Setting CVar [[r.Streaming.Boost:1]]
[2019.05.07-01.15.55:671][  0]LogConfig: Setting CVar [[r.MaxAnisotropy:8]]
[2019.05.07-01.15.55:671][  0]LogConfig: Setting CVar [[r.Streaming.LimitPoolSizeToVRAM:0]]
[2019.05.07-01.15.55:671][  0]LogConfig: Setting CVar [[r.Streaming.PoolSize:1000]]
[2019.05.07-01.15.55:671][  0]LogConfig: Setting CVar [[r.Streaming.MaxEffectiveScreenSize:0]]
[2019.05.07-01.15.55:671][  0]LogConfig: Applying CVar settings from Section [EffectsQuality@3] File [D:/Desktop Files/Spring 2019/CMSC388G/CMSC388G/FinalProject/Project1/Saved/Config/Windows/Scalability.ini]
[2019.05.07-01.15.55:671][  0]LogConfig: Setting CVar [[r.TranslucencyLightingVolumeDim:4]]
[2019.05.07-01.15.55:671][  0]LogConfig: Setting CVar [[r.RefractionQuality:2]]
[2019.05.07-01.15.55:671][  0]LogConfig: Setting CVar [[r.SSR.Quality:0]]
[2019.05.07-01.15.55:672][  0]LogConfig: Setting CVar [[r.SceneColorFormat:2]]
[2019.05.07-01.15.55:672][  0]LogConfig: Setting CVar [[r.DetailMode:2]]
[2019.05.07-01.15.55:672][  0]LogConfig: Setting CVar [[r.TranslucencyVolumeBlur:0]]
[2019.05.07-01.15.55:672][  0]LogConfig: Setting CVar [[r.MaterialQualityLevel:1 ; High quality]]
[2019.05.07-01.15.55:672][  0]LogConfig: Setting CVar [[r.SSS.Scale:1]]
[2019.05.07-01.15.55:672][  0]LogConfig: Setting CVar [[r.SSS.SampleSet:2]]
[2019.05.07-01.15.55:672][  0]LogConfig: Setting CVar [[r.SSS.Quality:1]]
[2019.05.07-01.15.55:672][  0]LogConfig: Setting CVar [[r.SSS.HalfRes:1]]
[2019.05.07-01.15.55:672][  0]LogConfig: Setting CVar [[r.EmitterSpawnRateScale:1.0]]
[2019.05.07-01.15.55:672][  0]LogConfig: Setting CVar [[r.ParticleLightQuality:2]]
[2019.05.07-01.15.55:672][  0]LogConfig: Applying CVar settings from Section [FoliageQuality@3] File [D:/Desktop Files/Spring 2019/CMSC388G/CMSC388G/FinalProject/Project1/Saved/Config/Windows/Scalability.ini]
[2019.05.07-01.15.55:672][  0]LogConfig: Setting CVar [[foliage.DensityScale:1.0]]
[2019.05.07-01.15.55:672][  0]LogConfig: Setting CVar [[grass.DensityScale:1.0]]
[2019.05.07-01.15.55:672][  0]LogInit: Selected Device Profile: [Windows]
[2019.05.07-01.15.55:672][  0]LogInit: Applying CVar settings loaded from the selected device profile: [Windows]
[2019.05.07-01.15.55:687][  0]LogHAL: Display: Platform has ~ 16 GB [17047015424 / 17179869184 / 16], which maps to Larger [LargestMinGB=32, LargerMinGB=12, DefaultMinGB=8, SmallerMinGB=6, SmallestMinGB=0)
[2019.05.07-01.15.55:687][  0]LogConfig: Setting CVar [[r.Vulkan.UseRealUBs:1]]
[2019.05.07-01.15.55:687][  0]LogInit: Going up to parent DeviceProfile []
[2019.05.07-01.15.55:687][  0]LogConfig: Applying CVar settings from Section [ViewDistanceQuality@3] File [D:/Desktop Files/Spring 2019/CMSC388G/CMSC388G/FinalProject/Project1/Saved/Config/Windows/Scalability.ini]
[2019.05.07-01.15.55:687][  0]LogConfig: Setting CVar [[r.SkeletalMeshLODBias:0]]
[2019.05.07-01.15.55:687][  0]LogConfig: Setting CVar [[r.ViewDistanceScale:1.0]]
[2019.05.07-01.15.55:687][  0]LogConfig: Applying CVar settings from Section [AntiAliasingQuality@3] File [D:/Desktop Files/Spring 2019/CMSC388G/CMSC388G/FinalProject/Project1/Saved/Config/Windows/Scalability.ini]
[2019.05.07-01.15.55:687][  0]LogConfig: Setting CVar [[r.PostProcessAAQuality:3]]
[2019.05.07-01.15.55:687][  0]LogConfig: Applying CVar settings from Section [ShadowQuality@3] File [D:/Desktop Files/Spring 2019/CMSC388G/CMSC388G/FinalProject/Project1/Saved/Config/Windows/Scalability.ini]
[2019.05.07-01.15.55:687][  0]LogConfig: Setting CVar [[r.LightFunctionQuality:1]]
[2019.05.07-01.15.55:687][  0]LogConfig: Setting CVar [[r.ShadowQuality:5]]
[2019.05.07-01.15.55:687][  0]LogConfig: Setting CVar [[r.Shadow.CSM.MaxCascades:10]]
[2019.05.07-01.15.55:687][  0]LogConfig: Setting CVar [[r.Shadow.MaxResolution:2048]]
[2019.05.07-01.15.55:687][  0]LogConfig: Setting CVar [[r.Shadow.MaxCSMResolution:2048]]
[2019.05.07-01.15.55:687][  0]LogConfig: Setting CVar [[r.Shadow.RadiusThreshold:0.01]]
[2019.05.07-01.15.55:687][  0]LogConfig: Setting CVar [[r.Shadow.DistanceScale:1.0]]
[2019.05.07-01.15.55:687][  0]LogConfig: Setting CVar [[r.Shadow.CSM.TransitionScale:1.0]]
[2019.05.07-01.15.55:687][  0]LogConfig: Setting CVar [[r.Shadow.PreShadowResolutionFactor:1.0]]
[2019.05.07-01.15.55:687][  0]LogConfig: Setting CVar [[r.DistanceFieldShadowing:1]]
[2019.05.07-01.15.55:687][  0]LogConfig: Setting CVar [[r.DistanceFieldAO:1]]
[2019.05.07-01.15.55:687][  0]LogConfig: Setting CVar [[r.AOQuality:2]]
[2019.05.07-01.15.55:687][  0]LogConfig: Setting CVar [[r.VolumetricFog:1]]
[2019.05.07-01.15.55:687][  0]LogConfig: Setting CVar [[r.VolumetricFog.GridPixelSize:8]]
[2019.05.07-01.15.55:687][  0]LogConfig: Setting CVar [[r.VolumetricFog.GridSizeZ:128]]
[2019.05.07-01.15.55:687][  0]LogConfig: Setting CVar [[r.VolumetricFog.HistoryMissSupersampleCount:4]]
[2019.05.07-01.15.55:687][  0]LogConfig: Setting CVar [[r.LightMaxDrawDistanceScale:1]]
[2019.05.07-01.15.55:687][  0]LogConfig: Setting CVar [[r.CapsuleShadows:1]]
[2019.05.07-01.15.55:687][  0]LogConfig: Applying CVar settings from Section [PostProcessQuality@3] File [D:/Desktop Files/Spring 2019/CMSC388G/CMSC388G/FinalProject/Project1/Saved/Config/Windows/Scalability.ini]
[2019.05.07-01.15.55:687][  0]LogConfig: Setting CVar [[r.MotionBlurQuality:0]]
[2019.05.07-01.15.55:687][  0]LogConfig: Setting CVar [[r.AmbientOcclusionMipLevelFactor:0.4]]
[2019.05.07-01.15.55:687][  0]LogConfig: Setting CVar [[r.AmbientOcclusionMaxQuality:100]]
[2019.05.07-01.15.55:687][  0]LogConfig: Setting CVar [[r.AmbientOcclusionLevels:0]]
[2019.05.07-01.15.55:687][  0]LogConfig: Setting CVar [[r.AmbientOcclusionRadiusScale:1.0]]
[2019.05.07-01.15.55:687][  0]LogConfig: Setting CVar [[r.DepthOfFieldQuality:0]]
[2019.05.07-01.15.55:688][  0]LogConfig: Setting CVar [[r.RenderTargetPoolMin:400]]
[2019.05.07-01.15.55:688][  0]LogConfig: Setting CVar [[r.LensFlareQuality:0]]
[2019.05.07-01.15.55:688][  0]LogConfig: Setting CVar [[r.SceneColorFringeQuality:0]]
[2019.05.07-01.15.55:688][  0]LogConfig: Setting CVar [[r.EyeAdaptationQuality:2]]
[2019.05.07-01.15.55:688][  0]LogConfig: Setting CVar [[r.BloomQuality:1]]
[2019.05.07-01.15.55:688][  0]LogConfig: Setting CVar [[r.FastBlurThreshold:0]]
[2019.05.07-01.15.55:688][  0]LogConfig: Setting CVar [[r.Upscale.Quality:3]]
[2019.05.07-01.15.55:688][  0]LogConfig: Setting CVar [[r.Tonemapper.GrainQuantization:1]]
[2019.05.07-01.15.55:688][  0]LogConfig: Setting CVar [[r.LightShaftQuality:1]]
[2019.05.07-01.15.55:688][  0]LogConfig: Setting CVar [[r.Filter.SizeScale:1]]
[2019.05.07-01.15.55:688][  0]LogConfig: Setting CVar [[r.Tonemapper.Quality:5]]
[2019.05.07-01.15.55:688][  0]LogConfig: Setting CVar [[r.DOF.Gather.AccumulatorQuality:1        ; higher gathering accumulator quality]]
[2019.05.07-01.15.55:688][  0]LogConfig: Setting CVar [[r.DOF.Gather.PostfilterMethod:1          ; Median3x3 postfilering method]]
[2019.05.07-01.15.55:688][  0]LogConfig: Setting CVar [[r.DOF.Gather.EnableBokehSettings:0       ; no bokeh simulation when gathering]]
[2019.05.07-01.15.55:688][  0]LogConfig: Setting CVar [[r.DOF.Gather.RingCount:4                 ; medium number of samples when gathering]]
[2019.05.07-01.15.55:688][  0]LogConfig: Setting CVar [[r.DOF.Scatter.ForegroundCompositing:1    ; additive foreground scattering]]
[2019.05.07-01.15.55:688][  0]LogConfig: Setting CVar [[r.DOF.Scatter.BackgroundCompositing:2    ; additive background scattering]]
[2019.05.07-01.15.55:688][  0]LogConfig: Setting CVar [[r.DOF.Scatter.EnableBokehSettings:1      ; bokeh simulation when scattering]]
[2019.05.07-01.15.55:688][  0]LogConfig: Setting CVar [[r.DOF.Scatter.MaxSpriteRatio:0.1         ; only a maximum of 10% of scattered bokeh]]
[2019.05.07-01.15.55:688][  0]LogConfig: Setting CVar [[r.DOF.Recombine.Quality:1                ; cheap slight out of focus]]
[2019.05.07-01.15.55:688][  0]LogConfig: Setting CVar [[r.DOF.Recombine.EnableBokehSettings:0    ; no bokeh simulation on slight out of focus]]
[2019.05.07-01.15.55:688][  0]LogConfig: Setting CVar [[r.DOF.TemporalAAQuality:1                ; more stable temporal accumulation]]
[2019.05.07-01.15.55:688][  0]LogConfig: Setting CVar [[r.DOF.Kernel.MaxForegroundRadius:0.025]]
[2019.05.07-01.15.55:688][  0]LogConfig: Setting CVar [[r.DOF.Kernel.MaxBackgroundRadius:0.025]]
[2019.05.07-01.15.55:688][  0]LogConfig: Applying CVar settings from Section [TextureQuality@3] File [D:/Desktop Files/Spring 2019/CMSC388G/CMSC388G/FinalProject/Project1/Saved/Config/Windows/Scalability.ini]
[2019.05.07-01.15.55:688][  0]LogConfig: Setting CVar [[r.Streaming.MipBias:0]]
[2019.05.07-01.15.55:688][  0]LogConfig: Setting CVar [[r.Streaming.AmortizeCPUToGPUCopy:0]]
[2019.05.07-01.15.55:688][  0]LogConfig: Setting CVar [[r.Streaming.MaxNumTexturesToStreamPerFrame:0]]
[2019.05.07-01.15.55:688][  0]LogConfig: Setting CVar [[r.Streaming.Boost:1]]
[2019.05.07-01.15.55:688][  0]LogConfig: Setting CVar [[r.MaxAnisotropy:8]]
[2019.05.07-01.15.55:688][  0]LogConfig: Setting CVar [[r.Streaming.LimitPoolSizeToVRAM:0]]
[2019.05.07-01.15.55:688][  0]LogConfig: Setting CVar [[r.Streaming.PoolSize:1000]]
[2019.05.07-01.15.55:688][  0]LogConfig: Setting CVar [[r.Streaming.MaxEffectiveScreenSize:0]]
[2019.05.07-01.15.55:688][  0]LogConfig: Applying CVar settings from Section [EffectsQuality@3] File [D:/Desktop Files/Spring 2019/CMSC388G/CMSC388G/FinalProject/Project1/Saved/Config/Windows/Scalability.ini]
[2019.05.07-01.15.55:688][  0]LogConfig: Setting CVar [[r.TranslucencyLightingVolumeDim:4]]
[2019.05.07-01.15.55:688][  0]LogConfig: Setting CVar [[r.RefractionQuality:2]]
[2019.05.07-01.15.55:688][  0]LogConfig: Setting CVar [[r.SSR.Quality:0]]
[2019.05.07-01.15.55:688][  0]LogConfig: Setting CVar [[r.SceneColorFormat:2]]
[2019.05.07-01.15.55:688][  0]LogConfig: Setting CVar [[r.DetailMode:2]]
[2019.05.07-01.15.55:688][  0]LogConfig: Setting CVar [[r.TranslucencyVolumeBlur:0]]
[2019.05.07-01.15.55:688][  0]LogConfig: Setting CVar [[r.MaterialQualityLevel:1 ; High quality]]
[2019.05.07-01.15.55:688][  0]LogConfig: Setting CVar [[r.SSS.Scale:1]]
[2019.05.07-01.15.55:688][  0]LogConfig: Setting CVar [[r.SSS.SampleSet:2]]
[2019.05.07-01.15.55:688][  0]LogConfig: Setting CVar [[r.SSS.Quality:1]]
[2019.05.07-01.15.55:688][  0]LogConfig: Setting CVar [[r.SSS.HalfRes:1]]
[2019.05.07-01.15.55:689][  0]LogConfig: Setting CVar [[r.EmitterSpawnRateScale:1.0]]
[2019.05.07-01.15.55:689][  0]LogConfig: Setting CVar [[r.ParticleLightQuality:2]]
[2019.05.07-01.15.55:689][  0]LogConfig: Applying CVar settings from Section [FoliageQuality@3] File [D:/Desktop Files/Spring 2019/CMSC388G/CMSC388G/FinalProject/Project1/Saved/Config/Windows/Scalability.ini]
[2019.05.07-01.15.55:689][  0]LogConfig: Setting CVar [[foliage.DensityScale:1.0]]
[2019.05.07-01.15.55:689][  0]LogConfig: Setting CVar [[grass.DensityScale:1.0]]
[2019.05.07-01.15.55:689][  0]LogConfig: Applying CVar settings from Section [Startup] File [../../../Engine/Config/ConsoleVariables.ini]
[2019.05.07-01.15.55:689][  0]LogConfig: Setting CVar [[net.UseAdaptiveNetUpdateFrequency:0]]
[2019.05.07-01.15.55:689][  0]LogConfig: Applying CVar settings from Section [ConsoleVariables] File [D:/Desktop Files/Spring 2019/CMSC388G/CMSC388G/FinalProject/Project1/Saved/Config/Windows/Engine.ini]
[2019.05.07-01.15.55:689][  0]LogInit: Computer: LAPTOP-12NJ29U7
[2019.05.07-01.15.55:689][  0]LogInit: User: vhv11
[2019.05.07-01.15.55:689][  0]LogInit: CPU Page size=4096, Cores=6
[2019.05.07-01.15.55:690][  0]LogInit: High frequency timer resolution =2.156250 MHz
[2019.05.07-01.15.55:690][  0]LogMemory: Memory total: Physical=15.9GB (16GB approx)
[2019.05.07-01.15.55:690][  0]LogMemory: Platform Memory Stats for Windows
[2019.05.07-01.15.55:690][  0]LogMemory: Process Physical Memory: 106.96 MB used, 106.96 MB peak
[2019.05.07-01.15.55:690][  0]LogMemory: Process Virtual Memory: 98.02 MB used, 98.02 MB peak
[2019.05.07-01.15.55:690][  0]LogMemory: Physical Memory: 4461.41 MB used,  11795.89 MB free, 16257.30 MB total
[2019.05.07-01.15.55:690][  0]LogMemory: Virtual Memory: 4674.28 MB used,  134213056.00 MB free, 134217728.00 MB total
[2019.05.07-01.15.55:721][  0]LogInit: Using OS detected language (en-US).
[2019.05.07-01.15.55:721][  0]LogInit: Using OS detected locale (en-US).
[2019.05.07-01.15.55:722][  0]LogTextLocalizationManager: No specific localization for 'en-US' exists, so the 'en' localization will be used.
[2019.05.07-01.15.56:299][  0]LogStreaming: Display: Took  0.579s to InitEngineTextLocalization.
[2019.05.07-01.15.56:299][  0]LogInit: Setting process to per monitor DPI aware
[2019.05.07-01.15.56:360][  0]LogSlate: New Slate User Created.  User Index 0, Is Virtual User: 0
[2019.05.07-01.15.56:360][  0]LogSlate: Slate User Registered.  User Index 0, Is Virtual User: 0
[2019.05.07-01.15.56:767][  0]LogHMD: Failed to initialize OpenVR with code 110
[2019.05.07-01.15.56:767][  0]LogD3D11RHI: D3D11 adapters:
[2019.05.07-01.15.56:891][  0]LogD3D11RHI:    0. 'NVIDIA GeForce GTX 1050 Ti' (Feature Level 11_0)
[2019.05.07-01.15.56:891][  0]LogD3D11RHI:       4018/0/8128 MB DedicatedVideo/DedicatedSystem/SharedSystem, Outputs:1, VendorId:0x10de
[2019.05.07-01.15.56:921][  0]LogD3D11RHI:    1. 'Intel(R) UHD Graphics 630' (Feature Level 11_0)
[2019.05.07-01.15.56:921][  0]LogD3D11RHI:       128/0/8128 MB DedicatedVideo/DedicatedSystem/SharedSystem, Outputs:0, VendorId:0x8086
[2019.05.07-01.15.56:923][  0]LogD3D11RHI:    2. 'Microsoft Basic Render Driver' (Feature Level 11_0)
[2019.05.07-01.15.56:923][  0]LogD3D11RHI:       0/0/8128 MB DedicatedVideo/DedicatedSystem/SharedSystem, Outputs:0, VendorId:0x1414
[2019.05.07-01.15.56:923][  0]LogD3D11RHI: Chosen D3D11 Adapter: 0
[2019.05.07-01.15.56:955][  0]LogD3D11RHI: Creating new Direct3DDevice
[2019.05.07-01.15.56:955][  0]LogD3D11RHI:     GPU DeviceId: 0x1c8c (for the marketing name, search the web for "GPU Device Id")
[2019.05.07-01.15.56:955][  0]LogWindows: EnumDisplayDevices:
[2019.05.07-01.15.56:956][  0]LogWindows:    0. 'Intel(R) UHD Graphics 630' (P:1 D:1)
[2019.05.07-01.15.56:956][  0]LogWindows:    1. 'Intel(R) UHD Graphics 630' (P:0 D:0)
[2019.05.07-01.15.56:956][  0]LogWindows:    2. 'Intel(R) UHD Graphics 630' (P:0 D:0)
[2019.05.07-01.15.56:957][  0]LogWindows:    3. 'NVIDIA GeForce GTX 1050 Ti' (P:0 D:0)
[2019.05.07-01.15.56:957][  0]LogWindows:    4. 'NVIDIA GeForce GTX 1050 Ti' (P:0 D:0)
[2019.05.07-01.15.56:957][  0]LogWindows:    5. 'NVIDIA GeForce GTX 1050 Ti' (P:0 D:0)
[2019.05.07-01.15.56:957][  0]LogWindows:    6. 'NVIDIA GeForce GTX 1050 Ti' (P:0 D:0)
[2019.05.07-01.15.56:958][  0]LogWindows: DebugString: PrimaryIsNotTheChoosenAdapter PrimaryIsNotTheChoosenAdapter PrimaryIsNotTheChoosenAdapter FoundDriverCount:4 
[2019.05.07-01.15.56:958][  0]LogD3D11RHI:     Adapter Name: NVIDIA GeForce GTX 1050 Ti
[2019.05.07-01.15.56:958][  0]LogD3D11RHI:   Driver Version: 398.27 (internal:24.21.13.9827, unified:398.27)
[2019.05.07-01.15.56:958][  0]LogD3D11RHI:      Driver Date: 6-13-2018
[2019.05.07-01.15.56:958][  0]LogRHI: Texture pool is 2812 MB (70% of 4018 MB)
[2019.05.07-01.15.57:024][  0]LogD3D11RHI: Async texture creation enabled
[2019.05.07-01.15.57:055][  0]LogD3D11RHI: GPU Timing Frequency: 1000.000000 (Debug: 2 2)
[2019.05.07-01.15.57:573][  0]LogTemp: Display: Loaded TP AllDesktopTargetPlatform
[2019.05.07-01.15.57:586][  0]LogTemp: Display: Loaded TP MacClientTargetPlatform
[2019.05.07-01.15.57:616][  0]LogTemp: Display: Loaded TP MacNoEditorTargetPlatform
[2019.05.07-01.15.57:669][  0]LogTemp: Display: Loaded TP MacServerTargetPlatform
[2019.05.07-01.15.57:708][  0]LogTemp: Display: Loaded TP MacTargetPlatform
[2019.05.07-01.15.57:722][  0]LogTemp: Display: Loaded TP WindowsClientTargetPlatform
[2019.05.07-01.15.57:734][  0]LogTemp: Display: Loaded TP WindowsNoEditorTargetPlatform
[2019.05.07-01.15.57:747][  0]LogTemp: Display: Loaded TP WindowsServerTargetPlatform
[2019.05.07-01.15.57:757][  0]LogTemp: Display: Loaded TP WindowsTargetPlatform
[2019.05.07-01.15.57:916][  0]LogTemp: Display: Loaded TP AndroidTargetPlatform
[2019.05.07-01.15.57:916][  0]LogTemp: Display: Loaded TP AndroidTargetPlatform
[2019.05.07-01.15.57:916][  0]LogTemp: Display: Loaded TP AndroidTargetPlatform
[2019.05.07-01.15.57:916][  0]LogTemp: Display: Loaded TP AndroidTargetPlatform
[2019.05.07-01.15.57:916][  0]LogTemp: Display: Loaded TP AndroidTargetPlatform
[2019.05.07-01.15.57:916][  0]LogTemp: Display: Loaded TP AndroidTargetPlatform
[2019.05.07-01.15.57:916][  0]LogTemp: Display: Loaded TP AndroidTargetPlatform
[2019.05.07-01.15.57:916][  0]LogTemp: Display: Loaded TP AndroidTargetPlatform
[2019.05.07-01.15.57:916][  0]LogTemp: Display: Loaded TP AndroidTargetPlatform
[2019.05.07-01.15.57:916][  0]LogTemp: Display: Loaded TP AndroidTargetPlatform
[2019.05.07-01.15.57:916][  0]LogTemp: Display: Loaded TP AndroidTargetPlatform
[2019.05.07-01.15.57:916][  0]LogTemp: Display: Loaded TP AndroidTargetPlatform
[2019.05.07-01.15.57:916][  0]LogTemp: Display: Loaded TP AndroidTargetPlatform
[2019.05.07-01.15.57:916][  0]LogTemp: Display: Loaded TP AndroidTargetPlatform
[2019.05.07-01.15.57:916][  0]LogTemp: Display: Loaded TP AndroidTargetPlatform
[2019.05.07-01.15.57:916][  0]LogTemp: Display: Loaded TP AndroidTargetPlatform
[2019.05.07-01.15.57:916][  0]LogTemp: Display: Loaded TP AndroidTargetPlatform
[2019.05.07-01.15.57:916][  0]LogTemp: Display: Loaded TP AndroidTargetPlatform
[2019.05.07-01.15.57:917][  0]LogTemp: Display: Loaded TP HTML5TargetPlatform
[2019.05.07-01.15.57:981][  0]LogTemp: Display: Loaded TP IOSTargetPlatform
[2019.05.07-01.15.57:981][  0]LogTemp: Display: Loaded TP IOSTargetPlatform
[2019.05.07-01.15.58:012][  0]LogTemp: Display: Loaded TP TVOSTargetPlatform
[2019.05.07-01.15.58:012][  0]LogTemp: Display: Loaded TP TVOSTargetPlatform
[2019.05.07-01.15.58:029][  0]LogTemp: Display: Loaded TP LinuxClientTargetPlatform
[2019.05.07-01.15.58:040][  0]LogTemp: Display: Loaded TP LinuxNoEditorTargetPlatform
[2019.05.07-01.15.58:051][  0]LogTemp: Display: Loaded TP LinuxServerTargetPlatform
[2019.05.07-01.15.58:062][  0]LogTemp: Display: Loaded TP LinuxTargetPlatform
[2019.05.07-01.15.58:136][  0]LogTemp: Display: Loaded TP LuminTargetPlatform
[2019.05.07-01.15.58:136][  0]LogTemp: Display: Loaded TP LuminTargetPlatform
[2019.05.07-01.15.58:136][  0]LogTargetPlatformManager: Display: Building Assets For Windows
[2019.05.07-01.15.58:252][  0]LogShaderCompilers: Guid format shader working directory is -32 characters bigger than the processId version (../../../../Desktop Files/Spring 2019/CMSC388G/CMSC388G/FinalProject/Project1/Intermediate/Shaders/WorkingDirectory/15124/).
[2019.05.07-01.15.58:252][  0]LogShaderCompilers: Cleaned the shader compiler working directory 'C:/Users/vhv11/AppData/Local/Temp/UnrealShaderWorkingDir/C26CC1C64FB6536BAF890E880EF14A98/'.
[2019.05.07-01.15.58:255][  0]LogXGEController: Cleaning working directory: C:/Users/vhv11/AppData/Local/Temp/UnrealXGEWorkingDir/
[2019.05.07-01.15.58:255][  0]LogXGEController: Cannot use XGE Controller as Incredibuild is not installed on this machine.
[2019.05.07-01.15.58:255][  0]LogShaderCompilers: Cannot use XGE Shader Compiler as Incredibuild is not installed on this machine.
[2019.05.07-01.15.58:255][  0]LogShaderCompilers: Display: Using Local Shader Compiler.
[2019.05.07-01.15.59:146][  0]LogDerivedDataCache: Display: Max Cache Size: 512 MB
[2019.05.07-01.15.59:215][  0]LogDerivedDataCache: Loaded boot cache 0.07s 71MB C:/Users/vhv11/AppData/Local/UnrealEngine/4.21/DerivedDataCache/Boot.ddc.
[2019.05.07-01.15.59:215][  0]LogDerivedDataCache: Display: Loaded Boot cache: C:/Users/vhv11/AppData/Local/UnrealEngine/4.21/DerivedDataCache/Boot.ddc
[2019.05.07-01.15.59:215][  0]LogDerivedDataCache: FDerivedDataBackendGraph:  Pak pak cache file ../../../../Desktop Files/Spring 2019/CMSC388G/CMSC388G/FinalProject/Project1/DerivedDataCache/DDC.ddp not found, will not use a pak cache.
[2019.05.07-01.15.59:215][  0]LogDerivedDataCache: Unable to find inner node Pak for hierarchical cache Hierarchy.
[2019.05.07-01.15.59:215][  0]LogDerivedDataCache: FDerivedDataBackendGraph:  CompressedPak pak cache file ../../../../Desktop Files/Spring 2019/CMSC388G/CMSC388G/FinalProject/Project1/DerivedDataCache/Compressed.ddp not found, will not use a pak cache.
[2019.05.07-01.15.59:215][  0]LogDerivedDataCache: Unable to find inner node CompressedPak for hierarchical cache Hierarchy.
[2019.05.07-01.15.59:289][  0]LogDerivedDataCache: Display: Pak cache opened for reading ../../../Engine/DerivedDataCache/Compressed.ddp.
[2019.05.07-01.15.59:289][  0]LogDerivedDataCache: FDerivedDataBackendGraph:  EnterprisePak pak cache file ../../../Enterprise/DerivedDataCache/Compressed.ddp not found, will not use a pak cache.
[2019.05.07-01.15.59:289][  0]LogDerivedDataCache: Unable to find inner node EnterprisePak for hierarchical cache Hierarchy.
[2019.05.07-01.15.59:303][  0]LogDerivedDataCache: Using Local data cache path C:/Users/vhv11/AppData/Local/UnrealEngine/Common/DerivedDataCache: Writable
[2019.05.07-01.15.59:303][  0]LogDerivedDataCache: Shared data cache path not found in *engine.ini, will not use an Shared cache.
[2019.05.07-01.15.59:303][  0]LogDerivedDataCache: Unable to find inner node Shared for hierarchical cache Hierarchy.
[2019.05.07-01.15.59:333][  0]LogMaterial: Verifying Global Shaders for PCD3D_SM5
[2019.05.07-01.15.59:335][  0]LogSlate: Using FreeType 2.6.0
[2019.05.07-01.15.59:336][  0]LogSlate: SlateFontServices - WITH_FREETYPE: 1, WITH_HARFBUZZ: 1
[2019.05.07-01.15.59:461][  0]LogAssetRegistry: FAssetRegistry took 0.0654 seconds to start up
[2019.05.07-01.15.59:994][  0]LogInit: Selected Device Profile: [Windows]
[2019.05.07-01.16.00:155][  0]LogSimplygon: Simplygon DLL not present - disabling.
[2019.05.07-01.16.00:160][  0]LogMeshReduction: Using SimplygonSwarm for distributed automatic mesh merging
[2019.05.07-01.16.00:160][  0]LogMeshReduction: Using ProxyLODMeshReduction for automatic mesh merging
[2019.05.07-01.16.00:160][  0]LogMeshReduction: Using QuadricMeshReduction for automatic static mesh reduction
[2019.05.07-01.16.00:160][  0]LogMeshReduction: No automatic skeletal mesh reduction module available
[2019.05.07-01.16.00:337][  0]LogNetVersion: Project1 1.0.0, NetCL: 4541578, EngineNetVer: 5, GameNetVer: 0 (Checksum: 1836585228)
[2019.05.07-01.16.01:179][  0]LogPackageLocalizationCache: Processed 11 localized package path(s) for 2 prioritized culture(s) in 0.065108 seconds
[2019.05.07-01.16.01:185][  0]LogUObjectArray: 39775 objects as part of root set at end of initial load.
[2019.05.07-01.16.01:185][  0]LogUObjectAllocator: 6914656 out of 0 bytes used by permanent object pool.
[2019.05.07-01.16.01:185][  0]LogUObjectArray: CloseDisregardForGC: 0/0 objects in disregard for GC pool
[2019.05.07-01.16.03:176][  0]LogTcpMessaging: Initializing TcpMessaging bridge
[2019.05.07-01.16.03:190][  0]LogUdpMessaging: Initializing bridge on interface 0.0.0.0:0 to multicast group 230.0.0.1:6666.
[2019.05.07-01.16.04:509][  0]SourceControl: Source control is disabled
[2019.05.07-01.16.04:510][  0]SourceControl: Source control is disabled
[2019.05.07-01.16.04:514][  0]SourceControl: Source control is disabled
[2019.05.07-01.16.04:516][  0]SourceControl: Source control is disabled
[2019.05.07-01.16.04:709][  0]LogAndroidPermission: UAndroidPermissionCallbackProxy::GetInstance
[2019.05.07-01.16.04:796][  0]LogOcInput: OculusInput pre-init called
[2019.05.07-01.16.05:006][  0]LogEngine: Initializing Engine...
[2019.05.07-01.16.05:007][  0]LogHMD: Failed to initialize OpenVR with code 110
[2019.05.07-01.16.05:008][  0]LogStats: UGameplayTagsManager::ConstructGameplayTagTree: ImportINI prefixes -  0.000 s
[2019.05.07-01.16.05:008][  0]LogStats: UGameplayTagsManager::ConstructGameplayTagTree: Construct from data asset -  0.000 s
[2019.05.07-01.16.05:009][  0]LogStats: UGameplayTagsManager::ConstructGameplayTagTree: ImportINI -  0.000 s
[2019.05.07-01.16.05:009][  0]LogStats: UGameplayTagsManager::ConstructGameplayTagTree: GameplayTagTreeChangedEvent.Broadcast -  0.000 s
[2019.05.07-01.16.05:325][  0]LogInit: Initializing FReadOnlyCVARCache
[2019.05.07-01.16.05:380][  0]LogAIModule: Creating AISystem for world Untitled
[2019.05.07-01.16.05:430][  0]LogInit: XAudio2 using 'Speakers (Realtek(R) Audio)' : 2 channels at 48 kHz using 32 bits per sample (channel mask 0x3)
[2019.05.07-01.16.06:913][  0]LogInit: FAudioDevice initialized.
[2019.05.07-01.16.06:914][  0]LogNetVersion: Set ProjectVersion to 1.0.0.0. Version Checksum will be recalculated on next use.
[2019.05.07-01.16.07:214][  0]LogDerivedDataCache: Saved boot cache 0.30s 71MB C:/Users/vhv11/AppData/Local/UnrealEngine/4.21/DerivedDataCache/Boot.ddc.
[2019.05.07-01.16.07:247][  0]LogInit: Texture streaming: Enabled
[2019.05.07-01.16.07:276][  0]LogEngineSessionManager: EngineSessionManager initialized
[2019.05.07-01.16.07:276][  0]LogEngineSessionManager: EngineSessionManager sent abnormal shutdown report. Type=Crashed, SessionId={8FD4998E-4BA9-B76F-3C85-4C9C1CA54B43}
[2019.05.07-01.16.07:291][  0]LogInit: Transaction tracking system initialized
[2019.05.07-01.16.07:336][  0]BlueprintLog: New page: Editor Load
[2019.05.07-01.16.07:493][  0]LocalizationService: Localization service is disabled
[2019.05.07-01.16.08:182][  0]LogFileCache: Scanning file cache for directory 'D:/Desktop Files/Spring 2019/CMSC388G/CMSC388G/FinalProject/Project1/Content/' took 0.02s
[2019.05.07-01.16.08:182][  0]LogCook: Display: Max memory allowance for cook 16384mb min free memory 0mb
[2019.05.07-01.16.08:182][  0]LogCook: Display: Mobile HDR setting 1
[2019.05.07-01.16.08:182][  0]LogGameplayTags: Display: UGameplayTagsManager::DoneAddingNativeTags. DelegateIsBound: 0
[2019.05.07-01.16.08:182][  0]LogStats: UGameplayTagsManager::ConstructGameplayTagTree: ImportINI prefixes -  0.000 s
[2019.05.07-01.16.08:182][  0]LogStats: UGameplayTagsManager::ConstructGameplayTagTree: Construct from data asset -  0.000 s
[2019.05.07-01.16.08:183][  0]LogStats: UGameplayTagsManager::ConstructGameplayTagTree: ImportINI -  0.000 s
[2019.05.07-01.16.08:183][  0]LogStats: UGameplayTagsManager::ConstructGameplayTagTree: GameplayTagTreeChangedEvent.Broadcast -  0.000 s
[2019.05.07-01.16.08:407][  0]SourceControl: Source control is disabled
[2019.05.07-01.16.08:408][  0]Cmd: MAP LOAD FILE="../../../Engine/Content/Maps/Templates/Template_Default.umap" TEMPLATE=1 SHOWPROGRESS=1 FEATURELEVEL=3
[2019.05.07-01.16.08:408][  0]LightingResults: New page: Lighting Build
[2019.05.07-01.16.08:411][  0]MapCheck: New page: Map Check
[2019.05.07-01.16.08:411][  0]LightingResults: New page: Lighting Build
[2019.05.07-01.16.08:770][  0]LogAIModule: Creating AISystem for world Untitled_1
[2019.05.07-01.16.08:775][  0]LogEditorServer: Finished looking for orphan Actors (0.000 secs)
[2019.05.07-01.16.08:828][  0]Cmd: MAP CHECKDEP NOCLEARLOG
[2019.05.07-01.16.08:829][  0]MapCheck: Map check complete: 0 Error(s), 0 Warning(s), took 0.358ms to complete.
[2019.05.07-01.16.08:829][  0]LogFileHelpers: Loading map 'Template_Default' took 0.422
[2019.05.07-01.16.08:976][  0]LogSlate: Updating window title bar state: overlay mode, drag disabled, window buttons hidden, title bar hidden
[2019.05.07-01.16.08:982][  0]LogSlate: Updating window title bar state: overlay mode, drag disabled, window buttons hidden, title bar hidden
[2019.05.07-01.16.08:988][  0]LogSlate: Updating window title bar state: overlay mode, drag disabled, window buttons hidden, title bar hidden
[2019.05.07-01.16.08:994][  0]LogSlate: Updating window title bar state: overlay mode, drag disabled, window buttons hidden, title bar hidden
[2019.05.07-01.16.09:001][  0]LogCollectionManager: Loaded 0 collections in 0.002310 seconds
[2019.05.07-01.16.09:044][  0]LogFileCache: Scanning file cache for directory 'D:/Desktop Files/Spring 2019/CMSC388G/CMSC388G/FinalProject/Project1/Saved/Collections/' took 0.01s
[2019.05.07-01.16.09:045][  0]LogFileCache: Scanning file cache for directory 'D:/Desktop Files/Spring 2019/CMSC388G/CMSC388G/FinalProject/Project1/Content/Developers/vhv11/Collections/' took 0.01s
[2019.05.07-01.16.09:045][  0]LogFileCache: Scanning file cache for directory 'D:/Desktop Files/Spring 2019/CMSC388G/CMSC388G/FinalProject/Project1/Content/Collections/' took 0.00s
[2019.05.07-01.16.09:045][  0]LogCollectionManager: Rebuilt the GUID cache for 0 collections in 0.000000 seconds
[2019.05.07-01.16.09:085][  0]LogContentBrowser: Native class hierarchy populated in 0.0396 seconds. Added 2655 classes and 622 folders.
[2019.05.07-01.16.09:115][  0]LogContentBrowser: Native class hierarchy updated for 'WidgetCarousel' in 0.0016 seconds. Added 0 classes and 0 folders.
[2019.05.07-01.16.09:122][  0]LogPakFile: Registered encryption key '00000000000000000000000000000000': 0 pak files mounted, 0 remain pending
[2019.05.07-01.16.09:124][  0]LogPakFile: Registered encryption key '00000000000000000000000000000000': 0 pak files mounted, 0 remain pending
[2019.05.07-01.16.09:125][  0]LogPakFile: Registered encryption key '00000000000000000000000000000000': 0 pak files mounted, 0 remain pending
[2019.05.07-01.16.09:126][  0]LogPakFile: Registered encryption key '00000000000000000000000000000000': 0 pak files mounted, 0 remain pending
[2019.05.07-01.16.09:127][  0]LogPakFile: Registered encryption key '00000000000000000000000000000000': 0 pak files mounted, 0 remain pending
[2019.05.07-01.16.09:128][  0]LogPakFile: Registered encryption key '00000000000000000000000000000000': 0 pak files mounted, 0 remain pending
[2019.05.07-01.16.09:129][  0]LogPakFile: Registered encryption key '00000000000000000000000000000000': 0 pak files mounted, 0 remain pending
[2019.05.07-01.16.09:131][  0]LogPakFile: Registered encryption key '00000000000000000000000000000000': 0 pak files mounted, 0 remain pending
[2019.05.07-01.16.09:131][  0]LogPakFile: Registered encryption key '00000000000000000000000000000000': 0 pak files mounted, 0 remain pending
[2019.05.07-01.16.09:132][  0]LogPakFile: Registered encryption key '00000000000000000000000000000000': 0 pak files mounted, 0 remain pending
[2019.05.07-01.16.09:133][  0]LogPakFile: Registered encryption key '00000000000000000000000000000000': 0 pak files mounted, 0 remain pending
[2019.05.07-01.16.09:134][  0]LogPakFile: Registered encryption key '00000000000000000000000000000000': 0 pak files mounted, 0 remain pending
[2019.05.07-01.16.09:135][  0]LogPakFile: Registered encryption key '00000000000000000000000000000000': 0 pak files mounted, 0 remain pending
[2019.05.07-01.16.09:135][  0]LogPakFile: Registered encryption key '00000000000000000000000000000000': 0 pak files mounted, 0 remain pending
[2019.05.07-01.16.09:137][  0]LogPakFile: Registered encryption key '00000000000000000000000000000000': 0 pak files mounted, 0 remain pending
[2019.05.07-01.16.09:137][  0]LogPakFile: Registered encryption key '00000000000000000000000000000000': 0 pak files mounted, 0 remain pending
[2019.05.07-01.16.09:137][  0]LogPakFile: Registered encryption key '00000000000000000000000000000000': 0 pak files mounted, 0 remain pending
[2019.05.07-01.16.09:138][  0]LogPakFile: Registered encryption key '00000000000000000000000000000000': 0 pak files mounted, 0 remain pending
[2019.05.07-01.16.09:139][  0]LogPakFile: Registered encryption key '00000000000000000000000000000000': 0 pak files mounted, 0 remain pending
[2019.05.07-01.16.09:139][  0]LogPakFile: Registered encryption key '00000000000000000000000000000000': 0 pak files mounted, 0 remain pending
[2019.05.07-01.16.09:140][  0]LogPakFile: Registered encryption key '00000000000000000000000000000000': 0 pak files mounted, 0 remain pending
[2019.05.07-01.16.09:141][  0]LogPakFile: Registered encryption key '00000000000000000000000000000000': 0 pak files mounted, 0 remain pending
[2019.05.07-01.16.09:141][  0]LogPakFile: Registered encryption key '00000000000000000000000000000000': 0 pak files mounted, 0 remain pending
[2019.05.07-01.16.09:142][  0]LogPakFile: Registered encryption key '00000000000000000000000000000000': 0 pak files mounted, 0 remain pending
[2019.05.07-01.16.09:143][  0]LogPakFile: Registered encryption key '00000000000000000000000000000000': 0 pak files mounted, 0 remain pending
[2019.05.07-01.16.09:143][  0]LogPakFile: Registered encryption key '00000000000000000000000000000000': 0 pak files mounted, 0 remain pending
[2019.05.07-01.16.09:192][  0]LogContentBrowser: Native class hierarchy updated for 'AddContentDialog' in 0.0004 seconds. Added 0 classes and 0 folders.
[2019.05.07-01.16.09:197][  0]LogContentBrowser: Native class hierarchy updated for 'SceneOutliner' in 0.0004 seconds. Added 1 classes and 2 folders.
[2019.05.07-01.16.09:333][  0]LogSlate: Took 0.000343 seconds to synchronously load lazily loaded font '../../../Engine/Content/Slate/Fonts/Roboto-Regular.ttf' (155K)
[2019.05.07-01.16.09:336][  0]LogSlate: Took 0.000317 seconds to synchronously load lazily loaded font '../../../Engine/Content/Slate/Fonts/Roboto-Bold.ttf' (160K)
[2019.05.07-01.16.09:356][  0]LogSlate: Took 0.000629 seconds to synchronously load lazily loaded font '../../../Engine/Content/Editor/Slate/Fonts/FontAwesome.ttf' (139K)
[2019.05.07-01.16.09:507][  0]LogRenderer: Reallocating scene render targets to support 940x436 Format 26 NumSamples 1 (Frame:1).
[2019.05.07-01.16.09:700][  0]LogContentBrowser: Native class hierarchy updated for 'HierarchicalLODOutliner' in 0.0016 seconds. Added 0 classes and 0 folders.
[2019.05.07-01.16.09:700][  0]LogLoad: (Engine Initialization) Total time: 18.18 seconds
[2019.05.07-01.16.09:701][  0]LogLoad: (Engine Initialization) Total Blueprint compile time: 0.00 seconds
[2019.05.07-01.16.09:726][  0]LogWindowsTextInputMethodSystem: Display: IME system now deactivated.
[2019.05.07-01.16.09:775][  0]LogContentStreaming: Texture pool size now 1000 MB
[2019.05.07-01.16.10:146][  3]LogAssetRegistry: Asset discovery search completed in 10.7090 seconds
[2019.05.07-01.16.10:147][  3]LogCollectionManager: Rebuilt the object cache for 0 collections in 0.000000 seconds (found 0 objects)
[2019.05.07-01.16.10:147][  3]LogCollectionManager: Fixed up redirectors for 0 collections in 0.000045 seconds (updated 0 objects)
[2019.05.07-01.16.13:823][115]LogSlate: Took 0.000267 seconds to synchronously load lazily loaded font '../../../Engine/Content/Slate/Fonts/Roboto-Light.ttf' (167K)
[2019.05.07-01.16.16:151][172]LogSlate: FSceneViewport::OnFocusLost() reason 0
[2019.05.07-01.16.16:416][175]LogSlate: Took 0.000514 seconds to synchronously load lazily loaded font '../../../Engine/Content/Slate/Fonts/Roboto-Light.ttf' (167K)
[2019.05.07-01.16.16:731][175]LogBlueprint: Warning: [Compiler MotionControllerPawn] Get Input Axis references unknown Axis 'MotionControllerThumbRight_X' for  Get MotionControllerThumbRight_X
[2019.05.07-01.16.16:731][175]LogBlueprint: Warning: [Compiler MotionControllerPawn] Get Input Axis references unknown Axis 'MotionControllerThumbRight_Y' for  Get MotionControllerThumbRight_Y
[2019.05.07-01.16.16:731][175]LogBlueprint: Warning: [Compiler MotionControllerPawn] Get Input Axis references unknown Axis 'MotionControllerThumbLeft_Y' for  Get MotionControllerThumbLeft_Y
[2019.05.07-01.16.16:731][175]LogBlueprint: Warning: [Compiler MotionControllerPawn] Get Input Axis references unknown Axis 'MotionControllerThumbLeft_X' for  Get MotionControllerThumbLeft_X
[2019.05.07-01.16.16:732][175]LogBlueprint: Warning: [Compiler MotionControllerPawn] InputAction Event references unknown Action 'TeleportRight' for  InputAction TeleportRight
[2019.05.07-01.16.16:732][175]LogBlueprint: Warning: [Compiler MotionControllerPawn] InputAction Event references unknown Action 'TeleportLeft' for  InputAction TeleportLeft
[2019.05.07-01.16.16:742][175]LogBlueprint: Warning: [Compiler MotionControllerPawn] [0025.22] Compile of MotionControllerPawn successful, but with 6 Warning(s) [in 18 ms] (/Game/VirtualRealityBP/Blueprints/MotionControllerPawn.MotionControllerPawn)
[2019.05.07-01.16.17:082][175]LogAIModule: Creating AISystem for world MotionControllerMap
[2019.05.07-01.16.17:093][175]LogAssetEditorManager: Opening Asset editor for World /Game/VirtualRealityBP/Maps/MotionControllerMap.MotionControllerMap
[2019.05.07-01.16.17:147][175]Cmd: MAP LOAD FILE="../../../../Desktop Files/Spring 2019/CMSC388G/CMSC388G/FinalProject/Project1/Content/VirtualRealityBP/Maps/MotionControllerMap.umap" TEMPLATE=0 SHOWPROGRESS=1 FEATURELEVEL=3
[2019.05.07-01.16.17:147][175]LightingResults: New page: Lighting Build
[2019.05.07-01.16.17:148][175]LoadErrors: New page: Loading map: MotionControllerMap.umap
[2019.05.07-01.16.17:148][175]MapCheck: New page: Map Check
[2019.05.07-01.16.17:148][175]LightingResults: New page: Lighting Build
[2019.05.07-01.16.17:283][175]LogEditorServer: Finished looking for orphan Actors (0.000 secs)
[2019.05.07-01.16.17:385][175]Cmd: MAP CHECKDEP NOCLEARLOG
[2019.05.07-01.16.17:386][175]MapCheck: Map check complete: 0 Error(s), 0 Warning(s), took 0.128ms to complete.
[2019.05.07-01.16.17:386][175]LogFileHelpers: Loading map 'MotionControllerMap' took 0.240
[2019.05.07-01.16.36:229][748]LogPhysics: Warning: Found bad index buffer when cooking UModelComponent physics data! Component: /Game/VirtualRealityBP/Maps/MotionControllerMap.MotionControllerMap:PersistentLevel.ModelComponent_16, Buffer: 63ac22a0, Buffer Size: 0, Element: 1
[2019.05.07-01.16.36:229][748]LogPhysics: Warning: Found bad index buffer when cooking UModelComponent physics data! Component: /Game/VirtualRealityBP/Maps/MotionControllerMap.MotionControllerMap:PersistentLevel.ModelComponent_16, Buffer: 63ac2250, Buffer Size: 0, Element: 2
[2019.05.07-01.16.36:230][748]LogPhysics: Warning: Found bad index buffer when cooking UModelComponent physics data! Component: /Game/VirtualRealityBP/Maps/MotionControllerMap.MotionControllerMap:PersistentLevel.ModelComponent_16, Buffer: 63ac22f0, Buffer Size: 0, Element: 3
[2019.05.07-01.16.36:232][748]LogPhysics: Warning: Found bad index buffer when cooking UModelComponent physics data! Component: /Game/VirtualRealityBP/Maps/MotionControllerMap.MotionControllerMap:PersistentLevel.ModelComponent_17, Buffer: 63ac22f0, Buffer Size: 0, Element: 1
[2019.05.07-01.16.36:232][748]LogPhysics: Warning: Found bad index buffer when cooking UModelComponent physics data! Component: /Game/VirtualRealityBP/Maps/MotionControllerMap.MotionControllerMap:PersistentLevel.ModelComponent_17, Buffer: 63ac2250, Buffer Size: 0, Element: 2
[2019.05.07-01.16.36:234][748]LogPhysics: Warning: Found bad index buffer when cooking UModelComponent physics data! Component: /Game/VirtualRealityBP/Maps/MotionControllerMap.MotionControllerMap:PersistentLevel.ModelComponent_18, Buffer: 63ac2250, Buffer Size: 0, Element: 1
[2019.05.07-01.16.36:236][748]LogPhysics: Warning: Found bad index buffer when cooking UModelComponent physics data! Component: /Game/VirtualRealityBP/Maps/MotionControllerMap.MotionControllerMap:PersistentLevel.ModelComponent_19, Buffer: 63ac22f0, Buffer Size: 0, Element: 1
[2019.05.07-01.16.36:238][748]LogPhysics: Warning: Found bad index buffer when cooking UModelComponent physics data! Component: /Game/VirtualRealityBP/Maps/MotionControllerMap.MotionControllerMap:PersistentLevel.ModelComponent_20, Buffer: 63ac22f0, Buffer Size: 0, Element: 1
[2019.05.07-01.16.36:242][748]LogPhysics: Warning: Found bad index buffer when cooking UModelComponent physics data! Component: /Game/VirtualRealityBP/Maps/MotionControllerMap.MotionControllerMap:PersistentLevel.ModelComponent_22, Buffer: 63ac22f0, Buffer Size: 0, Element: 1
[2019.05.07-01.16.36:242][748]LogPhysics: Warning: Found bad index buffer when cooking UModelComponent physics data! Component: /Game/VirtualRealityBP/Maps/MotionControllerMap.MotionControllerMap:PersistentLevel.ModelComponent_22, Buffer: 63ac22a0, Buffer Size: 0, Element: 2
[2019.05.07-01.16.36:244][748]LogPhysics: Warning: Found bad index buffer when cooking UModelComponent physics data! Component: /Game/VirtualRealityBP/Maps/MotionControllerMap.MotionControllerMap:PersistentLevel.ModelComponent_23, Buffer: 63ac22f0, Buffer Size: 0, Element: 1
[2019.05.07-01.16.36:249][748]LogPhysics: Warning: Found bad index buffer when cooking UModelComponent physics data! Component: /Game/VirtualRealityBP/Maps/MotionControllerMap.MotionControllerMap:PersistentLevel.ModelComponent_25, Buffer: 63ac22f0, Buffer Size: 0, Element: 1
[2019.05.07-01.16.36:249][748]LogPhysics: Warning: Found bad index buffer when cooking UModelComponent physics data! Component: /Game/VirtualRealityBP/Maps/MotionControllerMap.MotionControllerMap:PersistentLevel.ModelComponent_25, Buffer: 63ac2250, Buffer Size: 0, Element: 2
[2019.05.07-01.16.36:252][748]LogPhysics: Warning: Found bad index buffer when cooking UModelComponent physics data! Component: /Game/VirtualRealityBP/Maps/MotionControllerMap.MotionControllerMap:PersistentLevel.ModelComponent_26, Buffer: 63ac22f0, Buffer Size: 0, Element: 1
[2019.05.07-01.16.36:252][748]LogPhysics: Warning: Found bad index buffer when cooking UModelComponent physics data! Component: /Game/VirtualRealityBP/Maps/MotionControllerMap.MotionControllerMap:PersistentLevel.ModelComponent_26, Buffer: 63ac2250, Buffer Size: 0, Element: 2
[2019.05.07-01.16.36:254][748]LogPhysics: Warning: Found bad index buffer when cooking UModelComponent physics data! Component: /Game/VirtualRealityBP/Maps/MotionControllerMap.MotionControllerMap:PersistentLevel.ModelComponent_27, Buffer: 63ac22f0, Buffer Size: 0, Element: 1
[2019.05.07-01.16.36:256][748]LogPhysics: Warning: Found bad index buffer when cooking UModelComponent physics data! Component: /Game/VirtualRealityBP/Maps/MotionControllerMap.MotionControllerMap:PersistentLevel.ModelComponent_28, Buffer: 63ac22a0, Buffer Size: 0, Element: 1
[2019.05.07-01.16.36:256][748]LogPhysics: Warning: Found bad index buffer when cooking UModelComponent physics data! Component: /Game/VirtualRealityBP/Maps/MotionControllerMap.MotionControllerMap:PersistentLevel.ModelComponent_28, Buffer: 63ac22f0, Buffer Size: 0, Element: 3
[2019.05.07-01.16.36:258][748]LogPhysics: Warning: Found bad index buffer when cooking UModelComponent physics data! Component: /Game/VirtualRealityBP/Maps/MotionControllerMap.MotionControllerMap:PersistentLevel.ModelComponent_29, Buffer: 63ac22a0, Buffer Size: 0, Element: 0
[2019.05.07-01.16.36:258][748]LogPhysics: Warning: Found bad index buffer when cooking UModelComponent physics data! Component: /Game/VirtualRealityBP/Maps/MotionControllerMap.MotionControllerMap:PersistentLevel.ModelComponent_29, Buffer: 63ac22f0, Buffer Size: 0, Element: 2
[2019.05.07-01.16.36:258][748]LogPhysics: Warning: Found bad index buffer when cooking UModelComponent physics data! Component: /Game/VirtualRealityBP/Maps/MotionControllerMap.MotionControllerMap:PersistentLevel.ModelComponent_29, Buffer: 63ac22f0, Buffer Size: 0, Element: 5
[2019.05.07-01.16.36:260][748]LogPhysics: Warning: Found bad index buffer when cooking UModelComponent physics data! Component: /Game/VirtualRealityBP/Maps/MotionControllerMap.MotionControllerMap:PersistentLevel.ModelComponent_30, Buffer: 63ac22a0, Buffer Size: 0, Element: 0
[2019.05.07-01.16.36:261][748]LogPhysics: Warning: Found bad index buffer when cooking UModelComponent physics data! Component: /Game/VirtualRealityBP/Maps/MotionControllerMap.MotionControllerMap:PersistentLevel.ModelComponent_30, Buffer: 63ac22f0, Buffer Size: 0, Element: 2
[2019.05.07-01.16.36:261][748]LogPhysics: Warning: Found bad index buffer when cooking UModelComponent physics data! Component: /Game/VirtualRealityBP/Maps/MotionControllerMap.MotionControllerMap:PersistentLevel.ModelComponent_30, Buffer: 63ac22f0, Buffer Size: 0, Element: 5
[2019.05.07-01.16.36:262][748]LogPhysics: Warning: Found bad index buffer when cooking UModelComponent physics data! Component: /Game/VirtualRealityBP/Maps/MotionControllerMap.MotionControllerMap:PersistentLevel.ModelComponent_31, Buffer: 63ac22a0, Buffer Size: 0, Element: 1
[2019.05.07-01.16.36:262][748]LogPhysics: Warning: Found bad index buffer when cooking UModelComponent physics data! Component: /Game/VirtualRealityBP/Maps/MotionControllerMap.MotionControllerMap:PersistentLevel.ModelComponent_31, Buffer: 63ac2250, Buffer Size: 0, Element: 2
[2019.05.07-01.16.44:345][984]LogSlate: FSceneViewport::OnFocusLost() reason 0
[2019.05.07-01.16.44:546][985]LogActorFactory: Actor Factory created Cube
[2019.05.07-01.16.46:331][ 37]LogActorFactory: Actor Factory created Cube
[2019.05.07-01.16.52:731][223]LogSlate: FSceneViewport::OnFocusLost() reason 0
[2019.05.07-01.16.58:145][454]LogSlate: Took 0.000710 seconds to synchronously load lazily loaded font '../../../Engine/Content/Slate/Fonts/Roboto-Italic.ttf' (157K)
[2019.05.07-01.17.15:447][962]LogD3D11RHI: Error: Result failed 
 at D:\Build\++UE4\Sync\Engine\Source\Runtime\Windows\D3D11RHI\Private\D3D11Query.cpp:140 
 with error DXGI_ERROR_DEVICE_REMOVED DXGI_ERROR_DEVICE_HUNG
[2019.05.07-01.17.15:447][962]LogD3D11RHI: [Aftermath] GDynamicRHI=0000024749B18140, GDX11NVAfterMathEnabled=0, Result=0xFFFFFFFF, bDeviceActive=0
[2019.05.07-01.17.15:447][962]LogWindows: Windows GetLastError: The operation completed successfully. (0)
[2019.05.07-01.17.17:445][962]LogRHI: Error: SyncInterval 0
[2019.05.07-01.17.17:445][962]LogRHI: Error: SwapChainDesc.BufferDesc.Width 1938
[2019.05.07-01.17.17:445][962]LogRHI: Error: SwapChainDesc.BufferDesc.Height 1048
[2019.05.07-01.17.17:445][962]LogRHI: Error: SwapChainDesc.BufferDesc.RefreshRate.Numerator 0
[2019.05.07-01.17.17:445][962]LogRHI: Error: SwapChainDesc.BufferDesc.RefreshRate.Denominator 0
[2019.05.07-01.17.17:445][962]LogRHI: Error: SwapChainDesc.BufferDesc.Format 24
[2019.05.07-01.17.17:445][962]LogRHI: Error: SwapChainDesc.BufferDesc.ScanlineOrdering 0
[2019.05.07-01.17.17:445][962]LogRHI: Error: SwapChainDesc.BufferDesc.Scaling 0
[2019.05.07-01.17.17:445][962]LogRHI: Error: SwapChainDesc.SampleDesc.Count 1
[2019.05.07-01.17.17:445][962]LogRHI: Error: SwapChainDesc.SampleDesc.Quality 0
[2019.05.07-01.17.17:445][962]LogRHI: Error: SwapChainDesc.BufferUsage 48
[2019.05.07-01.17.17:445][962]LogRHI: Error: SwapChainDesc.BufferCount 1
[2019.05.07-01.17.17:445][962]LogRHI: Error: SwapChainDesc.OutputWindow 00000000004C04BA
[2019.05.07-01.17.17:445][962]LogRHI: Error: SwapChainDesc.Windowed true
[2019.05.07-01.17.17:446][962]LogRHI: Error: SwapChainDesc.SwapEffect 0
[2019.05.07-01.17.17:446][962]LogRHI: Error: SwapChainDesc.Flags 2
[2019.05.07-01.17.17:446][962]LogD3D11RHI: Error: Result failed 
 at D:\Build\++UE4\Sync\Engine\Source\Runtime\Windows\D3D11RHI\Private\D3D11Viewport.cpp:361 
 with error DXGI_ERROR_DEVICE_REMOVED DXGI_ERROR_DEVICE_HUNG
[2019.05.07-01.17.17:446][962]LogD3D11RHI: [Aftermath] GDynamicRHI=0000024749B18140, GDX11NVAfterMathEnabled=0, Result=0xFFFFFFFF, bDeviceActive=0
[2019.05.07-01.17.17:446][962]LogWindows: FPlatformMisc::RequestExit(1)
[2019.05.07-01.17.17:446][962]LogOutputDevice: Warning: 

Script Stack (0 frames):

[2019.05.07-01.17.17:447][962]Log file closed, 05/06/19 21:17:17
