Log file open, 03/14/19 18:18:17
LogWindows: Failed to load 'aqProf.dll' (GetLastError=126)
LogWindows: File 'aqProf.dll' does not exist
LogWindows: Failed to load 'VtuneApi.dll' (GetLastError=126)
LogWindows: File 'VtuneApi.dll' does not exist
LogWindows: Failed to load 'VtuneApi32e.dll' (GetLastError=126)
LogWindows: File 'VtuneApi32e.dll' does not exist
LogConsoleResponse: Display: Failed to find resolution value strings in scalability ini. Falling back to default.
LogInit: Display: Running engine for game: Project1
LogPakFile: Registered encryption key '00000000000000000000000000000000': 0 pak files mounted, 0 remain pending
LogPlatformFile: Not using cached read wrapper
LogTaskGraph: Started task graph with 5 named threads and 23 total threads with 3 sets of task threads.
LogStats: Stats thread started at 0.384731
LogD3D11RHI: Loaded GFSDK_Aftermath_Lib.x64.dll
LogICUInternationalization: ICU TimeZone Detection - Raw Offset: -5:00, Platform Override: ''
LogPluginManager: Mounting plugin Paper2D
LogPluginManager: Mounting plugin AISupport
LogPluginManager: Mounting plugin LightPropagationVolume
LogPluginManager: Mounting plugin ActorLayerUtilities
LogPluginManager: Mounting plugin CLionSourceCodeAccess
LogPluginManager: Mounting plugin CodeLiteSourceCodeAccess
LogPluginManager: Mounting plugin GitSourceControl
LogPluginManager: Mounting plugin KDevelopSourceCodeAccess
LogPluginManager: Mounting plugin NullSourceCodeAccess
LogPluginManager: Mounting plugin PerforceSourceControl
LogPluginManager: Mounting plugin SubversionSourceControl
LogPluginManager: Mounting plugin UObjectPlugin
LogPluginManager: Mounting plugin VisualStudioCodeSourceCodeAccess
LogPluginManager: Mounting plugin VisualStudioSourceCodeAccess
LogPluginManager: Mounting plugin XCodeSourceCodeAccess
LogPluginManager: Mounting plugin AssetManagerEditor
LogPluginManager: Mounting plugin CryptoKeys
LogPluginManager: Mounting plugin DataValidation
LogPluginManager: Mounting plugin FacialAnimation
LogPluginManager: Mounting plugin GameplayTagsEditor
LogPluginManager: Mounting plugin MacGraphicsSwitching
LogPluginManager: Mounting plugin MeshEditor
LogPluginManager: Mounting plugin MobileLauncherProfileWizard
LogPluginManager: Mounting plugin PluginBrowser
LogPluginManager: Mounting plugin SpeedTreeImporter
LogPluginManager: Mounting plugin DatasmithContent
LogPluginManager: Mounting plugin VariantManagerContent
LogPluginManager: Mounting plugin AlembicImporter
LogPluginManager: Mounting plugin AppleImageUtils
LogPluginManager: Mounting plugin AppleVision
LogPluginManager: Mounting plugin BackChannel
LogPluginManager: Mounting plugin CharacterAI
LogPluginManager: Mounting plugin GeometryCache
LogPluginManager: Mounting plugin HTML5Networking
LogPluginManager: Mounting plugin ProxyLODPlugin
LogPluginManager: Mounting plugin MagicLeap
LogPluginManager: Mounting plugin MagicLeapMedia
LogPluginManager: Mounting plugin AndroidMedia
LogPluginManager: Mounting plugin AvfMedia
LogPluginManager: Mounting plugin ImgMedia
LogPluginManager: Mounting plugin LinearTimecode
LogPluginManager: Mounting plugin MediaCompositing
LogPluginManager: Mounting plugin MediaPlayerEditor
LogPluginManager: Mounting plugin WebMMedia
LogPluginManager: Mounting plugin WmfMedia
LogPluginManager: Mounting plugin TcpMessaging
LogPluginManager: Mounting plugin UdpMessaging
LogPluginManager: Mounting plugin ActorSequence
LogPluginManager: Mounting plugin LevelSequenceEditor
LogPluginManager: Mounting plugin MatineeToLevelSequence
LogPluginManager: Mounting plugin NetcodeUnitTest
LogPluginManager: Mounting plugin NUTUnrealEngine4
LogPluginManager: Mounting plugin OnlineSubsystemGooglePlay
LogPluginManager: Mounting plugin OnlineSubsystemIOS
LogPluginManager: Mounting plugin OnlineSubsystem
LogPluginManager: Mounting plugin OnlineSubsystemNull
LogPluginManager: Mounting plugin OnlineSubsystemUtils
LogPluginManager: Mounting plugin LauncherChunkInstaller
LogPluginManager: Mounting plugin AndroidDeviceProfileSelector
LogPluginManager: Mounting plugin AndroidMoviePlayer
LogPluginManager: Mounting plugin AndroidPermission
LogPluginManager: Mounting plugin AppleMoviePlayer
LogPluginManager: Mounting plugin ArchVisCharacter
LogPluginManager: Mounting plugin AudioCapture
LogPluginManager: Mounting plugin CableComponent
LogPluginManager: Mounting plugin CustomMeshComponent
LogPluginManager: Mounting plugin EditableMesh
LogPluginManager: Mounting plugin ExampleDeviceProfileSelector
LogPluginManager: Mounting plugin Firebase
LogPluginManager: Mounting plugin GoogleCloudMessaging
LogPluginManager: Mounting plugin IOSDeviceProfileSelector
LogPluginManager: Mounting plugin LinuxDeviceProfileSelector
LogPluginManager: Mounting plugin LocationServicesBPLibrary
LogPluginManager: Mounting plugin MobilePatchingUtils
LogPluginManager: Mounting plugin OculusVR
LogPluginManager: Mounting plugin PhysXVehicles
LogPluginManager: Mounting plugin ProceduralMeshComponent
LogPluginManager: Mounting plugin RuntimePhysXCooking
LogPluginManager: Mounting plugin SteamVR
LogPluginManager: Mounting plugin WebMMoviePlayer
LogPluginManager: Mounting plugin WindowsMoviePlayer
LogStreaming: Display: Took  1.037s to configure plugins.
LogInit: Using libcurl 7.55.1-DEV
LogInit:  - built for x86_64-pc-win32
LogInit:  - supports SSL with OpenSSL/1.0.2h
LogInit:  - supports HTTP deflate (compression) using libz 1.2.8
LogInit:  - other features:
LogInit:      CURL_VERSION_SSL
LogInit:      CURL_VERSION_LIBZ
LogInit:      CURL_VERSION_IPV6
LogInit:      CURL_VERSION_ASYNCHDNS
LogInit:      CURL_VERSION_LARGEFILE
LogInit:      CURL_VERSION_IDN
LogInit:  CurlRequestOptions (configurable via config and command line):
LogInit:  - bVerifyPeer = true  - Libcurl will verify peer certificate
LogInit:  - bUseHttpProxy = false  - Libcurl will NOT use HTTP proxy
LogInit:  - bDontReuseConnections = false  - Libcurl will reuse connections
LogInit:  - MaxHostConnections = 16  - Libcurl will limit the number of connections to a host
LogInit:  - LocalHostAddr = Default
LogInit:  - BufferSize = 65536
LogInit: WinSock: version 1.1 (2.2), MaxSocks=32767, MaxUdp=65467
LogHMD: Failed initializing OVRPlugin 1.28.0
LogInit: Build: ++UE4+Release-4.21-CL-4753647
LogInit: Engine Version: 4.21.2-4753647+++UE4+Release-4.21
LogInit: Compatible Engine Version: 4.21.0-4541578+++UE4+Release-4.21
LogInit: Net CL: 4541578
LogInit: OS: Windows 10 (), CPU:         Intel(R) Core(TM) i7-3770 CPU @ 3.40GHz, GPU: NVIDIA GeForce GTX 1060 6GB
LogInit: Compiled (64-bit): Jan 19 2019 02:07:31
LogInit: Compiled with Visual C++: 19.13.26129.00
LogInit: Build Configuration: Development
LogInit: Branch Name: ++UE4+Release-4.21
LogInit: Command Line: 
LogInit: Base Directory: C:/Program Files/Epic Games/UE_4.21/Engine/Binaries/Win64/
LogInit: Installed Engine Build: 1
LogDevObjectVersion: Number of dev versions registered: 22
LogDevObjectVersion:   Dev-Blueprints (B0D832E4-1F89-4F0D-ACCF-7EB736FD4AA2): 10
LogDevObjectVersion:   Dev-Build (E1C64328-A22C-4D53-A36C-8E866417BD8C): 0
LogDevObjectVersion:   Dev-Core (375EC13C-06E4-48FB-B500-84F0262A717E): 2
LogDevObjectVersion:   Dev-Editor (E4B068ED-F494-42E9-A231-DA0B2E46BB41): 26
LogDevObjectVersion:   Dev-Framework (CFFC743F-43B0-4480-9391-14DF171D2073): 34
LogDevObjectVersion:   Dev-Mobile (B02B49B5-BB20-44E9-A304-32B752E40360): 2
LogDevObjectVersion:   Dev-Networking (A4E4105C-59A1-49B5-A7C5-40C4547EDFEE): 0
LogDevObjectVersion:   Dev-Online (39C831C9-5AE6-47DC-9A44-9C173E1C8E7C): 0
LogDevObjectVersion:   Dev-Physics (78F01B33-EBEA-4F98-B9B4-84EACCB95AA2): 0
LogDevObjectVersion:   Dev-Platform (6631380F-2D4D-43E0-8009-CF276956A95A): 0
LogDevObjectVersion:   Dev-Rendering (12F88B9F-8875-4AFC-A67C-D90C383ABD29): 27
LogDevObjectVersion:   Dev-Sequencer (7B5AE74C-D270-4C10-A958-57980B212A5A): 9
LogDevObjectVersion:   Dev-VR (D7296918-1DD6-4BDD-9DE2-64A83CC13884): 2
LogDevObjectVersion:   Dev-LoadTimes (C2A15278-BFE7-4AFE-6C17-90FF531DF755): 1
LogDevObjectVersion:   Private-Geometry (6EACA3D4-40EC-4CC1-B786-8BED09428FC5): 3
LogDevObjectVersion:   Dev-AnimPhys (29E575DD-E0A3-4627-9D10-D276232CDCEA): 17
LogDevObjectVersion:   Dev-Anim (AF43A65D-7FD3-4947-9873-3E8ED9C1BB05): 2
LogDevObjectVersion:   Dev-ReflectionCapture (6B266CEC-1EC7-4B8F-A30B-E4D90942FC07): 1
LogDevObjectVersion:   Dev-Automation (0DF73D61-A23F-47EA-B727-89E90C41499A): 1
LogDevObjectVersion:   FortniteMain (601D1886-AC64-4F84-AA16-D3DE0DEAC7D6): 17
LogDevObjectVersion:   Dev-Enterprise (9DFFBCD6-494F-0158-E221-12823C92A888): 4
LogDevObjectVersion:   Dev-Niagara (F2AED0AC-9AFE-416F-8664-AA7FFA26D6FC): 1
LogStreaming: Display: Took  0.008s to delete old logs.
LogInit: Presizing for max 8388607 objects, including 0 objects not considered by GC, pre-allocating 0 bytes for permanent pool.
LogInit: Object subsystem initialized
LogConfig: Setting CVar [[con.DebugEarlyDefault:1]]
LogConfig: Setting CVar [[r.setres:1280x720]]
[2019.03.14-22.18.20:852][  0]LogConfig: Setting CVar [[r.VSync:0]]
[2019.03.14-22.18.20:852][  0]LogConfig: Setting CVar [[r.RHICmdBypass:0]]
[2019.03.14-22.18.20:852][  0]LogConfig: Applying CVar settings from Section [/Script/Engine.RendererSettings] File [C:/Users/VR Club/Desktop/CMSC388/CMSC388G/Project2/Project1/Saved/Config/Windows/Engine.ini]
[2019.03.14-22.18.20:853][  0]LogConfig: Setting CVar [[r.GPUCrashDebugging:0]]
[2019.03.14-22.18.20:853][  0]LogConfig: Applying CVar settings from Section [/Script/Engine.RendererOverrideSettings] File [C:/Users/VR Club/Desktop/CMSC388/CMSC388G/Project2/Project1/Saved/Config/Windows/Engine.ini]
[2019.03.14-22.18.20:853][  0]LogConfig: Applying CVar settings from Section [/Script/Engine.StreamingSettings] File [C:/Users/VR Club/Desktop/CMSC388/CMSC388G/Project2/Project1/Saved/Config/Windows/Engine.ini]
[2019.03.14-22.18.20:853][  0]LogConfig: Setting CVar [[s.MinBulkDataSizeForAsyncLoading:131072]]
[2019.03.14-22.18.20:853][  0]LogConfig: Setting CVar [[s.AsyncLoadingThreadEnabled:0]]
[2019.03.14-22.18.20:853][  0]LogConfig: Setting CVar [[s.EventDrivenLoaderEnabled:1]]
[2019.03.14-22.18.20:853][  0]LogConfig: Setting CVar [[s.WarnIfTimeLimitExceeded:0]]
[2019.03.14-22.18.20:853][  0]LogConfig: Setting CVar [[s.TimeLimitExceededMultiplier:1.5]]
[2019.03.14-22.18.20:853][  0]LogConfig: Setting CVar [[s.TimeLimitExceededMinTime:0.005]]
[2019.03.14-22.18.20:853][  0]LogConfig: Setting CVar [[s.UseBackgroundLevelStreaming:1]]
[2019.03.14-22.18.20:853][  0]LogConfig: Setting CVar [[s.PriorityAsyncLoadingExtraTime:15.0]]
[2019.03.14-22.18.20:853][  0]LogConfig: Setting CVar [[s.LevelStreamingActorsUpdateTimeLimit:5.0]]
[2019.03.14-22.18.20:853][  0]LogConfig: Setting CVar [[s.PriorityLevelStreamingActorsUpdateExtraTime:5.0]]
[2019.03.14-22.18.20:853][  0]LogConfig: Setting CVar [[s.LevelStreamingComponentsRegistrationGranularity:10]]
[2019.03.14-22.18.20:853][  0]LogConfig: Setting CVar [[s.UnregisterComponentsTimeLimit:1.0]]
[2019.03.14-22.18.20:853][  0]LogConfig: Setting CVar [[s.LevelStreamingComponentsUnregistrationGranularity:5]]
[2019.03.14-22.18.20:853][  0]LogConfig: Applying CVar settings from Section [/Script/Engine.GarbageCollectionSettings] File [C:/Users/VR Club/Desktop/CMSC388/CMSC388G/Project2/Project1/Saved/Config/Windows/Engine.ini]
[2019.03.14-22.18.20:853][  0]LogConfig: Setting CVar [[gc.MaxObjectsNotConsideredByGC:1]]
[2019.03.14-22.18.20:853][  0]LogConfig: Setting CVar [[gc.SizeOfPermanentObjectPool:0]]
[2019.03.14-22.18.20:853][  0]LogConfig: Setting CVar [[gc.FlushStreamingOnGC:0]]
[2019.03.14-22.18.20:853][  0]LogConfig: Setting CVar [[gc.NumRetriesBeforeForcingGC:10]]
[2019.03.14-22.18.20:853][  0]LogConfig: Setting CVar [[gc.AllowParallelGC:1]]
[2019.03.14-22.18.20:853][  0]LogConfig: Setting CVar [[gc.TimeBetweenPurgingPendingKillObjects:61.1]]
[2019.03.14-22.18.20:853][  0]LogConfig: Setting CVar [[gc.MaxObjectsInEditor:8388607]]
[2019.03.14-22.18.20:853][  0]LogConfig: Setting CVar [[gc.IncrementalBeginDestroyEnabled:1]]
[2019.03.14-22.18.20:853][  0]LogConfig: Setting CVar [[gc.CreateGCClusters:1]]
[2019.03.14-22.18.20:853][  0]LogConfig: Setting CVar [[gc.MergeGCClusters:0]]
[2019.03.14-22.18.20:853][  0]LogConfig: Setting CVar [[gc.MinGCClusterSize:5]]
[2019.03.14-22.18.20:853][  0]LogConfig: Setting CVar [[gc.ActorClusteringEnabled:0]]
[2019.03.14-22.18.20:853][  0]LogConfig: Setting CVar [[gc.BlueprintClusteringEnabled:0]]
[2019.03.14-22.18.20:853][  0]LogConfig: Setting CVar [[gc.UseDisregardForGCOnDedicatedServers:0]]
[2019.03.14-22.18.20:853][  0]LogConfig: Applying CVar settings from Section [/Script/Engine.NetworkSettings] File [C:/Users/VR Club/Desktop/CMSC388/CMSC388G/Project2/Project1/Saved/Config/Windows/Engine.ini]
[2019.03.14-22.18.20:853][  0]LogConfig: Applying CVar settings from Section [/Script/UnrealEd.CookerSettings] File [C:/Users/VR Club/Desktop/CMSC388/CMSC388G/Project2/Project1/Saved/Config/Windows/Engine.ini]
[2019.03.14-22.18.20:862][  0]LogConfig: Applying CVar settings from Section [ViewDistanceQuality@3] File [C:/Users/VR Club/Desktop/CMSC388/CMSC388G/Project2/Project1/Saved/Config/Windows/Scalability.ini]
[2019.03.14-22.18.20:862][  0]LogConfig: Setting CVar [[r.SkeletalMeshLODBias:0]]
[2019.03.14-22.18.20:862][  0]LogConfig: Setting CVar [[r.ViewDistanceScale:1.0]]
[2019.03.14-22.18.20:862][  0]LogConfig: Applying CVar settings from Section [AntiAliasingQuality@3] File [C:/Users/VR Club/Desktop/CMSC388/CMSC388G/Project2/Project1/Saved/Config/Windows/Scalability.ini]
[2019.03.14-22.18.20:862][  0]LogConfig: Setting CVar [[r.PostProcessAAQuality:3]]
[2019.03.14-22.18.20:862][  0]LogConfig: Applying CVar settings from Section [ShadowQuality@3] File [C:/Users/VR Club/Desktop/CMSC388/CMSC388G/Project2/Project1/Saved/Config/Windows/Scalability.ini]
[2019.03.14-22.18.20:862][  0]LogConfig: Setting CVar [[r.LightFunctionQuality:1]]
[2019.03.14-22.18.20:862][  0]LogConfig: Setting CVar [[r.ShadowQuality:5]]
[2019.03.14-22.18.20:862][  0]LogConfig: Setting CVar [[r.Shadow.CSM.MaxCascades:10]]
[2019.03.14-22.18.20:862][  0]LogConfig: Setting CVar [[r.Shadow.MaxResolution:2048]]
[2019.03.14-22.18.20:862][  0]LogConfig: Setting CVar [[r.Shadow.MaxCSMResolution:2048]]
[2019.03.14-22.18.20:862][  0]LogConfig: Setting CVar [[r.Shadow.RadiusThreshold:0.01]]
[2019.03.14-22.18.20:862][  0]LogConfig: Setting CVar [[r.Shadow.DistanceScale:1.0]]
[2019.03.14-22.18.20:862][  0]LogConfig: Setting CVar [[r.Shadow.CSM.TransitionScale:1.0]]
[2019.03.14-22.18.20:862][  0]LogConfig: Setting CVar [[r.Shadow.PreShadowResolutionFactor:1.0]]
[2019.03.14-22.18.20:862][  0]LogConfig: Setting CVar [[r.DistanceFieldShadowing:1]]
[2019.03.14-22.18.20:862][  0]LogConfig: Setting CVar [[r.DistanceFieldAO:1]]
[2019.03.14-22.18.20:862][  0]LogConfig: Setting CVar [[r.AOQuality:2]]
[2019.03.14-22.18.20:862][  0]LogConfig: Setting CVar [[r.VolumetricFog:1]]
[2019.03.14-22.18.20:862][  0]LogConfig: Setting CVar [[r.VolumetricFog.GridPixelSize:8]]
[2019.03.14-22.18.20:862][  0]LogConfig: Setting CVar [[r.VolumetricFog.GridSizeZ:128]]
[2019.03.14-22.18.20:862][  0]LogConfig: Setting CVar [[r.VolumetricFog.HistoryMissSupersampleCount:4]]
[2019.03.14-22.18.20:863][  0]LogConfig: Setting CVar [[r.LightMaxDrawDistanceScale:1]]
[2019.03.14-22.18.20:863][  0]LogConfig: Setting CVar [[r.CapsuleShadows:1]]
[2019.03.14-22.18.20:863][  0]LogConfig: Applying CVar settings from Section [PostProcessQuality@3] File [C:/Users/VR Club/Desktop/CMSC388/CMSC388G/Project2/Project1/Saved/Config/Windows/Scalability.ini]
[2019.03.14-22.18.20:863][  0]LogConfig: Setting CVar [[r.MotionBlurQuality:0]]
[2019.03.14-22.18.20:863][  0]LogConfig: Setting CVar [[r.AmbientOcclusionMipLevelFactor:0.4]]
[2019.03.14-22.18.20:863][  0]LogConfig: Setting CVar [[r.AmbientOcclusionMaxQuality:100]]
[2019.03.14-22.18.20:863][  0]LogConfig: Setting CVar [[r.AmbientOcclusionLevels:0]]
[2019.03.14-22.18.20:863][  0]LogConfig: Setting CVar [[r.AmbientOcclusionRadiusScale:1.0]]
[2019.03.14-22.18.20:863][  0]LogConfig: Setting CVar [[r.DepthOfFieldQuality:0]]
[2019.03.14-22.18.20:863][  0]LogConfig: Setting CVar [[r.RenderTargetPoolMin:400]]
[2019.03.14-22.18.20:863][  0]LogConfig: Setting CVar [[r.LensFlareQuality:0]]
[2019.03.14-22.18.20:863][  0]LogConfig: Setting CVar [[r.SceneColorFringeQuality:0]]
[2019.03.14-22.18.20:863][  0]LogConfig: Setting CVar [[r.EyeAdaptationQuality:2]]
[2019.03.14-22.18.20:863][  0]LogConfig: Setting CVar [[r.BloomQuality:1]]
[2019.03.14-22.18.20:863][  0]LogConfig: Setting CVar [[r.FastBlurThreshold:0]]
[2019.03.14-22.18.20:863][  0]LogConfig: Setting CVar [[r.Upscale.Quality:3]]
[2019.03.14-22.18.20:863][  0]LogConfig: Setting CVar [[r.Tonemapper.GrainQuantization:1]]
[2019.03.14-22.18.20:863][  0]LogConfig: Setting CVar [[r.LightShaftQuality:1]]
[2019.03.14-22.18.20:863][  0]LogConfig: Setting CVar [[r.Filter.SizeScale:1]]
[2019.03.14-22.18.20:863][  0]LogConfig: Setting CVar [[r.Tonemapper.Quality:5]]
[2019.03.14-22.18.20:863][  0]LogConfig: Setting CVar [[r.DOF.Gather.AccumulatorQuality:1        ; higher gathering accumulator quality]]
[2019.03.14-22.18.20:863][  0]LogConfig: Setting CVar [[r.DOF.Gather.PostfilterMethod:1          ; Median3x3 postfilering method]]
[2019.03.14-22.18.20:863][  0]LogConfig: Setting CVar [[r.DOF.Gather.EnableBokehSettings:0       ; no bokeh simulation when gathering]]
[2019.03.14-22.18.20:863][  0]LogConfig: Setting CVar [[r.DOF.Gather.RingCount:4                 ; medium number of samples when gathering]]
[2019.03.14-22.18.20:863][  0]LogConfig: Setting CVar [[r.DOF.Scatter.ForegroundCompositing:1    ; additive foreground scattering]]
[2019.03.14-22.18.20:863][  0]LogConfig: Setting CVar [[r.DOF.Scatter.BackgroundCompositing:2    ; additive background scattering]]
[2019.03.14-22.18.20:863][  0]LogConfig: Setting CVar [[r.DOF.Scatter.EnableBokehSettings:1      ; bokeh simulation when scattering]]
[2019.03.14-22.18.20:863][  0]LogConfig: Setting CVar [[r.DOF.Scatter.MaxSpriteRatio:0.1         ; only a maximum of 10% of scattered bokeh]]
[2019.03.14-22.18.20:863][  0]LogConfig: Setting CVar [[r.DOF.Recombine.Quality:1                ; cheap slight out of focus]]
[2019.03.14-22.18.20:863][  0]LogConfig: Setting CVar [[r.DOF.Recombine.EnableBokehSettings:0    ; no bokeh simulation on slight out of focus]]
[2019.03.14-22.18.20:863][  0]LogConfig: Setting CVar [[r.DOF.TemporalAAQuality:1                ; more stable temporal accumulation]]
[2019.03.14-22.18.20:863][  0]LogConfig: Setting CVar [[r.DOF.Kernel.MaxForegroundRadius:0.025]]
[2019.03.14-22.18.20:863][  0]LogConfig: Setting CVar [[r.DOF.Kernel.MaxBackgroundRadius:0.025]]
[2019.03.14-22.18.20:863][  0]LogConfig: Applying CVar settings from Section [TextureQuality@3] File [C:/Users/VR Club/Desktop/CMSC388/CMSC388G/Project2/Project1/Saved/Config/Windows/Scalability.ini]
[2019.03.14-22.18.20:863][  0]LogConfig: Setting CVar [[r.Streaming.MipBias:0]]
[2019.03.14-22.18.20:863][  0]LogConfig: Setting CVar [[r.Streaming.AmortizeCPUToGPUCopy:0]]
[2019.03.14-22.18.20:863][  0]LogConfig: Setting CVar [[r.Streaming.MaxNumTexturesToStreamPerFrame:0]]
[2019.03.14-22.18.20:863][  0]LogConfig: Setting CVar [[r.Streaming.Boost:1]]
[2019.03.14-22.18.20:863][  0]LogConfig: Setting CVar [[r.MaxAnisotropy:8]]
[2019.03.14-22.18.20:863][  0]LogConfig: Setting CVar [[r.Streaming.LimitPoolSizeToVRAM:0]]
[2019.03.14-22.18.20:863][  0]LogConfig: Setting CVar [[r.Streaming.PoolSize:1000]]
[2019.03.14-22.18.20:863][  0]LogConfig: Setting CVar [[r.Streaming.MaxEffectiveScreenSize:0]]
[2019.03.14-22.18.20:863][  0]LogConfig: Applying CVar settings from Section [EffectsQuality@3] File [C:/Users/VR Club/Desktop/CMSC388/CMSC388G/Project2/Project1/Saved/Config/Windows/Scalability.ini]
[2019.03.14-22.18.20:863][  0]LogConfig: Setting CVar [[r.TranslucencyLightingVolumeDim:4]]
[2019.03.14-22.18.20:863][  0]LogConfig: Setting CVar [[r.RefractionQuality:2]]
[2019.03.14-22.18.20:863][  0]LogConfig: Setting CVar [[r.SSR.Quality:0]]
[2019.03.14-22.18.20:863][  0]LogConfig: Setting CVar [[r.SceneColorFormat:2]]
[2019.03.14-22.18.20:863][  0]LogConfig: Setting CVar [[r.DetailMode:2]]
[2019.03.14-22.18.20:863][  0]LogConfig: Setting CVar [[r.TranslucencyVolumeBlur:0]]
[2019.03.14-22.18.20:863][  0]LogConfig: Setting CVar [[r.MaterialQualityLevel:1 ; High quality]]
[2019.03.14-22.18.20:863][  0]LogConfig: Setting CVar [[r.SSS.Scale:1]]
[2019.03.14-22.18.20:863][  0]LogConfig: Setting CVar [[r.SSS.SampleSet:2]]
[2019.03.14-22.18.20:863][  0]LogConfig: Setting CVar [[r.SSS.Quality:1]]
[2019.03.14-22.18.20:863][  0]LogConfig: Setting CVar [[r.SSS.HalfRes:1]]
[2019.03.14-22.18.20:863][  0]LogConfig: Setting CVar [[r.EmitterSpawnRateScale:1.0]]
[2019.03.14-22.18.20:863][  0]LogConfig: Setting CVar [[r.ParticleLightQuality:2]]
[2019.03.14-22.18.20:863][  0]LogConfig: Applying CVar settings from Section [FoliageQuality@3] File [C:/Users/VR Club/Desktop/CMSC388/CMSC388G/Project2/Project1/Saved/Config/Windows/Scalability.ini]
[2019.03.14-22.18.20:863][  0]LogConfig: Setting CVar [[foliage.DensityScale:1.0]]
[2019.03.14-22.18.20:864][  0]LogConfig: Setting CVar [[grass.DensityScale:1.0]]
[2019.03.14-22.18.20:864][  0]LogInit: Selected Device Profile: [Windows]
[2019.03.14-22.18.20:864][  0]LogInit: Applying CVar settings loaded from the selected device profile: [Windows]
[2019.03.14-22.18.21:121][  0]LogHAL: Display: Platform has ~ 32 GB [34308030464 / 34359738368 / 32], which maps to Largest [LargestMinGB=32, LargerMinGB=12, DefaultMinGB=8, SmallerMinGB=6, SmallestMinGB=0)
[2019.03.14-22.18.21:121][  0]LogConfig: Setting CVar [[r.Vulkan.UseRealUBs:1]]
[2019.03.14-22.18.21:121][  0]LogInit: Going up to parent DeviceProfile []
[2019.03.14-22.18.21:121][  0]LogConfig: Applying CVar settings from Section [ViewDistanceQuality@3] File [C:/Users/VR Club/Desktop/CMSC388/CMSC388G/Project2/Project1/Saved/Config/Windows/Scalability.ini]
[2019.03.14-22.18.21:121][  0]LogConfig: Setting CVar [[r.SkeletalMeshLODBias:0]]
[2019.03.14-22.18.21:121][  0]LogConfig: Setting CVar [[r.ViewDistanceScale:1.0]]
[2019.03.14-22.18.21:121][  0]LogConfig: Applying CVar settings from Section [AntiAliasingQuality@3] File [C:/Users/VR Club/Desktop/CMSC388/CMSC388G/Project2/Project1/Saved/Config/Windows/Scalability.ini]
[2019.03.14-22.18.21:121][  0]LogConfig: Setting CVar [[r.PostProcessAAQuality:3]]
[2019.03.14-22.18.21:121][  0]LogConfig: Applying CVar settings from Section [ShadowQuality@3] File [C:/Users/VR Club/Desktop/CMSC388/CMSC388G/Project2/Project1/Saved/Config/Windows/Scalability.ini]
[2019.03.14-22.18.21:121][  0]LogConfig: Setting CVar [[r.LightFunctionQuality:1]]
[2019.03.14-22.18.21:121][  0]LogConfig: Setting CVar [[r.ShadowQuality:5]]
[2019.03.14-22.18.21:121][  0]LogConfig: Setting CVar [[r.Shadow.CSM.MaxCascades:10]]
[2019.03.14-22.18.21:121][  0]LogConfig: Setting CVar [[r.Shadow.MaxResolution:2048]]
[2019.03.14-22.18.21:121][  0]LogConfig: Setting CVar [[r.Shadow.MaxCSMResolution:2048]]
[2019.03.14-22.18.21:121][  0]LogConfig: Setting CVar [[r.Shadow.RadiusThreshold:0.01]]
[2019.03.14-22.18.21:122][  0]LogConfig: Setting CVar [[r.Shadow.DistanceScale:1.0]]
[2019.03.14-22.18.21:122][  0]LogConfig: Setting CVar [[r.Shadow.CSM.TransitionScale:1.0]]
[2019.03.14-22.18.21:122][  0]LogConfig: Setting CVar [[r.Shadow.PreShadowResolutionFactor:1.0]]
[2019.03.14-22.18.21:122][  0]LogConfig: Setting CVar [[r.DistanceFieldShadowing:1]]
[2019.03.14-22.18.21:122][  0]LogConfig: Setting CVar [[r.DistanceFieldAO:1]]
[2019.03.14-22.18.21:122][  0]LogConfig: Setting CVar [[r.AOQuality:2]]
[2019.03.14-22.18.21:122][  0]LogConfig: Setting CVar [[r.VolumetricFog:1]]
[2019.03.14-22.18.21:122][  0]LogConfig: Setting CVar [[r.VolumetricFog.GridPixelSize:8]]
[2019.03.14-22.18.21:122][  0]LogConfig: Setting CVar [[r.VolumetricFog.GridSizeZ:128]]
[2019.03.14-22.18.21:122][  0]LogConfig: Setting CVar [[r.VolumetricFog.HistoryMissSupersampleCount:4]]
[2019.03.14-22.18.21:122][  0]LogConfig: Setting CVar [[r.LightMaxDrawDistanceScale:1]]
[2019.03.14-22.18.21:122][  0]LogConfig: Setting CVar [[r.CapsuleShadows:1]]
[2019.03.14-22.18.21:122][  0]LogConfig: Applying CVar settings from Section [PostProcessQuality@3] File [C:/Users/VR Club/Desktop/CMSC388/CMSC388G/Project2/Project1/Saved/Config/Windows/Scalability.ini]
[2019.03.14-22.18.21:122][  0]LogConfig: Setting CVar [[r.MotionBlurQuality:0]]
[2019.03.14-22.18.21:122][  0]LogConfig: Setting CVar [[r.AmbientOcclusionMipLevelFactor:0.4]]
[2019.03.14-22.18.21:122][  0]LogConfig: Setting CVar [[r.AmbientOcclusionMaxQuality:100]]
[2019.03.14-22.18.21:122][  0]LogConfig: Setting CVar [[r.AmbientOcclusionLevels:0]]
[2019.03.14-22.18.21:122][  0]LogConfig: Setting CVar [[r.AmbientOcclusionRadiusScale:1.0]]
[2019.03.14-22.18.21:122][  0]LogConfig: Setting CVar [[r.DepthOfFieldQuality:0]]
[2019.03.14-22.18.21:122][  0]LogConfig: Setting CVar [[r.RenderTargetPoolMin:400]]
[2019.03.14-22.18.21:122][  0]LogConfig: Setting CVar [[r.LensFlareQuality:0]]
[2019.03.14-22.18.21:122][  0]LogConfig: Setting CVar [[r.SceneColorFringeQuality:0]]
[2019.03.14-22.18.21:122][  0]LogConfig: Setting CVar [[r.EyeAdaptationQuality:2]]
[2019.03.14-22.18.21:122][  0]LogConfig: Setting CVar [[r.BloomQuality:1]]
[2019.03.14-22.18.21:122][  0]LogConfig: Setting CVar [[r.FastBlurThreshold:0]]
[2019.03.14-22.18.21:122][  0]LogConfig: Setting CVar [[r.Upscale.Quality:3]]
[2019.03.14-22.18.21:122][  0]LogConfig: Setting CVar [[r.Tonemapper.GrainQuantization:1]]
[2019.03.14-22.18.21:122][  0]LogConfig: Setting CVar [[r.LightShaftQuality:1]]
[2019.03.14-22.18.21:122][  0]LogConfig: Setting CVar [[r.Filter.SizeScale:1]]
[2019.03.14-22.18.21:122][  0]LogConfig: Setting CVar [[r.Tonemapper.Quality:5]]
[2019.03.14-22.18.21:122][  0]LogConfig: Setting CVar [[r.DOF.Gather.AccumulatorQuality:1        ; higher gathering accumulator quality]]
[2019.03.14-22.18.21:122][  0]LogConfig: Setting CVar [[r.DOF.Gather.PostfilterMethod:1          ; Median3x3 postfilering method]]
[2019.03.14-22.18.21:122][  0]LogConfig: Setting CVar [[r.DOF.Gather.EnableBokehSettings:0       ; no bokeh simulation when gathering]]
[2019.03.14-22.18.21:122][  0]LogConfig: Setting CVar [[r.DOF.Gather.RingCount:4                 ; medium number of samples when gathering]]
[2019.03.14-22.18.21:122][  0]LogConfig: Setting CVar [[r.DOF.Scatter.ForegroundCompositing:1    ; additive foreground scattering]]
[2019.03.14-22.18.21:122][  0]LogConfig: Setting CVar [[r.DOF.Scatter.BackgroundCompositing:2    ; additive background scattering]]
[2019.03.14-22.18.21:122][  0]LogConfig: Setting CVar [[r.DOF.Scatter.EnableBokehSettings:1      ; bokeh simulation when scattering]]
[2019.03.14-22.18.21:122][  0]LogConfig: Setting CVar [[r.DOF.Scatter.MaxSpriteRatio:0.1         ; only a maximum of 10% of scattered bokeh]]
[2019.03.14-22.18.21:122][  0]LogConfig: Setting CVar [[r.DOF.Recombine.Quality:1                ; cheap slight out of focus]]
[2019.03.14-22.18.21:122][  0]LogConfig: Setting CVar [[r.DOF.Recombine.EnableBokehSettings:0    ; no bokeh simulation on slight out of focus]]
[2019.03.14-22.18.21:122][  0]LogConfig: Setting CVar [[r.DOF.TemporalAAQuality:1                ; more stable temporal accumulation]]
[2019.03.14-22.18.21:122][  0]LogConfig: Setting CVar [[r.DOF.Kernel.MaxForegroundRadius:0.025]]
[2019.03.14-22.18.21:122][  0]LogConfig: Setting CVar [[r.DOF.Kernel.MaxBackgroundRadius:0.025]]
[2019.03.14-22.18.21:122][  0]LogConfig: Applying CVar settings from Section [TextureQuality@3] File [C:/Users/VR Club/Desktop/CMSC388/CMSC388G/Project2/Project1/Saved/Config/Windows/Scalability.ini]
[2019.03.14-22.18.21:122][  0]LogConfig: Setting CVar [[r.Streaming.MipBias:0]]
[2019.03.14-22.18.21:122][  0]LogConfig: Setting CVar [[r.Streaming.AmortizeCPUToGPUCopy:0]]
[2019.03.14-22.18.21:122][  0]LogConfig: Setting CVar [[r.Streaming.MaxNumTexturesToStreamPerFrame:0]]
[2019.03.14-22.18.21:122][  0]LogConfig: Setting CVar [[r.Streaming.Boost:1]]
[2019.03.14-22.18.21:122][  0]LogConfig: Setting CVar [[r.MaxAnisotropy:8]]
[2019.03.14-22.18.21:122][  0]LogConfig: Setting CVar [[r.Streaming.LimitPoolSizeToVRAM:0]]
[2019.03.14-22.18.21:122][  0]LogConfig: Setting CVar [[r.Streaming.PoolSize:1000]]
[2019.03.14-22.18.21:122][  0]LogConfig: Setting CVar [[r.Streaming.MaxEffectiveScreenSize:0]]
[2019.03.14-22.18.21:122][  0]LogConfig: Applying CVar settings from Section [EffectsQuality@3] File [C:/Users/VR Club/Desktop/CMSC388/CMSC388G/Project2/Project1/Saved/Config/Windows/Scalability.ini]
[2019.03.14-22.18.21:122][  0]LogConfig: Setting CVar [[r.TranslucencyLightingVolumeDim:4]]
[2019.03.14-22.18.21:122][  0]LogConfig: Setting CVar [[r.RefractionQuality:2]]
[2019.03.14-22.18.21:122][  0]LogConfig: Setting CVar [[r.SSR.Quality:0]]
[2019.03.14-22.18.21:123][  0]LogConfig: Setting CVar [[r.SceneColorFormat:2]]
[2019.03.14-22.18.21:123][  0]LogConfig: Setting CVar [[r.DetailMode:2]]
[2019.03.14-22.18.21:123][  0]LogConfig: Setting CVar [[r.TranslucencyVolumeBlur:0]]
[2019.03.14-22.18.21:123][  0]LogConfig: Setting CVar [[r.MaterialQualityLevel:1 ; High quality]]
[2019.03.14-22.18.21:123][  0]LogConfig: Setting CVar [[r.SSS.Scale:1]]
[2019.03.14-22.18.21:123][  0]LogConfig: Setting CVar [[r.SSS.SampleSet:2]]
[2019.03.14-22.18.21:123][  0]LogConfig: Setting CVar [[r.SSS.Quality:1]]
[2019.03.14-22.18.21:123][  0]LogConfig: Setting CVar [[r.SSS.HalfRes:1]]
[2019.03.14-22.18.21:123][  0]LogConfig: Setting CVar [[r.EmitterSpawnRateScale:1.0]]
[2019.03.14-22.18.21:123][  0]LogConfig: Setting CVar [[r.ParticleLightQuality:2]]
[2019.03.14-22.18.21:123][  0]LogConfig: Applying CVar settings from Section [FoliageQuality@3] File [C:/Users/VR Club/Desktop/CMSC388/CMSC388G/Project2/Project1/Saved/Config/Windows/Scalability.ini]
[2019.03.14-22.18.21:123][  0]LogConfig: Setting CVar [[foliage.DensityScale:1.0]]
[2019.03.14-22.18.21:123][  0]LogConfig: Setting CVar [[grass.DensityScale:1.0]]
[2019.03.14-22.18.21:123][  0]LogConfig: Applying CVar settings from Section [Startup] File [../../../Engine/Config/ConsoleVariables.ini]
[2019.03.14-22.18.21:247][  0]LogConfig: Setting CVar [[net.UseAdaptiveNetUpdateFrequency:0]]
[2019.03.14-22.18.21:247][  0]LogConfig: Applying CVar settings from Section [ConsoleVariables] File [C:/Users/VR Club/Desktop/CMSC388/CMSC388G/Project2/Project1/Saved/Config/Windows/Engine.ini]
[2019.03.14-22.18.21:247][  0]LogInit: Computer: DESKTOP-UNV0BID
[2019.03.14-22.18.21:247][  0]LogInit: User: VRClub
[2019.03.14-22.18.21:247][  0]LogInit: CPU Page size=4096, Cores=4
[2019.03.14-22.18.21:247][  0]LogInit: High frequency timer resolution =10.000000 MHz
[2019.03.14-22.18.21:248][  0]LogMemory: Memory total: Physical=32.0GB (32GB approx)
[2019.03.14-22.18.21:248][  0]LogMemory: Platform Memory Stats for Windows
[2019.03.14-22.18.21:248][  0]LogMemory: Process Physical Memory: 104.70 MB used, 104.71 MB peak
[2019.03.14-22.18.21:248][  0]LogMemory: Process Virtual Memory: 94.58 MB used, 94.58 MB peak
[2019.03.14-22.18.21:248][  0]LogMemory: Physical Memory: 7515.33 MB used,  25203.36 MB free, 32718.69 MB total
[2019.03.14-22.18.21:248][  0]LogMemory: Virtual Memory: 4660.57 MB used,  134213064.00 MB free, 134217728.00 MB total
[2019.03.14-22.18.21:275][  0]LogInit: Using OS detected language (en-US).
[2019.03.14-22.18.21:275][  0]LogInit: Using OS detected locale (en-US).
[2019.03.14-22.18.21:277][  0]LogTextLocalizationManager: No specific localization for 'en-US' exists, so the 'en' localization will be used.
[2019.03.14-22.18.22:455][  0]LogStreaming: Display: Took  1.180s to InitEngineTextLocalization.
[2019.03.14-22.18.22:455][  0]LogInit: Setting process to per monitor DPI aware
[2019.03.14-22.18.23:254][  0]LogSlate: New Slate User Created.  User Index 0, Is Virtual User: 0
[2019.03.14-22.18.23:254][  0]LogSlate: Slate User Registered.  User Index 0, Is Virtual User: 0
[2019.03.14-22.18.39:078][  0]LogD3D11RHI: D3D11 adapters:
[2019.03.14-22.18.39:165][  0]LogD3D11RHI:    0. 'NVIDIA GeForce GTX 1060 6GB' (Feature Level 11_0)
[2019.03.14-22.18.39:165][  0]LogD3D11RHI:       6052/0/16359 MB DedicatedVideo/DedicatedSystem/SharedSystem, Outputs:2, VendorId:0x10de
[2019.03.14-22.18.39:167][  0]LogD3D11RHI:    1. 'Microsoft Basic Render Driver' (Feature Level 11_0)
[2019.03.14-22.18.39:167][  0]LogD3D11RHI:       0/0/16359 MB DedicatedVideo/DedicatedSystem/SharedSystem, Outputs:0, VendorId:0x1414
[2019.03.14-22.18.39:167][  0]LogD3D11RHI: Chosen D3D11 Adapter: 0
[2019.03.14-22.18.39:179][  0]LogD3D11RHI: Creating new Direct3DDevice
[2019.03.14-22.18.39:179][  0]LogD3D11RHI:     GPU DeviceId: 0x1c03 (for the marketing name, search the web for "GPU Device Id")
[2019.03.14-22.18.39:179][  0]LogWindows: EnumDisplayDevices:
[2019.03.14-22.18.39:180][  0]LogWindows:    0. 'NVIDIA GeForce GTX 1060 6GB' (P:1 D:1)
[2019.03.14-22.18.39:180][  0]LogWindows:    1. 'NVIDIA GeForce GTX 1060 6GB' (P:0 D:1)
[2019.03.14-22.18.39:181][  0]LogWindows:    2. 'NVIDIA GeForce GTX 1060 6GB' (P:0 D:0)
[2019.03.14-22.18.39:181][  0]LogWindows:    3. 'NVIDIA GeForce GTX 1060 6GB' (P:0 D:0)
[2019.03.14-22.18.39:182][  0]LogWindows: DebugString: FoundDriverCount:4 
[2019.03.14-22.18.39:182][  0]LogD3D11RHI:     Adapter Name: NVIDIA GeForce GTX 1060 6GB
[2019.03.14-22.18.39:182][  0]LogD3D11RHI:   Driver Version: 419.35 (internal:25.21.14.1935, unified:419.35)
[2019.03.14-22.18.39:182][  0]LogD3D11RHI:      Driver Date: 3-1-2019
[2019.03.14-22.18.39:182][  0]LogRHI: Texture pool is 4236 MB (70% of 6052 MB)
[2019.03.14-22.18.39:263][  0]LogD3D11RHI: Async texture creation enabled
[2019.03.14-22.18.39:356][  0]LogD3D11RHI: GPU Timing Frequency: 1000.000000 (Debug: 2 1)
[2019.03.14-22.18.41:152][  0]LogTemp: Display: Loaded TP AllDesktopTargetPlatform
[2019.03.14-22.18.41:182][  0]LogTemp: Display: Loaded TP MacClientTargetPlatform
[2019.03.14-22.18.41:228][  0]LogTemp: Display: Loaded TP MacNoEditorTargetPlatform
[2019.03.14-22.18.41:266][  0]LogTemp: Display: Loaded TP MacServerTargetPlatform
[2019.03.14-22.18.41:378][  0]LogTemp: Display: Loaded TP MacTargetPlatform
[2019.03.14-22.18.41:410][  0]LogTemp: Display: Loaded TP WindowsClientTargetPlatform
[2019.03.14-22.18.41:449][  0]LogTemp: Display: Loaded TP WindowsNoEditorTargetPlatform
[2019.03.14-22.18.41:486][  0]LogTemp: Display: Loaded TP WindowsServerTargetPlatform
[2019.03.14-22.18.41:505][  0]LogTemp: Display: Loaded TP WindowsTargetPlatform
[2019.03.14-22.18.41:743][  0]LogTemp: Display: Loaded TP AndroidTargetPlatform
[2019.03.14-22.18.41:743][  0]LogTemp: Display: Loaded TP AndroidTargetPlatform
[2019.03.14-22.18.41:743][  0]LogTemp: Display: Loaded TP AndroidTargetPlatform
[2019.03.14-22.18.41:743][  0]LogTemp: Display: Loaded TP AndroidTargetPlatform
[2019.03.14-22.18.41:743][  0]LogTemp: Display: Loaded TP AndroidTargetPlatform
[2019.03.14-22.18.41:743][  0]LogTemp: Display: Loaded TP AndroidTargetPlatform
[2019.03.14-22.18.41:743][  0]LogTemp: Display: Loaded TP AndroidTargetPlatform
[2019.03.14-22.18.41:743][  0]LogTemp: Display: Loaded TP AndroidTargetPlatform
[2019.03.14-22.18.41:743][  0]LogTemp: Display: Loaded TP AndroidTargetPlatform
[2019.03.14-22.18.41:743][  0]LogTemp: Display: Loaded TP AndroidTargetPlatform
[2019.03.14-22.18.41:743][  0]LogTemp: Display: Loaded TP AndroidTargetPlatform
[2019.03.14-22.18.41:743][  0]LogTemp: Display: Loaded TP AndroidTargetPlatform
[2019.03.14-22.18.41:743][  0]LogTemp: Display: Loaded TP AndroidTargetPlatform
[2019.03.14-22.18.41:743][  0]LogTemp: Display: Loaded TP AndroidTargetPlatform
[2019.03.14-22.18.41:743][  0]LogTemp: Display: Loaded TP AndroidTargetPlatform
[2019.03.14-22.18.41:743][  0]LogTemp: Display: Loaded TP AndroidTargetPlatform
[2019.03.14-22.18.41:743][  0]LogTemp: Display: Loaded TP AndroidTargetPlatform
[2019.03.14-22.18.41:743][  0]LogTemp: Display: Loaded TP AndroidTargetPlatform
[2019.03.14-22.18.41:746][  0]LogTemp: Display: Loaded TP HTML5TargetPlatform
[2019.03.14-22.18.41:906][  0]LogTemp: Display: Loaded TP IOSTargetPlatform
[2019.03.14-22.18.41:906][  0]LogTemp: Display: Loaded TP IOSTargetPlatform
[2019.03.14-22.18.41:961][  0]LogTemp: Display: Loaded TP TVOSTargetPlatform
[2019.03.14-22.18.41:961][  0]LogTemp: Display: Loaded TP TVOSTargetPlatform
[2019.03.14-22.18.41:990][  0]LogTemp: Display: Loaded TP LinuxClientTargetPlatform
[2019.03.14-22.18.42:017][  0]LogTemp: Display: Loaded TP LinuxNoEditorTargetPlatform
[2019.03.14-22.18.42:051][  0]LogTemp: Display: Loaded TP LinuxServerTargetPlatform
[2019.03.14-22.18.42:094][  0]LogTemp: Display: Loaded TP LinuxTargetPlatform
[2019.03.14-22.18.42:266][  0]LogTemp: Display: Loaded TP LuminTargetPlatform
[2019.03.14-22.18.42:266][  0]LogTemp: Display: Loaded TP LuminTargetPlatform
[2019.03.14-22.18.42:266][  0]LogTargetPlatformManager: Display: Building Assets For Windows
[2019.03.14-22.18.42:520][  0]LogShaderCompilers: Guid format shader working directory is -26 characters bigger than the processId version (../../../../../../Users/VR Club/Desktop/CMSC388/CMSC388G/Project2/Project1/Intermediate/Shaders/WorkingDirectory/3692/).
[2019.03.14-22.18.42:520][  0]LogShaderCompilers: Cleaned the shader compiler working directory 'C:/Users/VR Club/AppData/Local/Temp/UnrealShaderWorkingDir/F3BB98EE43A8ABE53A4CF18DFAB15311/'.
[2019.03.14-22.18.42:528][  0]LogXGEController: Cleaning working directory: C:/Users/VR Club/AppData/Local/Temp/UnrealXGEWorkingDir/
[2019.03.14-22.18.42:529][  0]LogXGEController: Cannot use XGE Controller as Incredibuild is not installed on this machine.
[2019.03.14-22.18.42:529][  0]LogShaderCompilers: Cannot use XGE Shader Compiler as Incredibuild is not installed on this machine.
[2019.03.14-22.18.42:529][  0]LogShaderCompilers: Display: Using Local Shader Compiler.
[2019.03.14-22.18.55:360][  0]LogDerivedDataCache: Display: Max Cache Size: 512 MB
[2019.03.14-22.18.55:485][  0]LogDerivedDataCache: Loaded boot cache 0.13s 149MB C:/Users/VR Club/AppData/Local/UnrealEngine/4.21/DerivedDataCache/Boot.ddc.
[2019.03.14-22.18.55:485][  0]LogDerivedDataCache: Display: Loaded Boot cache: C:/Users/VR Club/AppData/Local/UnrealEngine/4.21/DerivedDataCache/Boot.ddc
[2019.03.14-22.18.55:485][  0]LogDerivedDataCache: FDerivedDataBackendGraph:  Pak pak cache file ../../../../../../Users/VR Club/Desktop/CMSC388/CMSC388G/Project2/Project1/DerivedDataCache/DDC.ddp not found, will not use a pak cache.
[2019.03.14-22.18.55:485][  0]LogDerivedDataCache: Unable to find inner node Pak for hierarchical cache Hierarchy.
[2019.03.14-22.18.55:485][  0]LogDerivedDataCache: FDerivedDataBackendGraph:  CompressedPak pak cache file ../../../../../../Users/VR Club/Desktop/CMSC388/CMSC388G/Project2/Project1/DerivedDataCache/Compressed.ddp not found, will not use a pak cache.
[2019.03.14-22.18.55:485][  0]LogDerivedDataCache: Unable to find inner node CompressedPak for hierarchical cache Hierarchy.
[2019.03.14-22.18.55:509][  0]LogDerivedDataCache: Display: Pak cache opened for reading ../../../Engine/DerivedDataCache/Compressed.ddp.
[2019.03.14-22.18.55:509][  0]LogDerivedDataCache: FDerivedDataBackendGraph:  EnterprisePak pak cache file ../../../Enterprise/DerivedDataCache/Compressed.ddp not found, will not use a pak cache.
[2019.03.14-22.18.55:509][  0]LogDerivedDataCache: Unable to find inner node EnterprisePak for hierarchical cache Hierarchy.
[2019.03.14-22.18.55:522][  0]LogDerivedDataCache: Using Local data cache path C:/Users/VR Club/AppData/Local/UnrealEngine/Common/DerivedDataCache: Writable
[2019.03.14-22.18.55:522][  0]LogDerivedDataCache: Shared data cache path not found in *engine.ini, will not use an Shared cache.
[2019.03.14-22.18.55:522][  0]LogDerivedDataCache: Unable to find inner node Shared for hierarchical cache Hierarchy.
[2019.03.14-22.18.55:560][  0]LogMaterial: Verifying Global Shaders for PCD3D_SM5
[2019.03.14-22.18.55:562][  0]LogSlate: Using FreeType 2.6.0
[2019.03.14-22.18.55:847][  0]LogSlate: SlateFontServices - WITH_FREETYPE: 1, WITH_HARFBUZZ: 1
[2019.03.14-22.19.00:433][  0]LogAssetRegistry: FAssetRegistry took 0.1564 seconds to start up
[2019.03.14-22.19.01:158][  0]LogInit: Selected Device Profile: [Windows]
[2019.03.14-22.19.01:628][  0]LogSimplygon: Simplygon DLL not present - disabling.
[2019.03.14-22.19.01:636][  0]LogMeshReduction: Using SimplygonSwarm for distributed automatic mesh merging
[2019.03.14-22.19.01:636][  0]LogMeshReduction: Using ProxyLODMeshReduction for automatic mesh merging
[2019.03.14-22.19.01:636][  0]LogMeshReduction: Using QuadricMeshReduction for automatic static mesh reduction
[2019.03.14-22.19.01:636][  0]LogMeshReduction: No automatic skeletal mesh reduction module available
[2019.03.14-22.19.01:986][  0]LogNetVersion: Project1 1.0.0, NetCL: 4541578, EngineNetVer: 5, GameNetVer: 0 (Checksum: 1836585228)
[2019.03.14-22.19.03:789][  0]LogPackageLocalizationCache: Processed 11 localized package path(s) for 2 prioritized culture(s) in 0.195273 seconds
[2019.03.14-22.19.03:802][  0]LogUObjectArray: 39775 objects as part of root set at end of initial load.
[2019.03.14-22.19.03:802][  0]LogUObjectAllocator: 6914664 out of 0 bytes used by permanent object pool.
[2019.03.14-22.19.03:802][  0]LogUObjectArray: CloseDisregardForGC: 0/0 objects in disregard for GC pool
[2019.03.14-22.19.49:180][  0]LogTcpMessaging: Initializing TcpMessaging bridge
[2019.03.14-22.19.49:194][  0]LogUdpMessaging: Initializing bridge on interface 0.0.0.0:0 to multicast group 230.0.0.1:6666.
[2019.03.14-22.19.59:103][  0]SourceControl: Source control is disabled
[2019.03.14-22.19.59:172][  0]SourceControl: Source control is disabled
[2019.03.14-22.19.59:477][  0]SourceControl: Source control is disabled
[2019.03.14-22.19.59:627][  0]SourceControl: Source control is disabled
[2019.03.14-22.20.06:154][  0]LogAndroidPermission: UAndroidPermissionCallbackProxy::GetInstance
[2019.03.14-22.20.07:343][  0]LogOcInput: OculusInput pre-init called
[2019.03.14-22.20.11:578][  0]LogAutomationTest: Warning: Smoke tests took > 2s to run: 2.30s
[2019.03.14-22.20.12:099][  0]LogEngine: Initializing Engine...
[2019.03.14-22.20.12:244][  0]LogHMD: SteamVR initialized.  Driver: oculus  Display: WMHD303G101332
[2019.03.14-22.20.12:337][  0]LogStats: UGameplayTagsManager::ConstructGameplayTagTree: ImportINI prefixes -  0.000 s
[2019.03.14-22.20.12:338][  0]LogStats: UGameplayTagsManager::ConstructGameplayTagTree: Construct from data asset -  0.000 s
[2019.03.14-22.20.12:338][  0]LogStats: UGameplayTagsManager::ConstructGameplayTagTree: ImportINI -  0.000 s
[2019.03.14-22.20.12:338][  0]LogStats: UGameplayTagsManager::ConstructGameplayTagTree: GameplayTagTreeChangedEvent.Broadcast -  0.000 s
[2019.03.14-22.20.16:190][  0]LogInit: Initializing FReadOnlyCVARCache
[2019.03.14-22.20.19:396][  0]LogAIModule: Creating AISystem for world Untitled
[2019.03.14-22.20.21:146][  0]LogInit: XAudio2 using 'Speakers / Headphones (Realtek High Definition Audio)' : 2 channels at 48 kHz using 32 bits per sample (channel mask 0x3)
[2019.03.14-22.20.21:652][  0]LogInit: FAudioDevice initialized.
[2019.03.14-22.20.21:938][  0]LogNetVersion: Set ProjectVersion to 1.0.0.0. Version Checksum will be recalculated on next use.
[2019.03.14-22.20.23:166][  0]LogDerivedDataCache: Saved boot cache 1.23s 71MB C:/Users/VR Club/AppData/Local/UnrealEngine/4.21/DerivedDataCache/Boot.ddc.
[2019.03.14-22.20.23:172][  0]LogInit: Texture streaming: Enabled
[2019.03.14-22.20.25:741][  0]LogEngineSessionManager: EngineSessionManager initialized
[2019.03.14-22.20.25:742][  0]LogEngineSessionManager: EngineSessionManager sent abnormal shutdown report. Type=AbnormalShutdown, SessionId={962B5CD1-4784-1F70-A74F-93BA879E95BD}
[2019.03.14-22.20.27:360][  0]LogInit: Transaction tracking system initialized
[2019.03.14-22.20.29:308][  0]BlueprintLog: New page: Editor Load
[2019.03.14-22.20.36:981][  0]LocalizationService: Localization service is disabled
[2019.03.14-22.20.53:970][  0]LogCook: Display: Max memory allowance for cook 16384mb min free memory 0mb
[2019.03.14-22.20.53:971][  0]LogCook: Display: Mobile HDR setting 1
[2019.03.14-22.20.54:022][  0]LogGameplayTags: Display: UGameplayTagsManager::DoneAddingNativeTags. DelegateIsBound: 0
[2019.03.14-22.20.54:023][  0]LogStats: UGameplayTagsManager::ConstructGameplayTagTree: ImportINI prefixes -  0.000 s
[2019.03.14-22.20.54:023][  0]LogStats: UGameplayTagsManager::ConstructGameplayTagTree: Construct from data asset -  0.000 s
[2019.03.14-22.20.54:023][  0]LogStats: UGameplayTagsManager::ConstructGameplayTagTree: ImportINI -  0.000 s
[2019.03.14-22.20.54:023][  0]LogStats: UGameplayTagsManager::ConstructGameplayTagTree: GameplayTagTreeChangedEvent.Broadcast -  0.000 s
[2019.03.14-22.20.54:104][  0]LogFileCache: Scanning file cache for directory 'C:/Users/VR Club/Desktop/CMSC388/CMSC388G/Project2/Project1/Content/' took 0.15s
[2019.03.14-22.21.06:838][  0]SourceControl: Source control is disabled
[2019.03.14-22.21.07:060][  0]Cmd: MAP LOAD FILE="../../../Engine/Content/Maps/Templates/Template_Default.umap" TEMPLATE=1 SHOWPROGRESS=1 FEATURELEVEL=3
[2019.03.14-22.21.07:507][  0]LightingResults: New page: Lighting Build
[2019.03.14-22.21.09:073][  0]MapCheck: New page: Map Check
[2019.03.14-22.21.09:073][  0]LightingResults: New page: Lighting Build
[2019.03.14-22.21.21:328][  0]LogAIModule: Creating AISystem for world Untitled_1
[2019.03.14-22.21.24:587][  0]LogEditorServer: Finished looking for orphan Actors (0.000 secs)
[2019.03.14-22.21.25:490][  0]Cmd: MAP CHECKDEP NOCLEARLOG
[2019.03.14-22.21.25:524][  0]MapCheck: Map check complete: 0 Error(s), 0 Warning(s), took 0.195ms to complete.
[2019.03.14-22.21.25:530][  0]LogFileHelpers: Loading map 'Template_Default' took 18.545
[2019.03.14-22.21.31:746][  0]LogSlate: Updating window title bar state: overlay mode, drag disabled, window buttons hidden, title bar hidden
[2019.03.14-22.21.32:013][  0]LogSlate: Updating window title bar state: overlay mode, drag disabled, window buttons hidden, title bar hidden
[2019.03.14-22.21.32:025][  0]LogSlate: Updating window title bar state: overlay mode, drag disabled, window buttons hidden, title bar hidden
[2019.03.14-22.21.32:037][  0]LogSlate: Updating window title bar state: overlay mode, drag disabled, window buttons hidden, title bar hidden
[2019.03.14-22.21.32:668][  0]LogCollectionManager: Loaded 0 collections in 0.004224 seconds
[2019.03.14-22.21.33:595][  0]LogFileCache: Scanning file cache for directory 'C:/Users/VR Club/Desktop/CMSC388/CMSC388G/Project2/Project1/Saved/Collections/' took 0.01s
[2019.03.14-22.21.33:595][  0]LogFileCache: Scanning file cache for directory 'C:/Users/VR Club/Desktop/CMSC388/CMSC388G/Project2/Project1/Content/Developers/VRClub/Collections/' took 0.01s
[2019.03.14-22.21.33:595][  0]LogFileCache: Scanning file cache for directory 'C:/Users/VR Club/Desktop/CMSC388/CMSC388G/Project2/Project1/Content/Collections/' took 0.01s
[2019.03.14-22.21.33:595][  0]LogCollectionManager: Rebuilt the GUID cache for 0 collections in 0.000001 seconds
[2019.03.14-22.21.33:904][  0]LogContentBrowser: Native class hierarchy populated in 0.2479 seconds. Added 2654 classes and 622 folders.
[2019.03.14-22.21.34:356][  0]LogContentBrowser: Native class hierarchy updated for 'WidgetCarousel' in 0.0005 seconds. Added 0 classes and 0 folders.
[2019.03.14-22.21.35:045][  0]LogPakFile: Registered encryption key '00000000000000000000000000000000': 0 pak files mounted, 0 remain pending
[2019.03.14-22.21.35:164][  0]LogPakFile: Registered encryption key '00000000000000000000000000000000': 0 pak files mounted, 0 remain pending
[2019.03.14-22.21.35:237][  0]LogPakFile: Registered encryption key '00000000000000000000000000000000': 0 pak files mounted, 0 remain pending
[2019.03.14-22.21.35:275][  0]LogPakFile: Registered encryption key '00000000000000000000000000000000': 0 pak files mounted, 0 remain pending
[2019.03.14-22.21.35:309][  0]LogPakFile: Registered encryption key '00000000000000000000000000000000': 0 pak files mounted, 0 remain pending
[2019.03.14-22.21.35:372][  0]LogPakFile: Registered encryption key '00000000000000000000000000000000': 0 pak files mounted, 0 remain pending
[2019.03.14-22.21.35:404][  0]LogPakFile: Registered encryption key '00000000000000000000000000000000': 0 pak files mounted, 0 remain pending
[2019.03.14-22.21.35:438][  0]LogPakFile: Registered encryption key '00000000000000000000000000000000': 0 pak files mounted, 0 remain pending
[2019.03.14-22.21.35:472][  0]LogPakFile: Registered encryption key '00000000000000000000000000000000': 0 pak files mounted, 0 remain pending
[2019.03.14-22.21.35:503][  0]LogPakFile: Registered encryption key '00000000000000000000000000000000': 0 pak files mounted, 0 remain pending
[2019.03.14-22.21.35:574][  0]LogPakFile: Registered encryption key '00000000000000000000000000000000': 0 pak files mounted, 0 remain pending
[2019.03.14-22.21.35:580][  0]LogPakFile: Registered encryption key '00000000000000000000000000000000': 0 pak files mounted, 0 remain pending
[2019.03.14-22.21.35:611][  0]LogPakFile: Registered encryption key '00000000000000000000000000000000': 0 pak files mounted, 0 remain pending
[2019.03.14-22.21.35:722][  0]LogPakFile: Registered encryption key '00000000000000000000000000000000': 0 pak files mounted, 0 remain pending
[2019.03.14-22.21.35:927][  0]LogPakFile: Registered encryption key '00000000000000000000000000000000': 0 pak files mounted, 0 remain pending
[2019.03.14-22.21.35:972][  0]LogPakFile: Registered encryption key '00000000000000000000000000000000': 0 pak files mounted, 0 remain pending
[2019.03.14-22.21.36:037][  0]LogPakFile: Registered encryption key '00000000000000000000000000000000': 0 pak files mounted, 0 remain pending
[2019.03.14-22.21.36:077][  0]LogPakFile: Registered encryption key '00000000000000000000000000000000': 0 pak files mounted, 0 remain pending
[2019.03.14-22.21.36:111][  0]LogPakFile: Registered encryption key '00000000000000000000000000000000': 0 pak files mounted, 0 remain pending
[2019.03.14-22.21.36:118][  0]LogPakFile: Registered encryption key '00000000000000000000000000000000': 0 pak files mounted, 0 remain pending
[2019.03.14-22.21.36:377][  0]LogPakFile: Registered encryption key '00000000000000000000000000000000': 0 pak files mounted, 0 remain pending
[2019.03.14-22.21.36:452][  0]LogPakFile: Registered encryption key '00000000000000000000000000000000': 0 pak files mounted, 0 remain pending
[2019.03.14-22.21.36:490][  0]LogPakFile: Registered encryption key '00000000000000000000000000000000': 0 pak files mounted, 0 remain pending
[2019.03.14-22.21.36:747][  0]LogPakFile: Registered encryption key '00000000000000000000000000000000': 0 pak files mounted, 0 remain pending
[2019.03.14-22.21.37:178][  0]LogPakFile: Registered encryption key '00000000000000000000000000000000': 0 pak files mounted, 0 remain pending
[2019.03.14-22.21.37:281][  0]LogPakFile: Registered encryption key '00000000000000000000000000000000': 0 pak files mounted, 0 remain pending
[2019.03.14-22.21.46:100][  0]LogContentBrowser: Native class hierarchy updated for 'AddContentDialog' in 0.0007 seconds. Added 0 classes and 0 folders.
[2019.03.14-22.21.46:658][  0]LogContentBrowser: Native class hierarchy updated for 'SceneOutliner' in 0.0005 seconds. Added 1 classes and 2 folders.
[2019.03.14-22.21.48:716][  0]LogSlate: Took 0.073530 seconds to synchronously load lazily loaded font '../../../Engine/Content/Slate/Fonts/Roboto-Regular.ttf' (155K)
[2019.03.14-22.21.48:821][  0]LogSlate: Took 0.063416 seconds to synchronously load lazily loaded font '../../../Engine/Content/Slate/Fonts/Roboto-Bold.ttf' (160K)
[2019.03.14-22.21.49:200][  0]LogSlate: Took 0.109148 seconds to synchronously load lazily loaded font '../../../Engine/Content/Editor/Slate/Fonts/FontAwesome.ttf' (139K)
[2019.03.14-22.21.52:533][  0]LogRenderer: Reallocating scene render targets to support 1208x596 Format 26 NumSamples 1 (Frame:1).
[2019.03.14-22.21.57:742][  0]LogContentBrowser: Native class hierarchy updated for 'HierarchicalLODOutliner' in 0.0006 seconds. Added 0 classes and 0 folders.
[2019.03.14-22.21.57:742][  0]LogLoad: (Engine Initialization) Total time: 226.73 seconds
[2019.03.14-22.21.57:742][  0]LogLoad: (Engine Initialization) Total Blueprint compile time: 0.26 seconds
[2019.03.14-22.21.59:790][  0]LogEditorViewport: Clicking on Actor (LMB): BP_Sky_Sphere_C (Sky Sphere)
[2019.03.14-22.22.02:615][  0]LogSlate: FSceneViewport::OnFocusLost() reason 0
[2019.03.14-22.22.06:242][  0]LogContentStreaming: Texture pool size now 1000 MB
[2019.03.14-22.22.08:173][  0]LogSlate: Took 0.247050 seconds to synchronously load lazily loaded font '../../../Engine/Content/Slate/Fonts/Roboto-Light.ttf' (167K)
[2019.03.14-22.22.15:184][  4]LogAssetRegistry: Asset discovery search completed in 194.7742 seconds
[2019.03.14-22.22.15:353][  4]LogCollectionManager: Rebuilt the object cache for 0 collections in 0.000001 seconds (found 0 objects)
[2019.03.14-22.22.15:353][  4]LogCollectionManager: Fixed up redirectors for 0 collections in 0.071704 seconds (updated 0 objects)
[2019.03.14-22.22.44:690][ 90]LogHMD: SteamVR Shutting down.
[2019.03.14-22.22.46:878][ 90]LogInit: XAudio2 using 'Speakers / Headphones (Realtek High Definition Audio)' : 2 channels at 48 kHz using 32 bits per sample (channel mask 0x3)
[2019.03.14-22.22.59:092][125]LogInit: XAudio2 using 'Speakers / Headphones (Realtek High Definition Audio)' : 2 channels at 48 kHz using 32 bits per sample (channel mask 0x3)
[2019.03.14-22.23.06:913][149]LogInit: XAudio2 using 'Speakers / Headphones (Realtek High Definition Audio)' : 2 channels at 48 kHz using 32 bits per sample (channel mask 0x3)
[2019.03.14-22.23.19:780][187]LogInit: XAudio2 using 'Speakers / Headphones (Realtek High Definition Audio)' : 2 channels at 48 kHz using 32 bits per sample (channel mask 0x3)
[2019.03.14-22.23.20:063][188]LogInit: XAudio2 using 'Speakers / Headphones (Realtek High Definition Audio)' : 2 channels at 48 kHz using 32 bits per sample (channel mask 0x3)
[2019.03.14-22.23.43:614][308]LogActor: Warning: PickupCube /Engine/Transient.World_0:PersistentLevel.PickupCube_0 has natively added scene component(s), but none of them were set as the actor's RootComponent - picking one arbitrarily
[2019.03.14-22.24.09:111][ 66]LogSlate: Took 0.027466 seconds to synchronously load lazily loaded font '../../../Engine/Content/Slate/Fonts/Roboto-Light.ttf' (167K)
[2019.03.14-22.24.13:939][ 66]LogLinker: Warning: Can't find file '/Game/VirtualRealityBP/Maps/MotionControllerMap_BuiltData'
[2019.03.14-22.24.13:939][ 66]LogLinker: Warning: Can't find file for asset '/Game/VirtualRealityBP/Maps/MotionControllerMap_BuiltData' while loading ../../../../../../Users/VR Club/Desktop/CMSC388/CMSC388G/Project2/Project1/Content/VirtualRealityBP/Maps/MotionControllerMap.umap.
[2019.03.14-22.24.13:939][ 66]LoadErrors: Error: /Game/VirtualRealityBP/Maps/MotionControllerMap : Can't find file for asset. /Game/VirtualRealityBP/Maps/MotionControllerMap_BuiltData
[2019.03.14-22.24.14:134][ 66]LogLinker: Warning: Can't find file '/Game/VirtualRealityBP/Maps/MotionControllerMap_BuiltData'
[2019.03.14-22.24.14:134][ 66]LogLinker: Warning: Can't find file for asset '/Game/VirtualRealityBP/Maps/MotionControllerMap_BuiltData' while loading ../../../../../../Users/VR Club/Desktop/CMSC388/CMSC388G/Project2/Project1/Content/VirtualRealityBP/Maps/MotionControllerMap.umap.
[2019.03.14-22.24.14:157][ 66]LogLinker: Warning: Can't find file '/Game/VirtualRealityBP/Maps/MotionControllerMap_BuiltData'
[2019.03.14-22.24.14:157][ 66]LogLinker: Warning: Can't find file for asset '/Game/VirtualRealityBP/Maps/MotionControllerMap_BuiltData' while loading NULL.
[2019.03.14-22.24.14:157][ 66]LogLinker: Warning: Can't find file '/Game/VirtualRealityBP/Maps/MotionControllerMap_BuiltData'
[2019.03.14-22.24.14:157][ 66]LogLinker: Warning: Can't find file for asset '/Game/VirtualRealityBP/Maps/MotionControllerMap_BuiltData' while loading NULL.
[2019.03.14-22.24.16:336][ 66]LogLinker: Warning: Can't find file '/Game/VirtualRealityBP/Maps/MotionControllerMap_BuiltData'
[2019.03.14-22.24.16:590][ 66]LoadErrors: Failed to load /Game/VirtualRealityBP/Maps/MotionControllerMap_BuiltData.MotionControllerMap_BuiltData Referenced by PersistentLevel
[2019.03.14-22.24.16:592][ 66]LogLinker: Warning: Can't find file for asset '/Game/VirtualRealityBP/Maps/MotionControllerMap_BuiltData' while loading NULL.
[2019.03.14-22.24.28:053][ 66]LogAIModule: Creating AISystem for world MotionControllerMap
[2019.03.14-22.24.28:469][ 66]LogAssetEditorManager: Opening Asset editor for World /Game/VirtualRealityBP/Maps/MotionControllerMap.MotionControllerMap
[2019.03.14-22.24.28:920][ 66]Cmd: MAP LOAD FILE="../../../../../../Users/VR Club/Desktop/CMSC388/CMSC388G/Project2/Project1/Content/VirtualRealityBP/Maps/MotionControllerMap.umap" TEMPLATE=0 SHOWPROGRESS=1 FEATURELEVEL=3
[2019.03.14-22.24.28:921][ 66]LightingResults: New page: Lighting Build
[2019.03.14-22.24.28:922][ 66]LoadErrors: New page: Loading map: MotionControllerMap.umap
[2019.03.14-22.24.29:328][ 66]MapCheck: New page: Map Check
[2019.03.14-22.24.29:328][ 66]LightingResults: New page: Lighting Build
[2019.03.14-22.24.30:784][ 66]LogEditorServer: Finished looking for orphan Actors (0.000 secs)
[2019.03.14-22.24.31:553][ 66]Cmd: MAP CHECKDEP NOCLEARLOG
[2019.03.14-22.24.31:554][ 66]MapCheck: Map check complete: 0 Error(s), 0 Warning(s), took 1.216ms to complete.
[2019.03.14-22.24.31:554][ 66]LogFileHelpers: Loading map 'MotionControllerMap' took 2.879
[2019.03.14-22.44.47:044][826]LogSlate: Only BGRA pngs, bmps or icos are supported in by External Image Picker
[2019.03.14-22.44.48:764][829]LogTemp: Executing iPhonePackager certificates Engine -bundlename com.YourCompany.Project1
[2019.03.14-22.44.48:764][829]LogTemp: CWD: C:\Program Files\Epic Games\UE_4.21\Engine\Binaries\DotNET\IOS
[2019.03.14-22.44.48:764][829]LogTemp: Initial Dir: C:\Program Files\Epic Games\UE_4.21
[2019.03.14-22.44.48:764][829]LogTemp: Env CWD: C:\Program Files\Epic Games\UE_4.21\Engine\Binaries\DotNET\IOS
[2019.03.14-22.44.48:764][829]LogTemp: BranchPath = DESKTOP-UNV0BID/C/Program Files/Epic Games/UE_4.21/Engine/Binaries --- GameBranchPath = DESKTOP-UNV0BID/C/Program Files/Epic Games/UE_4.21/Engine/Binaries
[2019.03.14-22.44.49:465][861]LogTemp: IPP ERROR: Could not find provision directory 'C:\Users\VR Club\AppData\Local/Apple Computer/MobileDevice/Provisioning Profiles/'.
[2019.03.14-22.52.23:560][816]LogSlate: Window 'Project Settings' being destroyed
[2019.03.14-22.52.23:565][816]LogSlate: Window 'Project Settings' being destroyed
[2019.03.14-22.54.44:239][311]LogSlate: Window 'Project1 - Unreal Editor' being destroyed
[2019.03.14-22.54.51:048][312]Cmd: QUIT_EDITOR
[2019.03.14-22.54.59:416][312]LogWindowsTextInputMethodSystem: Display: IME system now deactivated.
[2019.03.14-22.54.59:778][312]LogExit: Preparing to exit.
[2019.03.14-22.55.02:816][312]LogExit: Editor shut down
[2019.03.14-22.55.02:816][312]LogExit: Transaction tracking system shut down
[2019.03.14-22.55.12:535][312]LogExit: Object subsystem successfully closed.
[2019.03.14-22.55.12:866][312]LogShaderCompilers: Display: Shaders left to compile 0
[2019.03.14-22.55.12:870][312]LogD3D11RHI: Shutdown
[2019.03.14-22.55.12:870][312]LogD3D11RHI: CleanupD3DDevice
[2019.03.14-22.55.15:075][312]LogD3D11RHI: ~FD3D11DynamicRHI
[2019.03.14-22.55.30:291][312]LogModuleManager: Shutting down and abandoning module ExternalImagePicker (628)
[2019.03.14-22.55.30:291][312]LogModuleManager: Shutting down and abandoning module HierarchicalLODOutliner (626)
[2019.03.14-22.55.30:291][312]LogModuleManager: Shutting down and abandoning module SceneOutliner (624)
[2019.03.14-22.55.30:379][312]LogModuleManager: Shutting down and abandoning module AddContentDialog (622)
[2019.03.14-22.55.30:478][312]LogModuleManager: Shutting down and abandoning module WidgetCarousel (621)
[2019.03.14-22.55.30:478][312]LogModuleManager: Shutting down and abandoning module EditorWidgets (618)
[2019.03.14-22.55.30:478][312]LogModuleManager: Shutting down and abandoning module CollectionManager (616)
[2019.03.14-22.55.30:526][312]LogModuleManager: Shutting down and abandoning module HierarchicalLODUtilities (614)
[2019.03.14-22.55.30:545][312]LogModuleManager: Shutting down and abandoning module StatsViewer (612)
[2019.03.14-22.55.30:866][312]LogModuleManager: Shutting down and abandoning module FoliageEdit (610)
[2019.03.14-22.55.31:114][312]LogModuleManager: Shutting down and abandoning module LandscapeEditor (608)
[2019.03.14-22.55.31:348][312]LogModuleManager: Shutting down and abandoning module MeshPaintMode (606)
[2019.03.14-22.55.31:362][312]LogModuleManager: Shutting down and abandoning module SceneDepthPickerMode (604)
[2019.03.14-22.55.31:362][312]LogModuleManager: Shutting down and abandoning module ActorPickerMode (602)
[2019.03.14-22.55.31:362][312]LogModuleManager: Shutting down and abandoning module GeometryMode (600)
[2019.03.14-22.55.31:362][312]LogModuleManager: Shutting down and abandoning module TextureAlignMode (598)
[2019.03.14-22.55.31:362][312]LogModuleManager: Shutting down and abandoning module BspMode (596)
[2019.03.14-22.55.31:362][312]LogModuleManager: Shutting down and abandoning module PIEPreviewDeviceProfileSelector (594)
[2019.03.14-22.55.31:377][312]LogModuleManager: Shutting down and abandoning module SequenceRecorderSections (592)
[2019.03.14-22.55.31:410][312]LogModuleManager: Shutting down and abandoning module AutomationWorker (590)
[2019.03.14-22.55.31:410][312]LogModuleManager: Shutting down and abandoning module AudioCaptureEditor (588)
[2019.03.14-22.55.31:410][312]LogModuleManager: Shutting down and abandoning module MatineeToLevelSequence (586)
[2019.03.14-22.55.31:524][312]LogModuleManager: Shutting down and abandoning module LevelSequenceEditor (584)
[2019.03.14-22.55.31:718][312]LogModuleManager: Shutting down and abandoning module PlacementMode (583)
[2019.03.14-22.55.31:718][312]LogModuleManager: Shutting down and abandoning module MaterialEditor (582)
[2019.03.14-22.55.31:856][312]LogModuleManager: Shutting down and abandoning module WmfMediaFactory (578)
[2019.03.14-22.55.31:856][312]LogModuleManager: Shutting down and abandoning module WmfMediaEditor (576)
[2019.03.14-22.55.31:856][312]LogModuleManager: Shutting down and abandoning module WebMMediaFactory (574)
[2019.03.14-22.55.31:856][312]LogModuleManager: Shutting down and abandoning module WebMMediaEditor (572)
[2019.03.14-22.55.31:856][312]LogModuleManager: Shutting down and abandoning module WebMMedia (570)
[2019.03.14-22.55.31:890][312]LogModuleManager: Shutting down and abandoning module MediaPlayerEditor (568)
[2019.03.14-22.55.33:081][312]LogModuleManager: Shutting down and abandoning module MediaCompositingEditor (566)
[2019.03.14-22.55.33:323][312]LogModuleManager: Shutting down and abandoning module SequenceRecorder (565)
[2019.03.14-22.55.33:324][312]LogModuleManager: Shutting down and abandoning module OpenExrWrapper (562)
[2019.03.14-22.55.33:324][312]LogModuleManager: Shutting down and abandoning module ImgMediaFactory (560)
[2019.03.14-22.55.33:325][312]LogModuleManager: Shutting down and abandoning module ImgMediaEditor (558)
[2019.03.14-22.55.33:325][312]LogModuleManager: Shutting down and abandoning module AvfMediaFactory (556)
[2019.03.14-22.55.33:325][312]LogModuleManager: Shutting down and abandoning module AvfMediaEditor (554)
[2019.03.14-22.55.33:325][312]LogModuleManager: Shutting down and abandoning module AndroidMediaFactory (552)
[2019.03.14-22.55.33:325][312]LogModuleManager: Shutting down and abandoning module AndroidMediaEditor (550)
[2019.03.14-22.55.33:325][312]LogModuleManager: Shutting down and abandoning module MagicLeapCameraPreviewFactory (548)
[2019.03.14-22.55.33:325][312]LogModuleManager: Shutting down and abandoning module MagicLeapMediaFactory (546)
[2019.03.14-22.55.33:325][312]LogModuleManager: Shutting down and abandoning module MagicLeapMediaEditor (544)
[2019.03.14-22.55.33:325][312]LogModuleManager: Shutting down and abandoning module CharacterAI (542)
[2019.03.14-22.55.33:325][312]LogModuleManager: Shutting down and abandoning module SmartSnapping (540)
[2019.03.14-22.55.33:325][312]LogModuleManager: Shutting down and abandoning module SessionServices (538)
[2019.03.14-22.55.33:325][312]LogModuleManager: Shutting down and abandoning module ViewportSnapping (536)
[2019.03.14-22.55.33:325][312]LogModuleManager: Shutting down and abandoning module ViewportInteraction (534)
[2019.03.14-22.55.33:325][312]LogModuleManager: Shutting down and abandoning module ClothPainter (532)
[2019.03.14-22.55.33:409][312]LogModuleManager: Shutting down and abandoning module SkeletalMeshEditor (531)
[2019.03.14-22.55.33:425][312]LogModuleManager: Shutting down and abandoning module LogVisualizer (528)
[2019.03.14-22.55.34:278][312]LogModuleManager: Shutting down and abandoning module IntroTutorials (526)
[2019.03.14-22.55.34:649][312]LogModuleManager: Shutting down and abandoning module GameProjectGeneration (525)
[2019.03.14-22.55.34:682][312]LogModuleManager: Shutting down and abandoning module LuminPlatformEditor (522)
[2019.03.14-22.55.34:682][312]LogModuleManager: Shutting down and abandoning module IOSPlatformEditor (520)
[2019.03.14-22.55.34:682][312]LogModuleManager: Shutting down and abandoning module HTML5PlatformEditor (518)
[2019.03.14-22.55.34:682][312]LogModuleManager: Shutting down and abandoning module AndroidPlatformEditor (516)
[2019.03.14-22.55.34:682][312]LogModuleManager: Shutting down and abandoning module AndroidDeviceDetection (515)
[2019.03.14-22.55.36:096][312]LogModuleManager: Shutting down and abandoning module WindowsPlatformEditor (512)
[2019.03.14-22.55.36:096][312]LogModuleManager: Shutting down and abandoning module LuminRuntimeSettings (510)
[2019.03.14-22.55.36:096][312]LogModuleManager: Shutting down and abandoning module IOSRuntimeSettings (508)
[2019.03.14-22.55.36:096][312]LogModuleManager: Shutting down and abandoning module AndroidRuntimeSettings (506)
[2019.03.14-22.55.36:096][312]LogModuleManager: Shutting down and abandoning module TimeManagementEditor (504)
[2019.03.14-22.55.36:097][312]LogModuleManager: Shutting down and abandoning module InputBindingEditor (502)
[2019.03.14-22.55.36:161][312]LogModuleManager: Shutting down and abandoning module MergeActors (500)
[2019.03.14-22.55.36:604][312]LogModuleManager: Shutting down and abandoning module LocalizationDashboard (498)
[2019.03.14-22.55.37:272][312]LogModuleManager: Shutting down and abandoning module LocalizationService (497)
[2019.03.14-22.55.37:802][312]LogModuleManager: Shutting down and abandoning module HardwareTargeting (494)
[2019.03.14-22.55.37:802][312]LogModuleManager: Shutting down and abandoning module DeviceProfileEditor (492)
[2019.03.14-22.55.37:911][312]LogModuleManager: Shutting down and abandoning module UndoHistory (490)
[2019.03.14-22.55.37:989][312]LogModuleManager: Shutting down and abandoning module XmlParser (488)
[2019.03.14-22.55.37:989][312]LogModuleManager: Shutting down and abandoning module Blutility (486)
[2019.03.14-22.55.38:160][312]LogModuleManager: Shutting down and abandoning module ProjectSettingsViewer (484)
[2019.03.14-22.55.38:160][312]LogModuleManager: Shutting down and abandoning module ProjectTargetPlatformEditor (483)
[2019.03.14-22.55.38:160][312]LogModuleManager: Shutting down and abandoning module EditorSettingsViewer (480)
[2019.03.14-22.55.38:160][312]LogModuleManager: Shutting down and abandoning module SettingsEditor (478)
[2019.03.14-22.55.38:288][312]LogModuleManager: Shutting down and abandoning module ProjectLauncher (476)
[2019.03.14-22.55.38:446][312]LogModuleManager: Shutting down and abandoning module SessionFrontend (474)
[2019.03.14-22.55.38:721][312]LogModuleManager: Shutting down and abandoning module ProfilerClient (472)
[2019.03.14-22.55.39:221][312]LogModuleManager: Shutting down and abandoning module DeviceManager (470)
[2019.03.14-22.55.39:629][312]LogModuleManager: Shutting down and abandoning module TargetDeviceServices (469)
[2019.03.14-22.55.39:684][312]LogModuleManager: Shutting down and abandoning module AutomationController (466)
[2019.03.14-22.55.40:437][312]LogModuleManager: Shutting down and abandoning module AutomationWindow (464)
[2019.03.14-22.55.40:610][312]LogModuleManager: Shutting down and abandoning module Layers (462)
[2019.03.14-22.55.41:090][312]LogModuleManager: Shutting down and abandoning module ComponentVisualizers (460)
[2019.03.14-22.55.41:090][312]LogModuleManager: Shutting down and abandoning module DetailCustomizations (458)
[2019.03.14-22.55.41:390][312]LogModuleManager: Shutting down and abandoning module PackagesDialog (456)
[2019.03.14-22.55.41:833][312]LogModuleManager: Shutting down and abandoning module Persona (454)
[2019.03.14-22.55.42:598][312]LogModuleManager: Shutting down and abandoning module AdvancedPreviewScene (453)
[2019.03.14-22.55.42:599][312]LogModuleManager: Shutting down and abandoning module AnimGraph (451)
[2019.03.14-22.55.42:991][312]LogModuleManager: Shutting down and abandoning module Kismet (448)
[2019.03.14-22.55.43:938][312]LogModuleManager: Shutting down and abandoning module GraphEditor (446)
[2019.03.14-22.55.45:409][312]LogModuleManager: Shutting down and abandoning module ClassViewer (444)
[2019.03.14-22.55.45:409][312]LogModuleManager: Shutting down and abandoning module Toolbox (442)
[2019.03.14-22.55.45:409][312]LogModuleManager: Shutting down and abandoning module DesktopPlatform (441)
[2019.03.14-22.55.45:917][312]LogModuleManager: Shutting down and abandoning module ModuleUI (438)
[2019.03.14-22.55.45:954][312]LogModuleManager: Shutting down and abandoning module MovieSceneTools (436)
[2019.03.14-22.55.45:954][312]LogModuleManager: Shutting down and abandoning module OutputLog (434)
[2019.03.14-22.55.45:954][312]LogModuleManager: Shutting down and abandoning module GammaUI (432)
[2019.03.14-22.55.45:964][312]LogModuleManager: Shutting down and abandoning module Documentation (430)
[2019.03.14-22.55.45:964][312]LogModuleManager: Shutting down and abandoning module MovieSceneTracks (428)
[2019.03.14-22.55.45:964][312]LogModuleManager: Shutting down and abandoning module MovieScene (426)
[2019.03.14-22.55.46:020][312]LogModuleManager: Shutting down and abandoning module StreamingPauseRendering (424)
[2019.03.14-22.55.46:149][312]LogModuleManager: Shutting down and abandoning module LauncherPlatform (422)
[2019.03.14-22.55.46:149][312]LogModuleManager: Shutting down and abandoning module AnalyticsET (420)
[2019.03.14-22.55.46:149][312]LogModuleManager: Shutting down and abandoning module PortalServices (418)
[2019.03.14-22.55.46:149][312]LogModuleManager: Shutting down and abandoning module PortalRpc (416)
[2019.03.14-22.55.46:149][312]LogModuleManager: Shutting down and abandoning module MessagingRpc (414)
[2019.03.14-22.55.46:149][312]LogModuleManager: Shutting down and abandoning module AIModule (412)
[2019.03.14-22.55.46:837][312]LogModuleManager: Shutting down and abandoning module GameplayDebugger (411)
[2019.03.14-22.55.46:844][312]LogModuleManager: Shutting down and abandoning module AITestSuite (409)
[2019.03.14-22.55.47:133][312]LogModuleManager: Shutting down and abandoning module NavigationSystem (407)
[2019.03.14-22.55.47:133][312]LogModuleManager: Shutting down and abandoning module ImageWriteQueue (404)
[2019.03.14-22.55.47:136][312]LogModuleManager: Shutting down and abandoning module ProfilerService (402)
[2019.03.14-22.55.47:372][312]LogModuleManager: Shutting down and abandoning module TaskGraph (400)
[2019.03.14-22.55.48:585][312]LogModuleManager: Shutting down and abandoning module SteamVRController (398)
[2019.03.14-22.55.48:585][312]LogModuleManager: Shutting down and abandoning module ProceduralMeshComponentEditor (396)
[2019.03.14-22.55.48:585][312]LogModuleManager: Shutting down and abandoning module ProceduralMeshComponent (394)
[2019.03.14-22.55.48:734][312]LogModuleManager: Shutting down and abandoning module OculusInput (392)
[2019.03.14-22.55.48:734][312]LogModuleManager: Shutting down and abandoning module MobilePatchingUtils (390)
[2019.03.14-22.55.48:734][312]LogModuleManager: Shutting down and abandoning module EditableMesh (388)
[2019.03.14-22.55.48:834][312]LogModuleManager: Shutting down and abandoning module CustomMeshComponent (386)
[2019.03.14-22.55.48:834][312]LogModuleManager: Shutting down and abandoning module CableComponent (384)
[2019.03.14-22.55.49:321][312]LogModuleManager: Shutting down and abandoning module AudioCapture (382)
[2019.03.14-22.55.49:321][312]LogModuleManager: Shutting down and abandoning module ArchVisCharacter (380)
[2019.03.14-22.55.49:321][312]LogModuleManager: Shutting down and abandoning module AndroidPermission (378)
[2019.03.14-22.55.49:321][312]LogModuleManager: Shutting down and abandoning module NUTUnrealEngine4 (376)
[2019.03.14-22.55.49:506][312]LogModuleManager: Shutting down and abandoning module NetcodeUnitTest (374)
[2019.03.14-22.55.50:114][312]LogModuleManager: Shutting down and abandoning module MediaCompositing (372)
[2019.03.14-22.55.50:114][312]LogModuleManager: Shutting down and abandoning module LinearTimecode (370)
[2019.03.14-22.55.50:114][312]LogModuleManager: Shutting down and abandoning module ImgMedia (368)
[2019.03.14-22.55.50:346][312]LogModuleManager: Shutting down and abandoning module HTML5Networking (366)
[2019.03.14-22.55.50:346][312]LogModuleManager: Shutting down and abandoning module GeometryCacheTracks (364)
[2019.03.14-22.55.50:346][312]LogModuleManager: Shutting down and abandoning module GeometryCacheSequencer (362)
[2019.03.14-22.55.50:346][312]LogModuleManager: Shutting down and abandoning module BackChannel (360)
[2019.03.14-22.55.50:508][312]LogModuleManager: Shutting down and abandoning module AppleVision (358)
[2019.03.14-22.55.50:508][312]LogModuleManager: Shutting down and abandoning module AppleImageUtilsBlueprintSupport (356)
[2019.03.14-22.55.50:508][312]LogModuleManager: Shutting down and abandoning module AppleImageUtils (354)
[2019.03.14-22.55.50:508][312]LogModuleManager: Shutting down and abandoning module AlembicImporter (352)
[2019.03.14-22.55.50:508][312]LogModuleManager: Shutting down and abandoning module AlembicLibrary (351)
[2019.03.14-22.55.50:508][312]LogModuleManager: Shutting down and abandoning module GeometryCache (350)
[2019.03.14-22.55.50:508][312]LogModuleManager: Shutting down and abandoning module GeometryCacheEd (349)
[2019.03.14-22.55.50:508][312]LogModuleManager: Shutting down and abandoning module VariantManagerContent (344)
[2019.03.14-22.55.50:508][312]LogModuleManager: Shutting down and abandoning module DatasmithContentEditor (342)
[2019.03.14-22.55.50:867][312]LogModuleManager: Shutting down and abandoning module SpeedTreeImporter (340)
[2019.03.14-22.55.50:867][312]LogModuleManager: Shutting down and abandoning module PluginBrowser (338)
[2019.03.14-22.55.51:616][312]LogModuleManager: Shutting down and abandoning module MobileLauncherProfileWizard (336)
[2019.03.14-22.55.52:000][312]LogModuleManager: Shutting down and abandoning module PolygonModeling (334)
[2019.03.14-22.55.52:000][312]LogModuleManager: Shutting down and abandoning module MeshEditor (332)
[2019.03.14-22.55.52:478][312]LogModuleManager: Shutting down and abandoning module CryptoKeysOpenSSL (330)
[2019.03.14-22.55.52:827][312]LogModuleManager: Shutting down and abandoning module CryptoKeys (328)
[2019.03.14-22.55.52:828][312]LogModuleManager: Shutting down and abandoning module VisualStudioSourceCodeAccess (326)
[2019.03.14-22.55.52:828][312]LogModuleManager: Shutting down and abandoning module VisualStudioCodeSourceCodeAccess (324)
[2019.03.14-22.55.52:828][312]LogModuleManager: Shutting down and abandoning module UObjectPlugin (322)
[2019.03.14-22.55.52:828][312]LogModuleManager: Shutting down and abandoning module SubversionSourceControl (320)
[2019.03.14-22.55.52:939][312]LogModuleManager: Shutting down and abandoning module PerforceSourceControl (318)
[2019.03.14-22.55.53:744][312]LogModuleManager: Shutting down and abandoning module GitSourceControl (316)
[2019.03.14-22.55.54:037][312]LogModuleManager: Shutting down and abandoning module SourceControl (315)
[2019.03.14-22.55.54:112][312]LogModuleManager: Shutting down and abandoning module CLionSourceCodeAccess (312)
[2019.03.14-22.55.54:294][312]LogModuleManager: Shutting down and abandoning module ActorLayerUtilitiesEditor (310)
[2019.03.14-22.55.54:294][312]LogModuleManager: Shutting down and abandoning module ActorLayerUtilities (308)
[2019.03.14-22.55.54:294][312]LogModuleManager: Shutting down and abandoning module LightPropagationVolumeEditor (306)
[2019.03.14-22.55.54:294][312]LogModuleManager: Shutting down and abandoning module PaperTiledImporter (304)
[2019.03.14-22.55.54:294][312]LogModuleManager: Shutting down and abandoning module PaperSpriteSheetImporter (302)
[2019.03.14-22.55.54:409][312]LogModuleManager: Shutting down and abandoning module Paper2DEditor (300)
[2019.03.14-22.55.55:086][312]LogModuleManager: Shutting down and abandoning module MeshPaint (299)
[2019.03.14-22.55.55:865][312]LogModuleManager: Shutting down and abandoning module Project1 (296)
[2019.03.14-22.55.55:865][312]LogModuleManager: Shutting down and abandoning module RuntimePhysXCooking (294)
[2019.03.14-22.55.55:865][312]LogModuleManager: Shutting down and abandoning module PhysXVehiclesEditor (292)
[2019.03.14-22.55.55:865][312]LogModuleManager: Shutting down and abandoning module PhysXVehicles (290)
[2019.03.14-22.55.55:865][312]LogModuleManager: Shutting down and abandoning module OculusEditor (288)
[2019.03.14-22.55.55:865][312]LogModuleManager: Shutting down and abandoning module LocationServicesBPLibrary (286)
[2019.03.14-22.55.55:865][312]LogModuleManager: Shutting down and abandoning module ActorSequence (284)
[2019.03.14-22.55.55:865][312]LogModuleManager: Shutting down and abandoning module UdpMessaging (282)
[2019.03.14-22.55.55:966][312]LogModuleManager: Shutting down and abandoning module TcpMessaging (280)
[2019.03.14-22.55.56:067][312]LogModuleManager: Shutting down and abandoning module MagicLeapAudio (278)
[2019.03.14-22.55.56:067][312]LogModuleManager: Shutting down and abandoning module GameplayTagsEditor (276)
[2019.03.14-22.55.56:067][312]LogModuleManager: Shutting down and abandoning module FacialAnimationEditor (274)
[2019.03.14-22.55.56:067][312]LogModuleManager: Shutting down and abandoning module FacialAnimation (272)
[2019.03.14-22.55.56:067][312]LogModuleManager: Shutting down and abandoning module DataValidation (270)
[2019.03.14-22.55.56:067][312]LogModuleManager: Shutting down and abandoning module AssetManagerEditor (268)
[2019.03.14-22.55.56:067][312]LogModuleManager: Shutting down and abandoning module LevelEditor (267)
[2019.03.14-22.55.56:068][312]LogModuleManager: Shutting down and abandoning module PixelInspectorModule (266)
[2019.03.14-22.55.56:068][312]LogModuleManager: Shutting down and abandoning module CommonMenuExtensions (264)
[2019.03.14-22.55.56:068][312]LogModuleManager: Shutting down and abandoning module MainFrame (262)
[2019.03.14-22.55.56:068][312]LogModuleManager: Shutting down and abandoning module HotReload (261)
[2019.03.14-22.55.56:068][312]LogModuleManager: Shutting down and abandoning module ContentBrowser (257)
[2019.03.14-22.55.56:069][312]LogModuleManager: Shutting down and abandoning module TreeMap (255)
[2019.03.14-22.55.56:069][312]LogModuleManager: Shutting down and abandoning module LightPropagationVolumeRuntime (252)
[2019.03.14-22.55.56:069][312]LogModuleManager: Shutting down and abandoning module AISupportModule (250)
[2019.03.14-22.55.56:069][312]LogModuleManager: Shutting down and abandoning module Paper2D (248)
[2019.03.14-22.55.56:069][312]LogModuleManager: Shutting down and abandoning module WindowsMoviePlayer (246)
[2019.03.14-22.55.56:069][312]LogModuleManager: Shutting down and abandoning module WebMMoviePlayer (244)
[2019.03.14-22.55.56:069][312]LogModuleManager: Shutting down and abandoning module WmfMedia (242)
[2019.03.14-22.55.56:071][312]LogModuleManager: Shutting down and abandoning module Media (241)
[2019.03.14-22.55.56:077][312]LogModuleManager: Shutting down and abandoning module PacketHandler (238)
[2019.03.14-22.55.56:077][312]LogModuleManager: Shutting down and abandoning module ClothingSystemEditor (236)
[2019.03.14-22.55.56:077][312]LogModuleManager: Shutting down and abandoning module ClothingSystemRuntime (234)
[2019.03.14-22.55.56:078][312]LogModuleManager: Shutting down and abandoning module MediaAssets (232)
[2019.03.14-22.55.56:078][312]LogModuleManager: Shutting down and abandoning module Overlay (230)
[2019.03.14-22.55.56:078][312]LogModuleManager: Shutting down and abandoning module OverlayEditor (229)
[2019.03.14-22.55.56:078][312]LogModuleManager: Shutting down and abandoning module VREditor (226)
[2019.03.14-22.55.56:078][312]LogModuleManager: Shutting down and abandoning module StringTableEditor (224)
[2019.03.14-22.55.56:078][312]LogModuleManager: Shutting down and abandoning module GameplayTasksEditor (222)
[2019.03.14-22.55.56:078][312]LogModuleManager: Shutting down and abandoning module BehaviorTreeEditor (220)
[2019.03.14-22.55.56:078][312]LogModuleManager: Shutting down and abandoning module FunctionalTesting (218)
[2019.03.14-22.55.56:078][312]LogModuleManager: Shutting down and abandoning module CollisionAnalyzer (216)
[2019.03.14-22.55.56:078][312]LogModuleManager: Shutting down and abandoning module WorkspaceMenuStructure (215)
[2019.03.14-22.55.56:078][312]LogModuleManager: Shutting down and abandoning module UMG (212)
[2019.03.14-22.55.56:078][312]LogModuleManager: Shutting down and abandoning module UMGEditor (211)
[2019.03.14-22.55.56:078][312]LogModuleManager: Shutting down and abandoning module Sequencer (210)
[2019.03.14-22.55.56:372][312]LogModuleManager: Shutting down and abandoning module MessageLog (207)
[2019.03.14-22.55.56:372][312]LogModuleManager: Shutting down and abandoning module SlateReflector (202)
[2019.03.14-22.55.56:372][312]LogModuleManager: Shutting down and abandoning module Slate (200)
[2019.03.14-22.55.56:372][312]LogModuleManager: Shutting down and abandoning module EditorStyle (198)
[2019.03.14-22.55.56:374][312]LogModuleManager: Shutting down and abandoning module MRMesh (196)
[2019.03.14-22.55.56:374][312]LogModuleManager: Shutting down and abandoning module SourceCodeAccess (194)
[2019.03.14-22.55.56:374][312]LogModuleManager: Shutting down and abandoning module HeadMountedDisplay (192)
[2019.03.14-22.55.56:374][312]LogModuleManager: Shutting down and abandoning module XAudio2 (190)
[2019.03.14-22.55.56:374][312]LogModuleManager: Shutting down and abandoning module Networking (188)
[2019.03.14-22.55.56:374][312]LogModuleManager: Shutting down and abandoning module Core (186)
[2019.03.14-22.55.56:374][312]LogModuleManager: Shutting down and abandoning module LevelSequence (184)
[2019.03.14-22.55.56:374][312]LogModuleManager: Shutting down and abandoning module KismetCompiler (182)
[2019.03.14-22.55.56:374][312]LogModuleManager: Shutting down and abandoning module MeshUtilities (180)
[2019.03.14-22.55.56:374][312]LogModuleManager: Shutting down and abandoning module MeshMergeUtilities (179)
[2019.03.14-22.55.56:375][312]LogModuleManager: Shutting down and abandoning module MeshReductionInterface (178)
[2019.03.14-22.55.56:375][312]LogModuleManager: Shutting down and abandoning module SimplygonSwarm (177)
[2019.03.14-22.55.56:375][312]LogModuleManager: Shutting down and abandoning module ProxyLODMeshReduction (175)
[2019.03.14-22.55.56:375][312]LogModuleManager: Shutting down and abandoning module SimplygonMeshReduction (173)
[2019.03.14-22.55.56:375][312]LogModuleManager: Shutting down and abandoning module QuadricMeshReduction (171)
[2019.03.14-22.55.56:375][312]LogModuleManager: Shutting down and abandoning module MaterialBaking (167)
[2019.03.14-22.55.56:375][312]LogModuleManager: Shutting down and abandoning module DirectoryWatcher (163)
[2019.03.14-22.55.56:375][312]LogModuleManager: Shutting down and abandoning module DerivedDataCache (160)
[2019.03.14-22.55.57:442][312]LogDerivedDataCache: Shutdown
[2019.03.14-22.55.57:442][312]LogModuleManager: Shutting down and abandoning module XGEController (158)
[2019.03.14-22.55.57:442][312]LogXGEController: Cleaning working directory: C:/Users/VR Club/AppData/Local/Temp/UnrealXGEWorkingDir/
[2019.03.14-22.55.57:442][312]LogModuleManager: Shutting down and abandoning module TargetPlatform (156)
[2019.03.14-22.55.57:442][312]LogModuleManager: Shutting down and abandoning module VulkanShaderFormat (155)
[2019.03.14-22.55.57:442][312]LogModuleManager: Shutting down and abandoning module ShaderFormatVectorVM (153)
[2019.03.14-22.55.57:442][312]LogModuleManager: Shutting down and abandoning module ShaderFormatOpenGL (151)
[2019.03.14-22.55.57:443][312]LogModuleManager: Shutting down and abandoning module ShaderFormatD3D (149)
[2019.03.14-22.55.57:443][312]LogModuleManager: Shutting down and abandoning module MetalShaderFormat (147)
[2019.03.14-22.55.57:443][312]LogModuleManager: Shutting down and abandoning module TextureFormatUncompressed (145)
[2019.03.14-22.55.57:443][312]LogModuleManager: Shutting down and abandoning module TextureFormatPVR (143)
[2019.03.14-22.55.57:443][312]LogModuleManager: Shutting down and abandoning module TextureFormatDXT (141)
[2019.03.14-22.55.57:443][312]LogModuleManager: Shutting down and abandoning module TextureFormatIntelISPCTexComp (139)
[2019.03.14-22.55.57:443][312]LogModuleManager: Shutting down and abandoning module TextureFormatASTC (137)
[2019.03.14-22.55.57:443][312]LogModuleManager: Shutting down and abandoning module ImageWrapper (136)
[2019.03.14-22.55.57:443][312]LogModuleManager: Shutting down and abandoning module TextureFormatAndroid (133)
[2019.03.14-22.55.57:443][312]LogModuleManager: Shutting down and abandoning module AudioFormatOpus (131)
[2019.03.14-22.55.57:443][312]LogModuleManager: Shutting down and abandoning module AudioFormatOgg (129)
[2019.03.14-22.55.57:443][312]LogModuleManager: Shutting down and abandoning module AudioFormatADPCM (127)
[2019.03.14-22.55.57:443][312]LogModuleManager: Shutting down and abandoning module LuminTargetPlatform (125)
[2019.03.14-22.55.57:444][312]LogModuleManager: Shutting down and abandoning module LinuxTargetPlatform (123)
[2019.03.14-22.55.57:444][312]LogModuleManager: Shutting down and abandoning module LinuxServerTargetPlatform (121)
[2019.03.14-22.55.57:444][312]LogModuleManager: Shutting down and abandoning module LinuxNoEditorTargetPlatform (119)
[2019.03.14-22.55.57:444][312]LogModuleManager: Shutting down and abandoning module LinuxClientTargetPlatform (117)
[2019.03.14-22.55.57:444][312]LogModuleManager: Shutting down and abandoning module TVOSTargetPlatform (115)
[2019.03.14-22.55.57:445][312]LogModuleManager: Shutting down and abandoning module Messaging (113)
[2019.03.14-22.55.57:445][312]LogModuleManager: Shutting down and abandoning module IOSTargetPlatform (111)
[2019.03.14-22.55.57:446][312]LogModuleManager: Shutting down and abandoning module HTML5TargetPlatform (109)
[2019.03.14-22.55.57:446][312]LogModuleManager: Shutting down and abandoning module AndroidTargetPlatform (107)
[2019.03.14-22.55.57:454][312]LogModuleManager: Shutting down and abandoning module WindowsTargetPlatform (105)
[2019.03.14-22.55.57:454][312]LogModuleManager: Shutting down and abandoning module WindowsServerTargetPlatform (103)
[2019.03.14-22.55.57:454][312]LogModuleManager: Shutting down and abandoning module WindowsNoEditorTargetPlatform (101)
[2019.03.14-22.55.57:454][312]LogModuleManager: Shutting down and abandoning module WindowsClientTargetPlatform (99)
[2019.03.14-22.55.57:454][312]LogModuleManager: Shutting down and abandoning module MacTargetPlatform (97)
[2019.03.14-22.55.57:454][312]LogModuleManager: Shutting down and abandoning module MacServerTargetPlatform (95)
[2019.03.14-22.55.57:454][312]LogModuleManager: Shutting down and abandoning module MacNoEditorTargetPlatform (93)
[2019.03.14-22.55.57:454][312]LogModuleManager: Shutting down and abandoning module MacClientTargetPlatform (91)
[2019.03.14-22.55.57:454][312]LogModuleManager: Shutting down and abandoning module AllDesktopTargetPlatform (89)
[2019.03.14-22.55.57:454][312]LogModuleManager: Shutting down and abandoning module InputCore (86)
[2019.03.14-22.55.57:454][312]LogModuleManager: Shutting down and abandoning module Settings (84)
[2019.03.14-22.55.57:454][312]LogModuleManager: Shutting down and abandoning module PhysXCooking (82)
[2019.03.14-22.55.57:454][312]LogModuleManager: Shutting down and abandoning module SteamVR (80)
[2019.03.14-22.55.57:454][312]LogHMD: Freeing OpenVRDLLHandle.
[2019.03.14-22.55.57:454][312]LogModuleManager: Shutting down and abandoning module OculusHMD (78)
[2019.03.14-22.55.57:454][312]LogModuleManager: Shutting down and abandoning module ExampleDeviceProfileSelector (76)
[2019.03.14-22.55.57:454][312]LogModuleManager: Shutting down and abandoning module LauncherChunkInstaller (74)
[2019.03.14-22.55.57:454][312]LogModuleManager: Shutting down and abandoning module OnlineBlueprintSupport (72)
[2019.03.14-22.55.57:454][312]LogModuleManager: Shutting down and abandoning module OnlineSubsystem (68)
[2019.03.14-22.55.57:455][312]LogModuleManager: Shutting down and abandoning module XMPP (63)
[2019.03.14-22.55.57:455][312]LogModuleManager: Shutting down and abandoning module WebSockets (62)
[2019.03.14-22.55.57:482][312]LogModuleManager: Shutting down and abandoning module HTTP (59)
[2019.03.14-22.55.57:482][312]LogHttp: Display: Http module shutting down, but needs to wait on 1 outstanding Http requests:
[2019.03.14-22.55.57:482][312]LogHttp: Display: 	verb=[POST] url=[https://datarouter.ol.epicgames.com/datarouter/api/v1/public/data?SessionID=%7B5ADD5A93-4470-02F4-D186-5A8E0AF389DF%7D&AppID=UEEditor.Rocket.Release&AppVersion=4.21.2-4753647%2B%2B%2BUE4%2BRelease-4.21&UserID=69c0ca2c4822f202acf3cbbdb0f7bbd4%7C2233de3b3f9c407d95762cb19eaa9211%7Caede116d-76bd-4640-b0cc-f26f61b71a7a&AppEnvironment=datacollector-binary&UploadType=eteventstream] status=Processing
[2019.03.14-22.55.57:507][312]LogModuleManager: Shutting down and abandoning module SSL (58)
[2019.03.14-22.55.57:509][312]LogModuleManager: Shutting down and abandoning module MagicLeapIdentity (54)
[2019.03.14-22.55.57:509][312]LogModuleManager: Shutting down and abandoning module MagicLeapHelperVulkan (52)
[2019.03.14-22.55.57:509][312]LogModuleManager: Shutting down and abandoning module MagicLeapHelperOpenGL (50)
[2019.03.14-22.55.57:509][312]LogModuleManager: Shutting down and abandoning module MagicLeapSecureStorage (48)
[2019.03.14-22.55.57:509][312]LogModuleManager: Shutting down and abandoning module MagicLeapHandTracking (46)
[2019.03.14-22.55.57:509][312]LogModuleManager: Shutting down and abandoning module MagicLeapEyeTracker (44)
[2019.03.14-22.55.57:509][312]LogModuleManager: Shutting down and abandoning module MagicLeapController (42)
[2019.03.14-22.55.57:509][312]LogSlate: Slate User Destroyed.  User Index 0, Is Virtual User: 0
[2019.03.14-22.55.57:509][312]LogModuleManager: Shutting down and abandoning module MagicLeap (40)
[2019.03.14-22.55.57:510][312]LogModuleManager: Shutting down and abandoning module DatasmithContent (38)
[2019.03.14-22.55.57:510][312]LogModuleManager: Shutting down and abandoning module AnimationModifiers (36)
[2019.03.14-22.55.57:510][312]LogModuleManager: Shutting down and abandoning module PropertyEditor (35)
[2019.03.14-22.55.57:510][312]LogModuleManager: Shutting down and abandoning module AudioEditor (32)
[2019.03.14-22.55.57:511][312]LogModuleManager: Shutting down and abandoning module TextureCompressor (30)
[2019.03.14-22.55.57:511][312]LogModuleManager: Shutting down and abandoning module ShaderCore (28)
[2019.03.14-22.55.57:511][312]LogModuleManager: Shutting down and abandoning module Landscape (26)
[2019.03.14-22.55.57:511][312]LogModuleManager: Shutting down and abandoning module SlateRHIRenderer (24)
[2019.03.14-22.55.57:511][312]LogModuleManager: Shutting down and abandoning module OpenGLDrv (22)
[2019.03.14-22.55.57:511][312]LogModuleManager: Shutting down and abandoning module D3D11RHI (20)
[2019.03.14-22.55.57:511][312]LogModuleManager: Shutting down and abandoning module AnimGraphRuntime (18)
[2019.03.14-22.55.57:511][312]LogModuleManager: Shutting down and abandoning module Renderer (16)
[2019.03.14-22.55.57:512][312]LogModuleManager: Shutting down and abandoning module Engine (14)
[2019.03.14-22.55.57:512][312]LogModuleManager: Shutting down and abandoning module CoreUObject (12)
[2019.03.14-22.55.57:512][312]LogModuleManager: Shutting down and abandoning module NetworkFile (10)
[2019.03.14-22.55.57:512][312]LogModuleManager: Shutting down and abandoning module CookedIterativeFile (8)
[2019.03.14-22.55.57:512][312]LogModuleManager: Shutting down and abandoning module StreamingFile (6)
[2019.03.14-22.55.57:512][312]LogModuleManager: Shutting down and abandoning module SandboxFile (4)
[2019.03.14-22.55.57:512][312]LogModuleManager: Shutting down and abandoning module PakFile (2)
[2019.03.14-22.55.57:518][312]LogExit: Exiting.
[2019.03.14-22.55.57:543][312]Log file closed, 03/14/19 18:55:57
