Log file open, 03/27/19 15:25:24
LogWindows: Failed to load 'aqProf.dll' (GetLastError=126)
LogWindows: File 'aqProf.dll' does not exist
LogWindows: Failed to load 'VtuneApi.dll' (GetLastError=126)
LogWindows: File 'VtuneApi.dll' does not exist
LogWindows: Failed to load 'VtuneApi32e.dll' (GetLastError=126)
LogWindows: File 'VtuneApi32e.dll' does not exist
LogConsoleResponse: Display: Failed to find resolution value strings in scalability ini. Falling back to default.
LogInit: Display: Running engine for game: Project1
LogPakFile: Registered encryption key '00000000000000000000000000000000': 0 pak files mounted, 0 remain pending
LogPlatformFile: Not using cached read wrapper
LogTaskGraph: Started task graph with 5 named threads and 35 total threads with 3 sets of task threads.
LogStats: Stats thread started at 3.061980
LogD3D11RHI: Loaded GFSDK_Aftermath_Lib.x64.dll
LogICUInternationalization: ICU TimeZone Detection - Raw Offset: -5:00, Platform Override: ''
LogPluginManager: Mounting plugin Paper2D
LogPluginManager: Mounting plugin AISupport
LogPluginManager: Mounting plugin LightPropagationVolume
LogPluginManager: Mounting plugin ActorLayerUtilities
LogPluginManager: Mounting plugin CLionSourceCodeAccess
LogPluginManager: Mounting plugin CodeLiteSourceCodeAccess
LogPluginManager: Mounting plugin GitSourceControl
LogPluginManager: Mounting plugin KDevelopSourceCodeAccess
LogPluginManager: Mounting plugin NullSourceCodeAccess
LogPluginManager: Mounting plugin PerforceSourceControl
LogPluginManager: Mounting plugin SubversionSourceControl
LogPluginManager: Mounting plugin UObjectPlugin
LogPluginManager: Mounting plugin VisualStudioCodeSourceCodeAccess
LogPluginManager: Mounting plugin VisualStudioSourceCodeAccess
LogPluginManager: Mounting plugin XCodeSourceCodeAccess
LogPluginManager: Mounting plugin AssetManagerEditor
LogPluginManager: Mounting plugin CryptoKeys
LogPluginManager: Mounting plugin DataValidation
LogPluginManager: Mounting plugin FacialAnimation
LogPluginManager: Mounting plugin GameplayTagsEditor
LogPluginManager: Mounting plugin MacGraphicsSwitching
LogPluginManager: Mounting plugin MeshEditor
LogPluginManager: Mounting plugin MobileLauncherProfileWizard
LogPluginManager: Mounting plugin PluginBrowser
LogPluginManager: Mounting plugin SpeedTreeImporter
LogPluginManager: Mounting plugin DatasmithContent
LogPluginManager: Mounting plugin VariantManagerContent
LogPluginManager: Mounting plugin AlembicImporter
LogPluginManager: Mounting plugin AppleImageUtils
LogPluginManager: Mounting plugin AppleVision
LogPluginManager: Mounting plugin BackChannel
LogPluginManager: Mounting plugin CharacterAI
LogPluginManager: Mounting plugin GeometryCache
LogPluginManager: Mounting plugin HTML5Networking
LogPluginManager: Mounting plugin ProxyLODPlugin
LogPluginManager: Mounting plugin MagicLeap
LogPluginManager: Mounting plugin MagicLeapMedia
LogPluginManager: Mounting plugin AndroidMedia
LogPluginManager: Mounting plugin AvfMedia
LogPluginManager: Mounting plugin ImgMedia
LogPluginManager: Mounting plugin LinearTimecode
LogPluginManager: Mounting plugin MediaCompositing
LogPluginManager: Mounting plugin MediaPlayerEditor
LogPluginManager: Mounting plugin WebMMedia
LogPluginManager: Mounting plugin WmfMedia
LogPluginManager: Mounting plugin TcpMessaging
LogPluginManager: Mounting plugin UdpMessaging
LogPluginManager: Mounting plugin ActorSequence
LogPluginManager: Mounting plugin LevelSequenceEditor
LogPluginManager: Mounting plugin MatineeToLevelSequence
LogPluginManager: Mounting plugin NetcodeUnitTest
LogPluginManager: Mounting plugin NUTUnrealEngine4
LogPluginManager: Mounting plugin OnlineSubsystemGooglePlay
LogPluginManager: Mounting plugin OnlineSubsystemIOS
LogPluginManager: Mounting plugin OnlineSubsystem
LogPluginManager: Mounting plugin OnlineSubsystemNull
LogPluginManager: Mounting plugin OnlineSubsystemUtils
LogPluginManager: Mounting plugin LauncherChunkInstaller
LogPluginManager: Mounting plugin AndroidDeviceProfileSelector
LogPluginManager: Mounting plugin AndroidMoviePlayer
LogPluginManager: Mounting plugin AndroidPermission
LogPluginManager: Mounting plugin AppleMoviePlayer
LogPluginManager: Mounting plugin ArchVisCharacter
LogPluginManager: Mounting plugin AudioCapture
LogPluginManager: Mounting plugin CableComponent
LogPluginManager: Mounting plugin CustomMeshComponent
LogPluginManager: Mounting plugin EditableMesh
LogPluginManager: Mounting plugin ExampleDeviceProfileSelector
LogPluginManager: Mounting plugin Firebase
LogPluginManager: Mounting plugin GoogleCloudMessaging
LogPluginManager: Mounting plugin IOSDeviceProfileSelector
LogPluginManager: Mounting plugin LinuxDeviceProfileSelector
LogPluginManager: Mounting plugin LocationServicesBPLibrary
LogPluginManager: Mounting plugin MobilePatchingUtils
LogPluginManager: Mounting plugin OculusVR
LogPluginManager: Mounting plugin PhysXVehicles
LogPluginManager: Mounting plugin ProceduralMeshComponent
LogPluginManager: Mounting plugin RuntimePhysXCooking
LogPluginManager: Mounting plugin SteamVR
LogPluginManager: Mounting plugin WebMMoviePlayer
LogPluginManager: Mounting plugin WindowsMoviePlayer
LogStreaming: Display: Took  0.182s to configure plugins.
LogInit: Using libcurl 7.55.1-DEV
LogInit:  - built for x86_64-pc-win32
LogInit:  - supports SSL with OpenSSL/1.0.2h
LogInit:  - supports HTTP deflate (compression) using libz 1.2.8
LogInit:  - other features:
LogInit:      CURL_VERSION_SSL
LogInit:      CURL_VERSION_LIBZ
LogInit:      CURL_VERSION_IPV6
LogInit:      CURL_VERSION_ASYNCHDNS
LogInit:      CURL_VERSION_LARGEFILE
LogInit:      CURL_VERSION_IDN
LogInit:  CurlRequestOptions (configurable via config and command line):
LogInit:  - bVerifyPeer = true  - Libcurl will verify peer certificate
LogInit:  - bUseHttpProxy = false  - Libcurl will NOT use HTTP proxy
LogInit:  - bDontReuseConnections = false  - Libcurl will reuse connections
LogInit:  - MaxHostConnections = 16  - Libcurl will limit the number of connections to a host
LogInit:  - LocalHostAddr = Default
LogInit:  - BufferSize = 65536
LogInit: WinSock: version 1.1 (2.2), MaxSocks=32767, MaxUdp=65467
LogInit: Build: ++UE4+Release-4.21-CL-4753647
LogInit: Engine Version: 4.21.2-4753647+++UE4+Release-4.21
LogInit: Compatible Engine Version: 4.21.0-4541578+++UE4+Release-4.21
LogInit: Net CL: 4541578
LogInit: OS: Windows 10 (), CPU: Intel(R) Core(TM) i7-8750H CPU @ 2.20GHz, GPU: Intel(R) UHD Graphics 630
LogInit: Compiled (64-bit): Jan 19 2019 02:07:31
LogInit: Compiled with Visual C++: 19.13.26129.00
LogInit: Build Configuration: Development
LogInit: Branch Name: ++UE4+Release-4.21
LogInit: Command Line: 
LogInit: Base Directory: D:/UE_4.21/Engine/Binaries/Win64/
LogInit: Installed Engine Build: 1
LogDevObjectVersion: Number of dev versions registered: 22
LogDevObjectVersion:   Dev-Blueprints (B0D832E4-1F89-4F0D-ACCF-7EB736FD4AA2): 10
LogDevObjectVersion:   Dev-Build (E1C64328-A22C-4D53-A36C-8E866417BD8C): 0
LogDevObjectVersion:   Dev-Core (375EC13C-06E4-48FB-B500-84F0262A717E): 2
LogDevObjectVersion:   Dev-Editor (E4B068ED-F494-42E9-A231-DA0B2E46BB41): 26
LogDevObjectVersion:   Dev-Framework (CFFC743F-43B0-4480-9391-14DF171D2073): 34
LogDevObjectVersion:   Dev-Mobile (B02B49B5-BB20-44E9-A304-32B752E40360): 2
LogDevObjectVersion:   Dev-Networking (A4E4105C-59A1-49B5-A7C5-40C4547EDFEE): 0
LogDevObjectVersion:   Dev-Online (39C831C9-5AE6-47DC-9A44-9C173E1C8E7C): 0
LogDevObjectVersion:   Dev-Physics (78F01B33-EBEA-4F98-B9B4-84EACCB95AA2): 0
LogDevObjectVersion:   Dev-Platform (6631380F-2D4D-43E0-8009-CF276956A95A): 0
LogDevObjectVersion:   Dev-Rendering (12F88B9F-8875-4AFC-A67C-D90C383ABD29): 27
LogDevObjectVersion:   Dev-Sequencer (7B5AE74C-D270-4C10-A958-57980B212A5A): 9
LogDevObjectVersion:   Dev-VR (D7296918-1DD6-4BDD-9DE2-64A83CC13884): 2
LogDevObjectVersion:   Dev-LoadTimes (C2A15278-BFE7-4AFE-6C17-90FF531DF755): 1
LogDevObjectVersion:   Private-Geometry (6EACA3D4-40EC-4CC1-B786-8BED09428FC5): 3
LogDevObjectVersion:   Dev-AnimPhys (29E575DD-E0A3-4627-9D10-D276232CDCEA): 17
LogDevObjectVersion:   Dev-Anim (AF43A65D-7FD3-4947-9873-3E8ED9C1BB05): 2
LogDevObjectVersion:   Dev-ReflectionCapture (6B266CEC-1EC7-4B8F-A30B-E4D90942FC07): 1
LogDevObjectVersion:   Dev-Automation (0DF73D61-A23F-47EA-B727-89E90C41499A): 1
LogDevObjectVersion:   FortniteMain (601D1886-AC64-4F84-AA16-D3DE0DEAC7D6): 17
LogDevObjectVersion:   Dev-Enterprise (9DFFBCD6-494F-0158-E221-12823C92A888): 4
LogDevObjectVersion:   Dev-Niagara (F2AED0AC-9AFE-416F-8664-AA7FFA26D6FC): 1
LogStreaming: Display: Took  0.014s to delete old logs.
LogInit: Presizing for max 8388607 objects, including 0 objects not considered by GC, pre-allocating 0 bytes for permanent pool.
LogInit: Object subsystem initialized
LogConfig: Setting CVar [[con.DebugEarlyDefault:1]]
LogConfig: Setting CVar [[r.setres:1280x720]]
[2019.03.27-19.25.26:230][  0]LogConfig: Setting CVar [[r.VSync:0]]
[2019.03.27-19.25.26:230][  0]LogConfig: Setting CVar [[r.RHICmdBypass:0]]
[2019.03.27-19.25.26:230][  0]LogConfig: Applying CVar settings from Section [/Script/Engine.RendererSettings] File [C:/Users/vhv11/Desktop/Spring 2019/CMSC388G/CMSC388G/Project2/Project1/Saved/Config/Windows/Engine.ini]
[2019.03.27-19.25.26:230][  0]LogConfig: Setting CVar [[r.GPUCrashDebugging:0]]
[2019.03.27-19.25.26:230][  0]LogConfig: Applying CVar settings from Section [/Script/Engine.RendererOverrideSettings] File [C:/Users/vhv11/Desktop/Spring 2019/CMSC388G/CMSC388G/Project2/Project1/Saved/Config/Windows/Engine.ini]
[2019.03.27-19.25.26:230][  0]LogConfig: Applying CVar settings from Section [/Script/Engine.StreamingSettings] File [C:/Users/vhv11/Desktop/Spring 2019/CMSC388G/CMSC388G/Project2/Project1/Saved/Config/Windows/Engine.ini]
[2019.03.27-19.25.26:230][  0]LogConfig: Setting CVar [[s.MinBulkDataSizeForAsyncLoading:131072]]
[2019.03.27-19.25.26:230][  0]LogConfig: Setting CVar [[s.AsyncLoadingThreadEnabled:0]]
[2019.03.27-19.25.26:230][  0]LogConfig: Setting CVar [[s.EventDrivenLoaderEnabled:1]]
[2019.03.27-19.25.26:230][  0]LogConfig: Setting CVar [[s.WarnIfTimeLimitExceeded:0]]
[2019.03.27-19.25.26:230][  0]LogConfig: Setting CVar [[s.TimeLimitExceededMultiplier:1.5]]
[2019.03.27-19.25.26:230][  0]LogConfig: Setting CVar [[s.TimeLimitExceededMinTime:0.005]]
[2019.03.27-19.25.26:230][  0]LogConfig: Setting CVar [[s.UseBackgroundLevelStreaming:1]]
[2019.03.27-19.25.26:230][  0]LogConfig: Setting CVar [[s.PriorityAsyncLoadingExtraTime:15.0]]
[2019.03.27-19.25.26:230][  0]LogConfig: Setting CVar [[s.LevelStreamingActorsUpdateTimeLimit:5.0]]
[2019.03.27-19.25.26:231][  0]LogConfig: Setting CVar [[s.PriorityLevelStreamingActorsUpdateExtraTime:5.0]]
[2019.03.27-19.25.26:231][  0]LogConfig: Setting CVar [[s.LevelStreamingComponentsRegistrationGranularity:10]]
[2019.03.27-19.25.26:231][  0]LogConfig: Setting CVar [[s.UnregisterComponentsTimeLimit:1.0]]
[2019.03.27-19.25.26:231][  0]LogConfig: Setting CVar [[s.LevelStreamingComponentsUnregistrationGranularity:5]]
[2019.03.27-19.25.26:231][  0]LogConfig: Applying CVar settings from Section [/Script/Engine.GarbageCollectionSettings] File [C:/Users/vhv11/Desktop/Spring 2019/CMSC388G/CMSC388G/Project2/Project1/Saved/Config/Windows/Engine.ini]
[2019.03.27-19.25.26:231][  0]LogConfig: Setting CVar [[gc.MaxObjectsNotConsideredByGC:1]]
[2019.03.27-19.25.26:231][  0]LogConfig: Setting CVar [[gc.SizeOfPermanentObjectPool:0]]
[2019.03.27-19.25.26:231][  0]LogConfig: Setting CVar [[gc.FlushStreamingOnGC:0]]
[2019.03.27-19.25.26:231][  0]LogConfig: Setting CVar [[gc.NumRetriesBeforeForcingGC:10]]
[2019.03.27-19.25.26:231][  0]LogConfig: Setting CVar [[gc.AllowParallelGC:1]]
[2019.03.27-19.25.26:231][  0]LogConfig: Setting CVar [[gc.TimeBetweenPurgingPendingKillObjects:61.1]]
[2019.03.27-19.25.26:231][  0]LogConfig: Setting CVar [[gc.MaxObjectsInEditor:8388607]]
[2019.03.27-19.25.26:231][  0]LogConfig: Setting CVar [[gc.IncrementalBeginDestroyEnabled:1]]
[2019.03.27-19.25.26:231][  0]LogConfig: Setting CVar [[gc.CreateGCClusters:1]]
[2019.03.27-19.25.26:231][  0]LogConfig: Setting CVar [[gc.MergeGCClusters:0]]
[2019.03.27-19.25.26:231][  0]LogConfig: Setting CVar [[gc.MinGCClusterSize:5]]
[2019.03.27-19.25.26:231][  0]LogConfig: Setting CVar [[gc.ActorClusteringEnabled:0]]
[2019.03.27-19.25.26:231][  0]LogConfig: Setting CVar [[gc.BlueprintClusteringEnabled:0]]
[2019.03.27-19.25.26:231][  0]LogConfig: Setting CVar [[gc.UseDisregardForGCOnDedicatedServers:0]]
[2019.03.27-19.25.26:231][  0]LogConfig: Applying CVar settings from Section [/Script/Engine.NetworkSettings] File [C:/Users/vhv11/Desktop/Spring 2019/CMSC388G/CMSC388G/Project2/Project1/Saved/Config/Windows/Engine.ini]
[2019.03.27-19.25.26:231][  0]LogConfig: Applying CVar settings from Section [/Script/UnrealEd.CookerSettings] File [C:/Users/vhv11/Desktop/Spring 2019/CMSC388G/CMSC388G/Project2/Project1/Saved/Config/Windows/Engine.ini]
[2019.03.27-19.25.26:280][  0]LogConfig: Applying CVar settings from Section [ViewDistanceQuality@3] File [C:/Users/vhv11/Desktop/Spring 2019/CMSC388G/CMSC388G/Project2/Project1/Saved/Config/Windows/Scalability.ini]
[2019.03.27-19.25.26:280][  0]LogConfig: Setting CVar [[r.SkeletalMeshLODBias:0]]
[2019.03.27-19.25.26:280][  0]LogConfig: Setting CVar [[r.ViewDistanceScale:1.0]]
[2019.03.27-19.25.26:280][  0]LogConfig: Applying CVar settings from Section [AntiAliasingQuality@3] File [C:/Users/vhv11/Desktop/Spring 2019/CMSC388G/CMSC388G/Project2/Project1/Saved/Config/Windows/Scalability.ini]
[2019.03.27-19.25.26:281][  0]LogConfig: Setting CVar [[r.PostProcessAAQuality:3]]
[2019.03.27-19.25.26:281][  0]LogConfig: Applying CVar settings from Section [ShadowQuality@3] File [C:/Users/vhv11/Desktop/Spring 2019/CMSC388G/CMSC388G/Project2/Project1/Saved/Config/Windows/Scalability.ini]
[2019.03.27-19.25.26:281][  0]LogConfig: Setting CVar [[r.LightFunctionQuality:1]]
[2019.03.27-19.25.26:281][  0]LogConfig: Setting CVar [[r.ShadowQuality:5]]
[2019.03.27-19.25.26:281][  0]LogConfig: Setting CVar [[r.Shadow.CSM.MaxCascades:10]]
[2019.03.27-19.25.26:281][  0]LogConfig: Setting CVar [[r.Shadow.MaxResolution:2048]]
[2019.03.27-19.25.26:281][  0]LogConfig: Setting CVar [[r.Shadow.MaxCSMResolution:2048]]
[2019.03.27-19.25.26:281][  0]LogConfig: Setting CVar [[r.Shadow.RadiusThreshold:0.01]]
[2019.03.27-19.25.26:281][  0]LogConfig: Setting CVar [[r.Shadow.DistanceScale:1.0]]
[2019.03.27-19.25.26:281][  0]LogConfig: Setting CVar [[r.Shadow.CSM.TransitionScale:1.0]]
[2019.03.27-19.25.26:281][  0]LogConfig: Setting CVar [[r.Shadow.PreShadowResolutionFactor:1.0]]
[2019.03.27-19.25.26:281][  0]LogConfig: Setting CVar [[r.DistanceFieldShadowing:1]]
[2019.03.27-19.25.26:281][  0]LogConfig: Setting CVar [[r.DistanceFieldAO:1]]
[2019.03.27-19.25.26:281][  0]LogConfig: Setting CVar [[r.AOQuality:2]]
[2019.03.27-19.25.26:281][  0]LogConfig: Setting CVar [[r.VolumetricFog:1]]
[2019.03.27-19.25.26:281][  0]LogConfig: Setting CVar [[r.VolumetricFog.GridPixelSize:8]]
[2019.03.27-19.25.26:281][  0]LogConfig: Setting CVar [[r.VolumetricFog.GridSizeZ:128]]
[2019.03.27-19.25.26:281][  0]LogConfig: Setting CVar [[r.VolumetricFog.HistoryMissSupersampleCount:4]]
[2019.03.27-19.25.26:281][  0]LogConfig: Setting CVar [[r.LightMaxDrawDistanceScale:1]]
[2019.03.27-19.25.26:281][  0]LogConfig: Setting CVar [[r.CapsuleShadows:1]]
[2019.03.27-19.25.26:281][  0]LogConfig: Applying CVar settings from Section [PostProcessQuality@3] File [C:/Users/vhv11/Desktop/Spring 2019/CMSC388G/CMSC388G/Project2/Project1/Saved/Config/Windows/Scalability.ini]
[2019.03.27-19.25.26:281][  0]LogConfig: Setting CVar [[r.MotionBlurQuality:0]]
[2019.03.27-19.25.26:281][  0]LogConfig: Setting CVar [[r.AmbientOcclusionMipLevelFactor:0.4]]
[2019.03.27-19.25.26:281][  0]LogConfig: Setting CVar [[r.AmbientOcclusionMaxQuality:100]]
[2019.03.27-19.25.26:281][  0]LogConfig: Setting CVar [[r.AmbientOcclusionLevels:0]]
[2019.03.27-19.25.26:281][  0]LogConfig: Setting CVar [[r.AmbientOcclusionRadiusScale:1.0]]
[2019.03.27-19.25.26:281][  0]LogConfig: Setting CVar [[r.DepthOfFieldQuality:0]]
[2019.03.27-19.25.26:281][  0]LogConfig: Setting CVar [[r.RenderTargetPoolMin:400]]
[2019.03.27-19.25.26:281][  0]LogConfig: Setting CVar [[r.LensFlareQuality:0]]
[2019.03.27-19.25.26:281][  0]LogConfig: Setting CVar [[r.SceneColorFringeQuality:0]]
[2019.03.27-19.25.26:281][  0]LogConfig: Setting CVar [[r.EyeAdaptationQuality:2]]
[2019.03.27-19.25.26:281][  0]LogConfig: Setting CVar [[r.BloomQuality:1]]
[2019.03.27-19.25.26:281][  0]LogConfig: Setting CVar [[r.FastBlurThreshold:0]]
[2019.03.27-19.25.26:281][  0]LogConfig: Setting CVar [[r.Upscale.Quality:3]]
[2019.03.27-19.25.26:281][  0]LogConfig: Setting CVar [[r.Tonemapper.GrainQuantization:1]]
[2019.03.27-19.25.26:281][  0]LogConfig: Setting CVar [[r.LightShaftQuality:1]]
[2019.03.27-19.25.26:281][  0]LogConfig: Setting CVar [[r.Filter.SizeScale:1]]
[2019.03.27-19.25.26:281][  0]LogConfig: Setting CVar [[r.Tonemapper.Quality:5]]
[2019.03.27-19.25.26:281][  0]LogConfig: Setting CVar [[r.DOF.Gather.AccumulatorQuality:1        ; higher gathering accumulator quality]]
[2019.03.27-19.25.26:281][  0]LogConfig: Setting CVar [[r.DOF.Gather.PostfilterMethod:1          ; Median3x3 postfilering method]]
[2019.03.27-19.25.26:281][  0]LogConfig: Setting CVar [[r.DOF.Gather.EnableBokehSettings:0       ; no bokeh simulation when gathering]]
[2019.03.27-19.25.26:281][  0]LogConfig: Setting CVar [[r.DOF.Gather.RingCount:4                 ; medium number of samples when gathering]]
[2019.03.27-19.25.26:281][  0]LogConfig: Setting CVar [[r.DOF.Scatter.ForegroundCompositing:1    ; additive foreground scattering]]
[2019.03.27-19.25.26:281][  0]LogConfig: Setting CVar [[r.DOF.Scatter.BackgroundCompositing:2    ; additive background scattering]]
[2019.03.27-19.25.26:281][  0]LogConfig: Setting CVar [[r.DOF.Scatter.EnableBokehSettings:1      ; bokeh simulation when scattering]]
[2019.03.27-19.25.26:281][  0]LogConfig: Setting CVar [[r.DOF.Scatter.MaxSpriteRatio:0.1         ; only a maximum of 10% of scattered bokeh]]
[2019.03.27-19.25.26:281][  0]LogConfig: Setting CVar [[r.DOF.Recombine.Quality:1                ; cheap slight out of focus]]
[2019.03.27-19.25.26:281][  0]LogConfig: Setting CVar [[r.DOF.Recombine.EnableBokehSettings:0    ; no bokeh simulation on slight out of focus]]
[2019.03.27-19.25.26:281][  0]LogConfig: Setting CVar [[r.DOF.TemporalAAQuality:1                ; more stable temporal accumulation]]
[2019.03.27-19.25.26:281][  0]LogConfig: Setting CVar [[r.DOF.Kernel.MaxForegroundRadius:0.025]]
[2019.03.27-19.25.26:282][  0]LogConfig: Setting CVar [[r.DOF.Kernel.MaxBackgroundRadius:0.025]]
[2019.03.27-19.25.26:282][  0]LogConfig: Applying CVar settings from Section [TextureQuality@3] File [C:/Users/vhv11/Desktop/Spring 2019/CMSC388G/CMSC388G/Project2/Project1/Saved/Config/Windows/Scalability.ini]
[2019.03.27-19.25.26:282][  0]LogConfig: Setting CVar [[r.Streaming.MipBias:0]]
[2019.03.27-19.25.26:282][  0]LogConfig: Setting CVar [[r.Streaming.AmortizeCPUToGPUCopy:0]]
[2019.03.27-19.25.26:282][  0]LogConfig: Setting CVar [[r.Streaming.MaxNumTexturesToStreamPerFrame:0]]
[2019.03.27-19.25.26:282][  0]LogConfig: Setting CVar [[r.Streaming.Boost:1]]
[2019.03.27-19.25.26:282][  0]LogConfig: Setting CVar [[r.MaxAnisotropy:8]]
[2019.03.27-19.25.26:282][  0]LogConfig: Setting CVar [[r.Streaming.LimitPoolSizeToVRAM:0]]
[2019.03.27-19.25.26:282][  0]LogConfig: Setting CVar [[r.Streaming.PoolSize:1000]]
[2019.03.27-19.25.26:282][  0]LogConfig: Setting CVar [[r.Streaming.MaxEffectiveScreenSize:0]]
[2019.03.27-19.25.26:282][  0]LogConfig: Applying CVar settings from Section [EffectsQuality@3] File [C:/Users/vhv11/Desktop/Spring 2019/CMSC388G/CMSC388G/Project2/Project1/Saved/Config/Windows/Scalability.ini]
[2019.03.27-19.25.26:282][  0]LogConfig: Setting CVar [[r.TranslucencyLightingVolumeDim:4]]
[2019.03.27-19.25.26:282][  0]LogConfig: Setting CVar [[r.RefractionQuality:2]]
[2019.03.27-19.25.26:282][  0]LogConfig: Setting CVar [[r.SSR.Quality:0]]
[2019.03.27-19.25.26:282][  0]LogConfig: Setting CVar [[r.SceneColorFormat:2]]
[2019.03.27-19.25.26:282][  0]LogConfig: Setting CVar [[r.DetailMode:2]]
[2019.03.27-19.25.26:282][  0]LogConfig: Setting CVar [[r.TranslucencyVolumeBlur:0]]
[2019.03.27-19.25.26:282][  0]LogConfig: Setting CVar [[r.MaterialQualityLevel:1 ; High quality]]
[2019.03.27-19.25.26:282][  0]LogConfig: Setting CVar [[r.SSS.Scale:1]]
[2019.03.27-19.25.26:282][  0]LogConfig: Setting CVar [[r.SSS.SampleSet:2]]
[2019.03.27-19.25.26:282][  0]LogConfig: Setting CVar [[r.SSS.Quality:1]]
[2019.03.27-19.25.26:282][  0]LogConfig: Setting CVar [[r.SSS.HalfRes:1]]
[2019.03.27-19.25.26:282][  0]LogConfig: Setting CVar [[r.EmitterSpawnRateScale:1.0]]
[2019.03.27-19.25.26:282][  0]LogConfig: Setting CVar [[r.ParticleLightQuality:2]]
[2019.03.27-19.25.26:282][  0]LogConfig: Applying CVar settings from Section [FoliageQuality@3] File [C:/Users/vhv11/Desktop/Spring 2019/CMSC388G/CMSC388G/Project2/Project1/Saved/Config/Windows/Scalability.ini]
[2019.03.27-19.25.26:282][  0]LogConfig: Setting CVar [[foliage.DensityScale:1.0]]
[2019.03.27-19.25.26:282][  0]LogConfig: Setting CVar [[grass.DensityScale:1.0]]
[2019.03.27-19.25.26:298][  0]LogInit: Selected Device Profile: [Windows]
[2019.03.27-19.25.26:299][  0]LogInit: Applying CVar settings loaded from the selected device profile: [Windows]
[2019.03.27-19.25.26:328][  0]LogHAL: Display: Platform has ~ 16 GB [17047015424 / 17179869184 / 16], which maps to Larger [LargestMinGB=32, LargerMinGB=12, DefaultMinGB=8, SmallerMinGB=6, SmallestMinGB=0)
[2019.03.27-19.25.26:331][  0]LogConfig: Setting CVar [[r.Vulkan.UseRealUBs:1]]
[2019.03.27-19.25.26:331][  0]LogInit: Going up to parent DeviceProfile []
[2019.03.27-19.25.26:332][  0]LogConfig: Applying CVar settings from Section [ViewDistanceQuality@3] File [C:/Users/vhv11/Desktop/Spring 2019/CMSC388G/CMSC388G/Project2/Project1/Saved/Config/Windows/Scalability.ini]
[2019.03.27-19.25.26:332][  0]LogConfig: Setting CVar [[r.SkeletalMeshLODBias:0]]
[2019.03.27-19.25.26:332][  0]LogConfig: Setting CVar [[r.ViewDistanceScale:1.0]]
[2019.03.27-19.25.26:332][  0]LogConfig: Applying CVar settings from Section [AntiAliasingQuality@3] File [C:/Users/vhv11/Desktop/Spring 2019/CMSC388G/CMSC388G/Project2/Project1/Saved/Config/Windows/Scalability.ini]
[2019.03.27-19.25.26:332][  0]LogConfig: Setting CVar [[r.PostProcessAAQuality:3]]
[2019.03.27-19.25.26:332][  0]LogConfig: Applying CVar settings from Section [ShadowQuality@3] File [C:/Users/vhv11/Desktop/Spring 2019/CMSC388G/CMSC388G/Project2/Project1/Saved/Config/Windows/Scalability.ini]
[2019.03.27-19.25.26:332][  0]LogConfig: Setting CVar [[r.LightFunctionQuality:1]]
[2019.03.27-19.25.26:332][  0]LogConfig: Setting CVar [[r.ShadowQuality:5]]
[2019.03.27-19.25.26:332][  0]LogConfig: Setting CVar [[r.Shadow.CSM.MaxCascades:10]]
[2019.03.27-19.25.26:332][  0]LogConfig: Setting CVar [[r.Shadow.MaxResolution:2048]]
[2019.03.27-19.25.26:332][  0]LogConfig: Setting CVar [[r.Shadow.MaxCSMResolution:2048]]
[2019.03.27-19.25.26:332][  0]LogConfig: Setting CVar [[r.Shadow.RadiusThreshold:0.01]]
[2019.03.27-19.25.26:332][  0]LogConfig: Setting CVar [[r.Shadow.DistanceScale:1.0]]
[2019.03.27-19.25.26:332][  0]LogConfig: Setting CVar [[r.Shadow.CSM.TransitionScale:1.0]]
[2019.03.27-19.25.26:332][  0]LogConfig: Setting CVar [[r.Shadow.PreShadowResolutionFactor:1.0]]
[2019.03.27-19.25.26:332][  0]LogConfig: Setting CVar [[r.DistanceFieldShadowing:1]]
[2019.03.27-19.25.26:332][  0]LogConfig: Setting CVar [[r.DistanceFieldAO:1]]
[2019.03.27-19.25.26:332][  0]LogConfig: Setting CVar [[r.AOQuality:2]]
[2019.03.27-19.25.26:332][  0]LogConfig: Setting CVar [[r.VolumetricFog:1]]
[2019.03.27-19.25.26:332][  0]LogConfig: Setting CVar [[r.VolumetricFog.GridPixelSize:8]]
[2019.03.27-19.25.26:332][  0]LogConfig: Setting CVar [[r.VolumetricFog.GridSizeZ:128]]
[2019.03.27-19.25.26:332][  0]LogConfig: Setting CVar [[r.VolumetricFog.HistoryMissSupersampleCount:4]]
[2019.03.27-19.25.26:332][  0]LogConfig: Setting CVar [[r.LightMaxDrawDistanceScale:1]]
[2019.03.27-19.25.26:332][  0]LogConfig: Setting CVar [[r.CapsuleShadows:1]]
[2019.03.27-19.25.26:332][  0]LogConfig: Applying CVar settings from Section [PostProcessQuality@3] File [C:/Users/vhv11/Desktop/Spring 2019/CMSC388G/CMSC388G/Project2/Project1/Saved/Config/Windows/Scalability.ini]
[2019.03.27-19.25.26:332][  0]LogConfig: Setting CVar [[r.MotionBlurQuality:0]]
[2019.03.27-19.25.26:332][  0]LogConfig: Setting CVar [[r.AmbientOcclusionMipLevelFactor:0.4]]
[2019.03.27-19.25.26:332][  0]LogConfig: Setting CVar [[r.AmbientOcclusionMaxQuality:100]]
[2019.03.27-19.25.26:332][  0]LogConfig: Setting CVar [[r.AmbientOcclusionLevels:0]]
[2019.03.27-19.25.26:332][  0]LogConfig: Setting CVar [[r.AmbientOcclusionRadiusScale:1.0]]
[2019.03.27-19.25.26:332][  0]LogConfig: Setting CVar [[r.DepthOfFieldQuality:0]]
[2019.03.27-19.25.26:332][  0]LogConfig: Setting CVar [[r.RenderTargetPoolMin:400]]
[2019.03.27-19.25.26:332][  0]LogConfig: Setting CVar [[r.LensFlareQuality:0]]
[2019.03.27-19.25.26:332][  0]LogConfig: Setting CVar [[r.SceneColorFringeQuality:0]]
[2019.03.27-19.25.26:332][  0]LogConfig: Setting CVar [[r.EyeAdaptationQuality:2]]
[2019.03.27-19.25.26:332][  0]LogConfig: Setting CVar [[r.BloomQuality:1]]
[2019.03.27-19.25.26:332][  0]LogConfig: Setting CVar [[r.FastBlurThreshold:0]]
[2019.03.27-19.25.26:332][  0]LogConfig: Setting CVar [[r.Upscale.Quality:3]]
[2019.03.27-19.25.26:332][  0]LogConfig: Setting CVar [[r.Tonemapper.GrainQuantization:1]]
[2019.03.27-19.25.26:332][  0]LogConfig: Setting CVar [[r.LightShaftQuality:1]]
[2019.03.27-19.25.26:332][  0]LogConfig: Setting CVar [[r.Filter.SizeScale:1]]
[2019.03.27-19.25.26:332][  0]LogConfig: Setting CVar [[r.Tonemapper.Quality:5]]
[2019.03.27-19.25.26:332][  0]LogConfig: Setting CVar [[r.DOF.Gather.AccumulatorQuality:1        ; higher gathering accumulator quality]]
[2019.03.27-19.25.26:332][  0]LogConfig: Setting CVar [[r.DOF.Gather.PostfilterMethod:1          ; Median3x3 postfilering method]]
[2019.03.27-19.25.26:332][  0]LogConfig: Setting CVar [[r.DOF.Gather.EnableBokehSettings:0       ; no bokeh simulation when gathering]]
[2019.03.27-19.25.26:332][  0]LogConfig: Setting CVar [[r.DOF.Gather.RingCount:4                 ; medium number of samples when gathering]]
[2019.03.27-19.25.26:332][  0]LogConfig: Setting CVar [[r.DOF.Scatter.ForegroundCompositing:1    ; additive foreground scattering]]
[2019.03.27-19.25.26:333][  0]LogConfig: Setting CVar [[r.DOF.Scatter.BackgroundCompositing:2    ; additive background scattering]]
[2019.03.27-19.25.26:333][  0]LogConfig: Setting CVar [[r.DOF.Scatter.EnableBokehSettings:1      ; bokeh simulation when scattering]]
[2019.03.27-19.25.26:333][  0]LogConfig: Setting CVar [[r.DOF.Scatter.MaxSpriteRatio:0.1         ; only a maximum of 10% of scattered bokeh]]
[2019.03.27-19.25.26:333][  0]LogConfig: Setting CVar [[r.DOF.Recombine.Quality:1                ; cheap slight out of focus]]
[2019.03.27-19.25.26:333][  0]LogConfig: Setting CVar [[r.DOF.Recombine.EnableBokehSettings:0    ; no bokeh simulation on slight out of focus]]
[2019.03.27-19.25.26:333][  0]LogConfig: Setting CVar [[r.DOF.TemporalAAQuality:1                ; more stable temporal accumulation]]
[2019.03.27-19.25.26:333][  0]LogConfig: Setting CVar [[r.DOF.Kernel.MaxForegroundRadius:0.025]]
[2019.03.27-19.25.26:333][  0]LogConfig: Setting CVar [[r.DOF.Kernel.MaxBackgroundRadius:0.025]]
[2019.03.27-19.25.26:333][  0]LogConfig: Applying CVar settings from Section [TextureQuality@3] File [C:/Users/vhv11/Desktop/Spring 2019/CMSC388G/CMSC388G/Project2/Project1/Saved/Config/Windows/Scalability.ini]
[2019.03.27-19.25.26:333][  0]LogConfig: Setting CVar [[r.Streaming.MipBias:0]]
[2019.03.27-19.25.26:333][  0]LogConfig: Setting CVar [[r.Streaming.AmortizeCPUToGPUCopy:0]]
[2019.03.27-19.25.26:333][  0]LogConfig: Setting CVar [[r.Streaming.MaxNumTexturesToStreamPerFrame:0]]
[2019.03.27-19.25.26:333][  0]LogConfig: Setting CVar [[r.Streaming.Boost:1]]
[2019.03.27-19.25.26:333][  0]LogConfig: Setting CVar [[r.MaxAnisotropy:8]]
[2019.03.27-19.25.26:333][  0]LogConfig: Setting CVar [[r.Streaming.LimitPoolSizeToVRAM:0]]
[2019.03.27-19.25.26:333][  0]LogConfig: Setting CVar [[r.Streaming.PoolSize:1000]]
[2019.03.27-19.25.26:333][  0]LogConfig: Setting CVar [[r.Streaming.MaxEffectiveScreenSize:0]]
[2019.03.27-19.25.26:333][  0]LogConfig: Applying CVar settings from Section [EffectsQuality@3] File [C:/Users/vhv11/Desktop/Spring 2019/CMSC388G/CMSC388G/Project2/Project1/Saved/Config/Windows/Scalability.ini]
[2019.03.27-19.25.26:333][  0]LogConfig: Setting CVar [[r.TranslucencyLightingVolumeDim:4]]
[2019.03.27-19.25.26:333][  0]LogConfig: Setting CVar [[r.RefractionQuality:2]]
[2019.03.27-19.25.26:333][  0]LogConfig: Setting CVar [[r.SSR.Quality:0]]
[2019.03.27-19.25.26:333][  0]LogConfig: Setting CVar [[r.SceneColorFormat:2]]
[2019.03.27-19.25.26:333][  0]LogConfig: Setting CVar [[r.DetailMode:2]]
[2019.03.27-19.25.26:333][  0]LogConfig: Setting CVar [[r.TranslucencyVolumeBlur:0]]
[2019.03.27-19.25.26:333][  0]LogConfig: Setting CVar [[r.MaterialQualityLevel:1 ; High quality]]
[2019.03.27-19.25.26:333][  0]LogConfig: Setting CVar [[r.SSS.Scale:1]]
[2019.03.27-19.25.26:333][  0]LogConfig: Setting CVar [[r.SSS.SampleSet:2]]
[2019.03.27-19.25.26:333][  0]LogConfig: Setting CVar [[r.SSS.Quality:1]]
[2019.03.27-19.25.26:333][  0]LogConfig: Setting CVar [[r.SSS.HalfRes:1]]
[2019.03.27-19.25.26:333][  0]LogConfig: Setting CVar [[r.EmitterSpawnRateScale:1.0]]
[2019.03.27-19.25.26:333][  0]LogConfig: Setting CVar [[r.ParticleLightQuality:2]]
[2019.03.27-19.25.26:333][  0]LogConfig: Applying CVar settings from Section [FoliageQuality@3] File [C:/Users/vhv11/Desktop/Spring 2019/CMSC388G/CMSC388G/Project2/Project1/Saved/Config/Windows/Scalability.ini]
[2019.03.27-19.25.26:333][  0]LogConfig: Setting CVar [[foliage.DensityScale:1.0]]
[2019.03.27-19.25.26:333][  0]LogConfig: Setting CVar [[grass.DensityScale:1.0]]
[2019.03.27-19.25.26:333][  0]LogConfig: Applying CVar settings from Section [Startup] File [../../../Engine/Config/ConsoleVariables.ini]
[2019.03.27-19.25.26:334][  0]LogConfig: Setting CVar [[net.UseAdaptiveNetUpdateFrequency:0]]
[2019.03.27-19.25.26:334][  0]LogConfig: Applying CVar settings from Section [ConsoleVariables] File [C:/Users/vhv11/Desktop/Spring 2019/CMSC388G/CMSC388G/Project2/Project1/Saved/Config/Windows/Engine.ini]
[2019.03.27-19.25.26:346][  0]LogInit: Computer: LAPTOP-12NJ29U7
[2019.03.27-19.25.26:346][  0]LogInit: User: vhv11
[2019.03.27-19.25.26:346][  0]LogInit: CPU Page size=4096, Cores=6
[2019.03.27-19.25.26:346][  0]LogInit: High frequency timer resolution =2.156251 MHz
[2019.03.27-19.25.26:347][  0]LogMemory: Memory total: Physical=15.9GB (16GB approx)
[2019.03.27-19.25.26:347][  0]LogMemory: Platform Memory Stats for Windows
[2019.03.27-19.25.26:347][  0]LogMemory: Process Physical Memory: 103.62 MB used, 103.62 MB peak
[2019.03.27-19.25.26:347][  0]LogMemory: Process Virtual Memory: 94.45 MB used, 94.45 MB peak
[2019.03.27-19.25.26:347][  0]LogMemory: Physical Memory: 11470.51 MB used,  4786.79 MB free, 16257.30 MB total
[2019.03.27-19.25.26:347][  0]LogMemory: Virtual Memory: 4653.98 MB used,  134213072.00 MB free, 134217728.00 MB total
[2019.03.27-19.25.27:027][  0]LogInit: Using OS detected language (en-US).
[2019.03.27-19.25.27:027][  0]LogInit: Using OS detected locale (en-US).
[2019.03.27-19.25.27:098][  0]LogTextLocalizationManager: No specific localization for 'en-US' exists, so the 'en' localization will be used.
[2019.03.27-19.25.28:263][  0]LogStreaming: Display: Took  1.195s to InitEngineTextLocalization.
[2019.03.27-19.25.28:294][  0]LogInit: Setting process to per monitor DPI aware
[2019.03.27-19.25.31:050][  0]LogSlate: New Slate User Created.  User Index 0, Is Virtual User: 0
[2019.03.27-19.25.31:050][  0]LogSlate: Slate User Registered.  User Index 0, Is Virtual User: 0
[2019.03.27-19.25.31:801][  0]LogHMD: Failed to initialize OpenVR with code 110
[2019.03.27-19.25.31:801][  0]LogD3D11RHI: D3D11 adapters:
[2019.03.27-19.25.33:099][  0]LogD3D11RHI:    0. 'NVIDIA GeForce GTX 1050 Ti' (Feature Level 11_0)
[2019.03.27-19.25.33:100][  0]LogD3D11RHI:       4018/0/8128 MB DedicatedVideo/DedicatedSystem/SharedSystem, Outputs:1, VendorId:0x10de
[2019.03.27-19.25.33:123][  0]LogD3D11RHI:    1. 'Intel(R) UHD Graphics 630' (Feature Level 11_0)
[2019.03.27-19.25.33:123][  0]LogD3D11RHI:       128/0/8128 MB DedicatedVideo/DedicatedSystem/SharedSystem, Outputs:0, VendorId:0x8086
[2019.03.27-19.25.33:129][  0]LogD3D11RHI:    2. 'Microsoft Basic Render Driver' (Feature Level 11_0)
[2019.03.27-19.25.33:129][  0]LogD3D11RHI:       0/0/8128 MB DedicatedVideo/DedicatedSystem/SharedSystem, Outputs:0, VendorId:0x1414
[2019.03.27-19.25.33:129][  0]LogD3D11RHI: Chosen D3D11 Adapter: 0
[2019.03.27-19.25.33:186][  0]LogD3D11RHI: Creating new Direct3DDevice
[2019.03.27-19.25.33:186][  0]LogD3D11RHI:     GPU DeviceId: 0x1c8c (for the marketing name, search the web for "GPU Device Id")
[2019.03.27-19.25.33:186][  0]LogWindows: EnumDisplayDevices:
[2019.03.27-19.25.33:187][  0]LogWindows:    0. 'Intel(R) UHD Graphics 630' (P:1 D:1)
[2019.03.27-19.25.33:187][  0]LogWindows:    1. 'Intel(R) UHD Graphics 630' (P:0 D:0)
[2019.03.27-19.25.33:188][  0]LogWindows:    2. 'Intel(R) UHD Graphics 630' (P:0 D:0)
[2019.03.27-19.25.33:188][  0]LogWindows:    3. 'NVIDIA GeForce GTX 1050 Ti' (P:0 D:0)
[2019.03.27-19.25.33:189][  0]LogWindows:    4. 'NVIDIA GeForce GTX 1050 Ti' (P:0 D:0)
[2019.03.27-19.25.33:189][  0]LogWindows:    5. 'NVIDIA GeForce GTX 1050 Ti' (P:0 D:0)
[2019.03.27-19.25.33:190][  0]LogWindows:    6. 'NVIDIA GeForce GTX 1050 Ti' (P:0 D:0)
[2019.03.27-19.25.33:190][  0]LogWindows: DebugString: PrimaryIsNotTheChoosenAdapter PrimaryIsNotTheChoosenAdapter PrimaryIsNotTheChoosenAdapter FoundDriverCount:4 
[2019.03.27-19.25.33:190][  0]LogD3D11RHI:     Adapter Name: NVIDIA GeForce GTX 1050 Ti
[2019.03.27-19.25.33:191][  0]LogD3D11RHI:   Driver Version: 398.27 (internal:24.21.13.9827, unified:398.27)
[2019.03.27-19.25.33:191][  0]LogD3D11RHI:      Driver Date: 6-13-2018
[2019.03.27-19.25.33:191][  0]LogRHI: Texture pool is 2812 MB (70% of 4018 MB)
[2019.03.27-19.25.33:259][  0]LogD3D11RHI: Async texture creation enabled
[2019.03.27-19.25.33:470][  0]LogD3D11RHI: GPU Timing Frequency: 1000.000000 (Debug: 2 2)
[2019.03.27-19.25.34:468][  0]LogTemp: Display: Loaded TP AllDesktopTargetPlatform
[2019.03.27-19.25.34:502][  0]LogTemp: Display: Loaded TP MacClientTargetPlatform
[2019.03.27-19.25.34:544][  0]LogTemp: Display: Loaded TP MacNoEditorTargetPlatform
[2019.03.27-19.25.34:569][  0]LogTemp: Display: Loaded TP MacServerTargetPlatform
[2019.03.27-19.25.34:616][  0]LogTemp: Display: Loaded TP MacTargetPlatform
[2019.03.27-19.25.34:665][  0]LogTemp: Display: Loaded TP WindowsClientTargetPlatform
[2019.03.27-19.25.34:701][  0]LogTemp: Display: Loaded TP WindowsNoEditorTargetPlatform
[2019.03.27-19.25.34:734][  0]LogTemp: Display: Loaded TP WindowsServerTargetPlatform
[2019.03.27-19.25.34:756][  0]LogTemp: Display: Loaded TP WindowsTargetPlatform
[2019.03.27-19.25.34:893][  0]LogTemp: Display: Loaded TP AndroidTargetPlatform
[2019.03.27-19.25.34:893][  0]LogTemp: Display: Loaded TP AndroidTargetPlatform
[2019.03.27-19.25.34:893][  0]LogTemp: Display: Loaded TP AndroidTargetPlatform
[2019.03.27-19.25.34:893][  0]LogTemp: Display: Loaded TP AndroidTargetPlatform
[2019.03.27-19.25.34:893][  0]LogTemp: Display: Loaded TP AndroidTargetPlatform
[2019.03.27-19.25.34:893][  0]LogTemp: Display: Loaded TP AndroidTargetPlatform
[2019.03.27-19.25.34:893][  0]LogTemp: Display: Loaded TP AndroidTargetPlatform
[2019.03.27-19.25.34:893][  0]LogTemp: Display: Loaded TP AndroidTargetPlatform
[2019.03.27-19.25.34:893][  0]LogTemp: Display: Loaded TP AndroidTargetPlatform
[2019.03.27-19.25.34:893][  0]LogTemp: Display: Loaded TP AndroidTargetPlatform
[2019.03.27-19.25.34:893][  0]LogTemp: Display: Loaded TP AndroidTargetPlatform
[2019.03.27-19.25.34:893][  0]LogTemp: Display: Loaded TP AndroidTargetPlatform
[2019.03.27-19.25.34:893][  0]LogTemp: Display: Loaded TP AndroidTargetPlatform
[2019.03.27-19.25.34:893][  0]LogTemp: Display: Loaded TP AndroidTargetPlatform
[2019.03.27-19.25.34:893][  0]LogTemp: Display: Loaded TP AndroidTargetPlatform
[2019.03.27-19.25.34:893][  0]LogTemp: Display: Loaded TP AndroidTargetPlatform
[2019.03.27-19.25.34:894][  0]LogTemp: Display: Loaded TP AndroidTargetPlatform
[2019.03.27-19.25.34:894][  0]LogTemp: Display: Loaded TP AndroidTargetPlatform
[2019.03.27-19.25.34:911][  0]LogTemp: Display: Loaded TP HTML5TargetPlatform
[2019.03.27-19.25.35:024][  0]LogTemp: Display: Loaded TP IOSTargetPlatform
[2019.03.27-19.25.35:024][  0]LogTemp: Display: Loaded TP IOSTargetPlatform
[2019.03.27-19.25.35:072][  0]LogTemp: Display: Loaded TP TVOSTargetPlatform
[2019.03.27-19.25.35:072][  0]LogTemp: Display: Loaded TP TVOSTargetPlatform
[2019.03.27-19.25.35:105][  0]LogTemp: Display: Loaded TP LinuxClientTargetPlatform
[2019.03.27-19.25.35:129][  0]LogTemp: Display: Loaded TP LinuxNoEditorTargetPlatform
[2019.03.27-19.25.35:159][  0]LogTemp: Display: Loaded TP LinuxServerTargetPlatform
[2019.03.27-19.25.35:191][  0]LogTemp: Display: Loaded TP LinuxTargetPlatform
[2019.03.27-19.25.35:270][  0]LogTemp: Display: Loaded TP LuminTargetPlatform
[2019.03.27-19.25.35:270][  0]LogTemp: Display: Loaded TP LuminTargetPlatform
[2019.03.27-19.25.35:270][  0]LogTargetPlatformManager: Display: Building Assets For Windows
[2019.03.27-19.25.36:171][  0]LogShaderCompilers: Guid format shader working directory is -25 characters bigger than the processId version (C:/Users/vhv11/Desktop/Spring 2019/CMSC388G/CMSC388G/Project2/Project1/Intermediate/Shaders/WorkingDirectory/61808/).
[2019.03.27-19.25.36:172][  0]LogShaderCompilers: Cleaned the shader compiler working directory 'C:/Users/vhv11/AppData/Local/Temp/UnrealShaderWorkingDir/35DE279641F5466807F9A29D71A808E2/'.
[2019.03.27-19.25.36:183][  0]LogXGEController: Cleaning working directory: C:/Users/vhv11/AppData/Local/Temp/UnrealXGEWorkingDir/
[2019.03.27-19.25.36:184][  0]LogXGEController: Cannot use XGE Controller as Incredibuild is not installed on this machine.
[2019.03.27-19.25.36:184][  0]LogShaderCompilers: Cannot use XGE Shader Compiler as Incredibuild is not installed on this machine.
[2019.03.27-19.25.36:184][  0]LogShaderCompilers: Display: Using Local Shader Compiler.
[2019.03.27-19.25.37:880][  0]LogDerivedDataCache: Display: Max Cache Size: 512 MB
[2019.03.27-19.25.37:880][  0]LogDerivedDataCache: Display: Starting with empty Boot cache
[2019.03.27-19.25.37:880][  0]LogDerivedDataCache: FDerivedDataBackendGraph:  Pak pak cache file C:/Users/vhv11/Desktop/Spring 2019/CMSC388G/CMSC388G/Project2/Project1/DerivedDataCache/DDC.ddp not found, will not use a pak cache.
[2019.03.27-19.25.37:880][  0]LogDerivedDataCache: Unable to find inner node Pak for hierarchical cache Hierarchy.
[2019.03.27-19.25.37:880][  0]LogDerivedDataCache: FDerivedDataBackendGraph:  CompressedPak pak cache file C:/Users/vhv11/Desktop/Spring 2019/CMSC388G/CMSC388G/Project2/Project1/DerivedDataCache/Compressed.ddp not found, will not use a pak cache.
[2019.03.27-19.25.37:880][  0]LogDerivedDataCache: Unable to find inner node CompressedPak for hierarchical cache Hierarchy.
[2019.03.27-19.25.37:924][  0]LogDerivedDataCache: Display: Pak cache opened for reading ../../../Engine/DerivedDataCache/Compressed.ddp.
[2019.03.27-19.25.37:924][  0]LogDerivedDataCache: FDerivedDataBackendGraph:  EnterprisePak pak cache file ../../../Enterprise/DerivedDataCache/Compressed.ddp not found, will not use a pak cache.
[2019.03.27-19.25.37:924][  0]LogDerivedDataCache: Unable to find inner node EnterprisePak for hierarchical cache Hierarchy.
[2019.03.27-19.25.37:939][  0]LogDerivedDataCache: Using Local data cache path C:/Users/vhv11/AppData/Local/UnrealEngine/Common/DerivedDataCache: Writable
[2019.03.27-19.25.37:939][  0]LogDerivedDataCache: Shared data cache path not found in *engine.ini, will not use an Shared cache.
[2019.03.27-19.25.37:939][  0]LogDerivedDataCache: Unable to find inner node Shared for hierarchical cache Hierarchy.
[2019.03.27-19.25.38:108][  0]LogMaterial: Verifying Global Shaders for PCD3D_SM5
[2019.03.27-19.25.38:148][  0]LogSlate: Using FreeType 2.6.0
[2019.03.27-19.25.38:192][  0]LogSlate: SlateFontServices - WITH_FREETYPE: 1, WITH_HARFBUZZ: 1
[2019.03.27-19.25.38:682][  0]LogAssetRegistry: FAssetRegistry took 0.0424 seconds to start up
[2019.03.27-19.25.40:409][  0]LogInit: Selected Device Profile: [Windows]
[2019.03.27-19.25.42:027][  0]LogSimplygon: Simplygon DLL not present - disabling.
[2019.03.27-19.25.42:405][  0]LogMeshReduction: Using SimplygonSwarm for distributed automatic mesh merging
[2019.03.27-19.25.42:406][  0]LogMeshReduction: Using ProxyLODMeshReduction for automatic mesh merging
[2019.03.27-19.25.42:406][  0]LogMeshReduction: Using QuadricMeshReduction for automatic static mesh reduction
[2019.03.27-19.25.42:406][  0]LogMeshReduction: No automatic skeletal mesh reduction module available
[2019.03.27-19.25.42:755][  0]LogNetVersion: Project1 1.0.0, NetCL: 4541578, EngineNetVer: 5, GameNetVer: 0 (Checksum: 1836585228)
[2019.03.27-19.25.46:099][  0]LogPackageLocalizationCache: Processed 11 localized package path(s) for 2 prioritized culture(s) in 0.165049 seconds
[2019.03.27-19.25.46:120][  0]LogUObjectArray: 39775 objects as part of root set at end of initial load.
[2019.03.27-19.25.46:120][  0]LogUObjectAllocator: 6914656 out of 0 bytes used by permanent object pool.
[2019.03.27-19.25.46:120][  0]LogUObjectArray: CloseDisregardForGC: 0/0 objects in disregard for GC pool
[2019.03.27-19.25.52:618][  0]LogTcpMessaging: Initializing TcpMessaging bridge
[2019.03.27-19.25.52:651][  0]LogUdpMessaging: Initializing bridge on interface 0.0.0.0:0 to multicast group 230.0.0.1:6666.
[2019.03.27-19.25.54:557][  0]LogMaterial: Display: Missing cached shader map for material CubeMaterial, compiling. 
[2019.03.27-19.25.55:234][  0]LogShaderCompilers: Display: Shaders left to compile 31
[2019.03.27-19.25.55:234][  0]LogShaderCompilers: Display: Shaders left to compile 21
[2019.03.27-19.25.55:234][  0]LogShaderCompilers: Display: Shaders left to compile 11
[2019.03.27-19.25.55:234][  0]LogShaderCompilers: Display: Shaders left to compile 1
[2019.03.27-19.25.55:278][  0]SourceControl: Source control is disabled
[2019.03.27-19.25.55:279][  0]SourceControl: Source control is disabled
[2019.03.27-19.25.55:377][  0]SourceControl: Source control is disabled
[2019.03.27-19.25.55:402][  0]SourceControl: Source control is disabled
[2019.03.27-19.25.56:867][  0]LogAndroidPermission: UAndroidPermissionCallbackProxy::GetInstance
[2019.03.27-19.25.57:111][  0]LogOcInput: OculusInput pre-init called
[2019.03.27-19.25.58:398][  0]LogEngine: Initializing Engine...
[2019.03.27-19.25.58:439][  0]LogHMD: Failed to initialize OpenVR with code 110
[2019.03.27-19.25.58:452][  0]LogStats: UGameplayTagsManager::ConstructGameplayTagTree: ImportINI prefixes -  0.001 s
[2019.03.27-19.25.58:452][  0]LogStats: UGameplayTagsManager::ConstructGameplayTagTree: Construct from data asset -  0.000 s
[2019.03.27-19.25.58:452][  0]LogStats: UGameplayTagsManager::ConstructGameplayTagTree: ImportINI -  0.000 s
[2019.03.27-19.25.58:452][  0]LogStats: UGameplayTagsManager::ConstructGameplayTagTree: GameplayTagTreeChangedEvent.Broadcast -  0.000 s
[2019.03.27-19.25.59:954][  0]LogInit: Initializing FReadOnlyCVARCache
[2019.03.27-19.26.00:796][  0]LogAIModule: Creating AISystem for world Untitled
[2019.03.27-19.26.01:078][  0]LogInit: XAudio2 using 'Speakers (Realtek(R) Audio)' : 2 channels at 48 kHz using 32 bits per sample (channel mask 0x3)
[2019.03.27-19.26.02:056][  0]LogInit: FAudioDevice initialized.
[2019.03.27-19.26.02:057][  0]LogNetVersion: Set ProjectVersion to 1.0.0.0. Version Checksum will be recalculated on next use.
[2019.03.27-19.26.02:254][  0]LogDerivedDataCache: Saved boot cache 0.20s 71MB C:/Users/vhv11/AppData/Local/UnrealEngine/4.21/DerivedDataCache/Boot.ddc.
[2019.03.27-19.26.02:275][  0]LogInit: Texture streaming: Enabled
[2019.03.27-19.26.02:636][  0]LogEngineSessionManager: EngineSessionManager initialized
[2019.03.27-19.26.03:315][  0]LogInit: Transaction tracking system initialized
[2019.03.27-19.26.04:193][  0]BlueprintLog: New page: Editor Load
[2019.03.27-19.26.06:842][  0]LocalizationService: Localization service is disabled
[2019.03.27-19.26.10:698][  0]LogFileCache: Scanning file cache for directory 'C:/Users/vhv11/Desktop/Spring 2019/CMSC388G/CMSC388G/Project2/Project1/Content/' took 0.04s
[2019.03.27-19.26.10:698][  0]LogCook: Display: Max memory allowance for cook 16384mb min free memory 0mb
[2019.03.27-19.26.10:700][  0]LogCook: Display: Mobile HDR setting 1
[2019.03.27-19.26.10:701][  0]LogGameplayTags: Display: UGameplayTagsManager::DoneAddingNativeTags. DelegateIsBound: 0
[2019.03.27-19.26.10:701][  0]LogStats: UGameplayTagsManager::ConstructGameplayTagTree: ImportINI prefixes -  0.000 s
[2019.03.27-19.26.10:701][  0]LogStats: UGameplayTagsManager::ConstructGameplayTagTree: Construct from data asset -  0.000 s
[2019.03.27-19.26.10:701][  0]LogStats: UGameplayTagsManager::ConstructGameplayTagTree: ImportINI -  0.000 s
[2019.03.27-19.26.10:701][  0]LogStats: UGameplayTagsManager::ConstructGameplayTagTree: GameplayTagTreeChangedEvent.Broadcast -  0.000 s
[2019.03.27-19.26.16:466][  0]SourceControl: Source control is disabled
[2019.03.27-19.26.16:494][  0]Cmd: MAP LOAD FILE="../../../Engine/Content/Maps/Templates/Template_Default.umap" TEMPLATE=1 SHOWPROGRESS=1 FEATURELEVEL=3
[2019.03.27-19.26.16:590][  0]LightingResults: New page: Lighting Build
[2019.03.27-19.26.16:990][  0]MapCheck: New page: Map Check
[2019.03.27-19.26.16:990][  0]LightingResults: New page: Lighting Build
[2019.03.27-19.26.20:176][  0]LogAIModule: Creating AISystem for world Untitled_1
[2019.03.27-19.26.21:012][  0]LogEditorServer: Finished looking for orphan Actors (0.000 secs)
[2019.03.27-19.26.21:214][  0]Cmd: MAP CHECKDEP NOCLEARLOG
[2019.03.27-19.26.21:267][  0]MapCheck: Map check complete: 0 Error(s), 0 Warning(s), took 0.36ms to complete.
[2019.03.27-19.26.21:282][  0]LogFileHelpers: Loading map 'Template_Default' took 4.805
[2019.03.27-19.26.23:288][  0]LogSlate: Updating window title bar state: overlay mode, drag disabled, window buttons hidden, title bar hidden
[2019.03.27-19.26.23:310][  0]LogSlate: Updating window title bar state: overlay mode, drag disabled, window buttons hidden, title bar hidden
[2019.03.27-19.26.23:321][  0]LogSlate: Updating window title bar state: overlay mode, drag disabled, window buttons hidden, title bar hidden
[2019.03.27-19.26.23:336][  0]LogSlate: Updating window title bar state: overlay mode, drag disabled, window buttons hidden, title bar hidden
[2019.03.27-19.26.23:492][  0]LogCollectionManager: Loaded 0 collections in 0.003357 seconds
[2019.03.27-19.26.23:706][  0]LogFileCache: Scanning file cache for directory 'C:/Users/vhv11/Desktop/Spring 2019/CMSC388G/CMSC388G/Project2/Project1/Saved/Collections/' took 0.01s
[2019.03.27-19.26.23:706][  0]LogFileCache: Scanning file cache for directory 'C:/Users/vhv11/Desktop/Spring 2019/CMSC388G/CMSC388G/Project2/Project1/Content/Developers/vhv11/Collections/' took 0.01s
[2019.03.27-19.26.23:706][  0]LogFileCache: Scanning file cache for directory 'C:/Users/vhv11/Desktop/Spring 2019/CMSC388G/CMSC388G/Project2/Project1/Content/Collections/' took 0.01s
[2019.03.27-19.26.23:706][  0]LogCollectionManager: Rebuilt the GUID cache for 0 collections in 0.000000 seconds
[2019.03.27-19.26.23:775][  0]LogContentBrowser: Native class hierarchy populated in 0.0345 seconds. Added 2654 classes and 622 folders.
[2019.03.27-19.26.23:913][  0]LogContentBrowser: Native class hierarchy updated for 'WidgetCarousel' in 0.0010 seconds. Added 0 classes and 0 folders.
[2019.03.27-19.26.23:984][  0]LogPakFile: Registered encryption key '00000000000000000000000000000000': 0 pak files mounted, 0 remain pending
[2019.03.27-19.26.24:031][  0]LogPakFile: Registered encryption key '00000000000000000000000000000000': 0 pak files mounted, 0 remain pending
[2019.03.27-19.26.24:054][  0]LogPakFile: Registered encryption key '00000000000000000000000000000000': 0 pak files mounted, 0 remain pending
[2019.03.27-19.26.24:099][  0]LogPakFile: Registered encryption key '00000000000000000000000000000000': 0 pak files mounted, 0 remain pending
[2019.03.27-19.26.24:121][  0]LogPakFile: Registered encryption key '00000000000000000000000000000000': 0 pak files mounted, 0 remain pending
[2019.03.27-19.26.24:159][  0]LogPakFile: Registered encryption key '00000000000000000000000000000000': 0 pak files mounted, 0 remain pending
[2019.03.27-19.26.24:191][  0]LogPakFile: Registered encryption key '00000000000000000000000000000000': 0 pak files mounted, 0 remain pending
[2019.03.27-19.26.24:213][  0]LogPakFile: Registered encryption key '00000000000000000000000000000000': 0 pak files mounted, 0 remain pending
[2019.03.27-19.26.24:238][  0]LogPakFile: Registered encryption key '00000000000000000000000000000000': 0 pak files mounted, 0 remain pending
[2019.03.27-19.26.24:274][  0]LogPakFile: Registered encryption key '00000000000000000000000000000000': 0 pak files mounted, 0 remain pending
[2019.03.27-19.26.24:296][  0]LogPakFile: Registered encryption key '00000000000000000000000000000000': 0 pak files mounted, 0 remain pending
[2019.03.27-19.26.24:318][  0]LogPakFile: Registered encryption key '00000000000000000000000000000000': 0 pak files mounted, 0 remain pending
[2019.03.27-19.26.24:360][  0]LogPakFile: Registered encryption key '00000000000000000000000000000000': 0 pak files mounted, 0 remain pending
[2019.03.27-19.26.24:395][  0]LogPakFile: Registered encryption key '00000000000000000000000000000000': 0 pak files mounted, 0 remain pending
[2019.03.27-19.26.24:412][  0]LogPakFile: Registered encryption key '00000000000000000000000000000000': 0 pak files mounted, 0 remain pending
[2019.03.27-19.26.24:452][  0]LogPakFile: Registered encryption key '00000000000000000000000000000000': 0 pak files mounted, 0 remain pending
[2019.03.27-19.26.24:484][  0]LogPakFile: Registered encryption key '00000000000000000000000000000000': 0 pak files mounted, 0 remain pending
[2019.03.27-19.26.24:526][  0]LogPakFile: Registered encryption key '00000000000000000000000000000000': 0 pak files mounted, 0 remain pending
[2019.03.27-19.26.24:585][  0]LogPakFile: Registered encryption key '00000000000000000000000000000000': 0 pak files mounted, 0 remain pending
[2019.03.27-19.26.24:694][  0]LogPakFile: Registered encryption key '00000000000000000000000000000000': 0 pak files mounted, 0 remain pending
[2019.03.27-19.26.24:712][  0]LogPakFile: Registered encryption key '00000000000000000000000000000000': 0 pak files mounted, 0 remain pending
[2019.03.27-19.26.24:746][  0]LogPakFile: Registered encryption key '00000000000000000000000000000000': 0 pak files mounted, 0 remain pending
[2019.03.27-19.26.24:764][  0]LogPakFile: Registered encryption key '00000000000000000000000000000000': 0 pak files mounted, 0 remain pending
[2019.03.27-19.26.24:787][  0]LogPakFile: Registered encryption key '00000000000000000000000000000000': 0 pak files mounted, 0 remain pending
[2019.03.27-19.26.24:811][  0]LogPakFile: Registered encryption key '00000000000000000000000000000000': 0 pak files mounted, 0 remain pending
[2019.03.27-19.26.24:832][  0]LogPakFile: Registered encryption key '00000000000000000000000000000000': 0 pak files mounted, 0 remain pending
[2019.03.27-19.26.26:926][  0]LogContentBrowser: Native class hierarchy updated for 'AddContentDialog' in 0.0007 seconds. Added 0 classes and 0 folders.
[2019.03.27-19.26.27:086][  0]LogContentBrowser: Native class hierarchy updated for 'SceneOutliner' in 0.0008 seconds. Added 1 classes and 2 folders.
[2019.03.27-19.26.28:082][  0]LogSlate: Took 0.008322 seconds to synchronously load lazily loaded font '../../../Engine/Content/Slate/Fonts/Roboto-Regular.ttf' (155K)
[2019.03.27-19.26.28:150][  0]LogSlate: Took 0.042902 seconds to synchronously load lazily loaded font '../../../Engine/Content/Slate/Fonts/Roboto-Bold.ttf' (160K)
[2019.03.27-19.26.28:247][  0]LogSlate: Took 0.018334 seconds to synchronously load lazily loaded font '../../../Engine/Content/Editor/Slate/Fonts/FontAwesome.ttf' (139K)
[2019.03.27-19.26.29:264][  0]LogRenderer: Reallocating scene render targets to support 964x436 Format 26 NumSamples 1 (Frame:1).
[2019.03.27-19.26.31:073][  0]LogSlate: FSceneViewport::OnFocusLost() reason 2
[2019.03.27-19.26.31:303][  0]LogSlate: Window 'Tutorials' being destroyed
[2019.03.27-19.26.31:434][  0]LogContentBrowser: Native class hierarchy updated for 'HierarchicalLODOutliner' in 0.0007 seconds. Added 0 classes and 0 folders.
[2019.03.27-19.26.31:435][  0]LogLoad: (Engine Initialization) Total time: 89.97 seconds
[2019.03.27-19.26.31:435][  0]LogLoad: (Engine Initialization) Total Blueprint compile time: 0.01 seconds
[2019.03.27-19.26.32:168][  0]LogContentStreaming: Texture pool size now 1000 MB
[2019.03.27-19.26.32:852][  3]LogAssetRegistry: Asset discovery search completed in 54.1923 seconds
[2019.03.27-19.26.32:869][  3]LogCollectionManager: Rebuilt the object cache for 0 collections in 0.000001 seconds (found 0 objects)
[2019.03.27-19.26.32:869][  3]LogCollectionManager: Fixed up redirectors for 0 collections in 0.000107 seconds (updated 0 objects)
[2019.03.27-19.26.33:102][  3]LogSlate: Took 0.062277 seconds to synchronously load lazily loaded font '../../../Engine/Content/Slate/Fonts/Roboto-Light.ttf' (167K)
[2019.03.27-19.26.34:315][ 99]LogSlate: FSceneViewport::OnFocusLost() reason 0
[2019.03.27-19.26.34:615][116]LogSlate: Took 0.000280 seconds to synchronously load lazily loaded font '../../../Engine/Content/Slate/Fonts/Roboto-Light.ttf' (167K)
[2019.03.27-19.26.35:777][116]LogLinker: Warning: Can't find file '/Game/VirtualRealityBP/Maps/MotionControllerMap_BuiltData'
[2019.03.27-19.26.35:778][116]LogLinker: Warning: Can't find file for asset '/Game/VirtualRealityBP/Maps/MotionControllerMap_BuiltData' while loading C:/Users/vhv11/Desktop/Spring 2019/CMSC388G/CMSC388G/Project2/Project1/Content/VirtualRealityBP/Maps/MotionControllerMap.umap.
[2019.03.27-19.26.35:778][116]LoadErrors: Error: /Game/VirtualRealityBP/Maps/MotionControllerMap : Can't find file for asset. /Game/VirtualRealityBP/Maps/MotionControllerMap_BuiltData
[2019.03.27-19.26.35:792][116]LogLinker: Warning: Can't find file '/Game/VirtualRealityBP/Maps/MotionControllerMap_BuiltData'
[2019.03.27-19.26.35:792][116]LogLinker: Warning: Can't find file for asset '/Game/VirtualRealityBP/Maps/MotionControllerMap_BuiltData' while loading C:/Users/vhv11/Desktop/Spring 2019/CMSC388G/CMSC388G/Project2/Project1/Content/VirtualRealityBP/Maps/MotionControllerMap.umap.
[2019.03.27-19.26.35:802][116]LogLinker: Warning: Can't find file '/Game/VirtualRealityBP/Maps/MotionControllerMap_BuiltData'
[2019.03.27-19.26.35:802][116]LogLinker: Warning: Can't find file for asset '/Game/VirtualRealityBP/Maps/MotionControllerMap_BuiltData' while loading NULL.
[2019.03.27-19.26.35:803][116]LogLinker: Warning: Can't find file '/Game/VirtualRealityBP/Maps/MotionControllerMap_BuiltData'
[2019.03.27-19.26.35:803][116]LogLinker: Warning: Can't find file for asset '/Game/VirtualRealityBP/Maps/MotionControllerMap_BuiltData' while loading NULL.
[2019.03.27-19.26.35:851][116]LogLinker: Warning: Can't find file '/Game/VirtualRealityBP/Maps/MotionControllerMap_BuiltData'
[2019.03.27-19.26.35:896][116]LoadErrors: Failed to load /Game/VirtualRealityBP/Maps/MotionControllerMap_BuiltData.MotionControllerMap_BuiltData Referenced by PersistentLevel
[2019.03.27-19.26.35:898][116]LogLinker: Warning: Can't find file for asset '/Game/VirtualRealityBP/Maps/MotionControllerMap_BuiltData' while loading NULL.
[2019.03.27-19.26.36:342][116]LogMaterial: Display: Missing cached shader map for material M_ArcEndpoint, compiling. 
[2019.03.27-19.26.36:776][116]LogShaderCompilers: Display: Shaders left to compile 43
[2019.03.27-19.26.36:776][116]LogShaderCompilers: Display: Shaders left to compile 33
[2019.03.27-19.26.36:776][116]LogShaderCompilers: Display: Shaders left to compile 23
[2019.03.27-19.26.36:777][116]LogShaderCompilers: Display: Shaders left to compile 13
[2019.03.27-19.26.36:777][116]LogShaderCompilers: Display: Shaders left to compile 3
[2019.03.27-19.26.36:963][116]LogMaterial: Display: Missing cached shader map for material M_TeleportPreviews, compiling. 
[2019.03.27-19.26.36:990][116]LogShaderCompilers: Display: Shaders left to compile 13
[2019.03.27-19.26.36:990][116]LogShaderCompilers: Display: Shaders left to compile 3
[2019.03.27-19.26.36:997][116]LogMaterial: Display: Missing cached shader map for material M_SplineArcMat, compiling. 
[2019.03.27-19.26.37:043][116]LogShaderCompilers: Display: Shaders left to compile 23
[2019.03.27-19.26.37:043][116]LogMaterial: Display: Missing cached shader map for material M_HandMat, compiling. 
[2019.03.27-19.26.37:294][116]LogMaterial: Display: Missing cached shader map for material M_BaseMaterial, compiling. 
[2019.03.27-19.26.37:392][116]LogAIModule: Creating AISystem for world MotionControllerMap
[2019.03.27-19.26.37:623][116]LogAssetEditorManager: Opening Asset editor for World /Game/VirtualRealityBP/Maps/MotionControllerMap.MotionControllerMap
[2019.03.27-19.26.37:978][116]Cmd: MAP LOAD FILE="C:/Users/vhv11/Desktop/Spring 2019/CMSC388G/CMSC388G/Project2/Project1/Content/VirtualRealityBP/Maps/MotionControllerMap.umap" TEMPLATE=0 SHOWPROGRESS=1 FEATURELEVEL=3
[2019.03.27-19.26.37:979][116]LightingResults: New page: Lighting Build
[2019.03.27-19.26.37:981][116]LoadErrors: New page: Loading map: MotionControllerMap.umap
[2019.03.27-19.26.38:079][116]MapCheck: New page: Map Check
[2019.03.27-19.26.38:079][116]LightingResults: New page: Lighting Build
[2019.03.27-19.26.38:605][116]LogEditorServer: Finished looking for orphan Actors (0.000 secs)
[2019.03.27-19.26.38:738][116]LogShaderCompilers: Display: Shaders left to compile 142
[2019.03.27-19.26.38:836][116]Cmd: MAP CHECKDEP NOCLEARLOG
[2019.03.27-19.26.38:845][116]MapCheck: Map check complete: 0 Error(s), 0 Warning(s), took 9.304ms to complete.
[2019.03.27-19.26.38:845][116]LogFileHelpers: Loading map 'MotionControllerMap' took 0.976
[2019.03.27-19.26.39:270][118]LogShaderCompilers: Display: Shaders left to compile 132
[2019.03.27-19.26.40:825][194]LogShaderCompilers: Display: Shaders left to compile 122
[2019.03.27-19.26.41:331][225]LogShaderCompilers: Display: Shaders left to compile 112
[2019.03.27-19.26.42:230][230]LogShaderCompilers: Display: Shaders left to compile 102
[2019.03.27-19.26.44:399][334]LogShaderCompilers: Display: Shaders left to compile 92
[2019.03.27-19.26.45:011][367]LogShaderCompilers: Display: Shaders left to compile 82
[2019.03.27-19.26.45:861][381]LogShaderCompilers: Display: Shaders left to compile 72
[2019.03.27-19.26.45:861][381]LogShaderCompilers: Display: Shaders left to compile 62
[2019.03.27-19.26.46:032][386]LogShaderCompilers: Display: Shaders left to compile 52
[2019.03.27-19.26.46:691][423]LogShaderCompilers: Display: Shaders left to compile 42
[2019.03.27-19.26.47:248][456]LogShaderCompilers: Display: Shaders left to compile 32
[2019.03.27-19.26.49:057][562]LogShaderCompilers: Display: Shaders left to compile 22
[2019.03.27-19.26.49:289][577]LogShaderCompilers: Display: Shaders left to compile 12
[2019.03.27-19.26.49:473][588]LogShaderCompilers: Display: Shaders left to compile 2
[2019.03.27-19.27.02:015][658]LogActor: Warning: PickupCube /Engine/Transient.World_1:PersistentLevel.PickupCube_0 has natively added scene component(s), but none of them were set as the actor's RootComponent - picking one arbitrarily
[2019.03.27-19.27.04:702][883]LogSlate: Took 0.008120 seconds to synchronously load lazily loaded font '../../../Engine/Content/Slate/Fonts/Roboto-BoldCondensed.ttf' (158K)
[2019.03.27-19.27.19:679][284]Running D:/UE_4.21/Engine/Binaries/DotNET/UnrealBuildTool.exe Win64 Development -TargetType=Editor -Project="C:/Users/vhv11/Desktop/Spring 2019/CMSC388G/CMSC388G/Project2/Project1/Project1.uproject" -invalidatemakefilesonly
[2019.03.27-19.27.26:629][284]Invalidating makefiles only in this run.
[2019.03.27-19.27.27:522][284]Candidate modules for hot reload:
[2019.03.27-19.27.27:523][284]  Project1
[2019.03.27-19.27.27:523][284]Launching UnrealBuildTool... [D:/UE_4.21/Engine/Binaries/DotNET/UnrealBuildTool.exe  -ModuleWithSuffix=Project1,7609 Win64 Development -TargetType=Editor -Project="C:/Users/vhv11/Desktop/Spring 2019/CMSC388G/CMSC388G/Project2/Project1/Project1.uproject" -canskiplink "C:/Users/vhv11/Desktop/Spring 2019/CMSC388G/CMSC388G/Project2/Project1/Project1.uproject" ]
[2019.03.27-19.30.45:278][284]CompilerResultsLog: New page: Compilation - Mar 27, 2019, 11:30:45 AM
[2019.03.27-19.30.45:316][284]CompilerResultsLog: Performing full C++ include scan (hot reloading a new target)
[2019.03.27-19.30.45:316][284]CompilerResultsLog: Creating makefile for hot reloading Project1Editor (no existing makefile)
[2019.03.27-19.30.45:316][284]CompilerResultsLog: Compiling game modules for hot reload
[2019.03.27-19.30.45:316][284]CompilerResultsLog: Using Visual Studio 2017 14.16.27023 toolchain (C:\Program Files (x86)\Microsoft Visual Studio\2017\Community\VC\Tools\MSVC\14.16.27023) and Windows 10.0.17763.0 SDK (C:\Program Files (x86)\Windows Kits\10).
[2019.03.27-19.30.45:316][284]CompilerResultsLog: Parsing headers for Project1Editor
[2019.03.27-19.30.45:316][284]CompilerResultsLog:   Running UnrealHeaderTool "C:\Users\vhv11\Desktop\Spring 2019\CMSC388G\CMSC388G\Project2\Project1\Project1.uproject" "C:\Users\vhv11\Desktop\Spring 2019\CMSC388G\CMSC388G\Project2\Project1\Intermediate\Build\Win64\Project1Editor\Development\Project1Editor.uhtmanifest" -LogCmds="loginit warning, logexit warning, logdatabase error" -Unattended -WarningsAsErrors -installed
[2019.03.27-19.30.45:316][284]CompilerResultsLog: Reflection code generated for Project1Editor in 45.5622545 seconds
[2019.03.27-19.30.45:316][284]CompilerResultsLog: Building 5 actions with 12 processes...
[2019.03.27-19.30.45:316][284]CompilerResultsLog:   [1/5] Project1.init.gen.cpp
[2019.03.27-19.30.45:316][284]CompilerResultsLog:   [2/5] MyPawn.cpp
[2019.03.27-19.30.45:316][284]CompilerResultsLog:   [3/5] MyPawn.gen.cpp
[2019.03.27-19.30.45:316][284]CompilerResultsLog:   [4/5] UE4Editor-Project1-7609.lib
[2019.03.27-19.30.45:316][284]CompilerResultsLog:      Creating library C:\Users\vhv11\Desktop\Spring 2019\CMSC388G\CMSC388G\Project2\Project1\Intermediate\Build\Win64\UE4Editor\Development\Project1\UE4Editor-Project1-7609.lib and object C:\Users\vhv11\Desktop\Spring 2019\CMSC388G\CMSC388G\Project2\Project1\Intermediate\Build\Win64\UE4Editor\Development\Project1\UE4Editor-Project1-7609.exp
[2019.03.27-19.30.45:316][284]CompilerResultsLog:   [5/5] UE4Editor-Project1-7609.dll
[2019.03.27-19.30.45:316][284]CompilerResultsLog:      Creating library C:\Users\vhv11\Desktop\Spring 2019\CMSC388G\CMSC388G\Project2\Project1\Intermediate\Build\Win64\UE4Editor\Development\Project1\UE4Editor-Project1-7609.suppressed.lib and object C:\Users\vhv11\Desktop\Spring 2019\CMSC388G\CMSC388G\Project2\Project1\Intermediate\Build\Win64\UE4Editor\Development\Project1\UE4Editor-Project1-7609.suppressed.exp
[2019.03.27-19.30.45:316][284]CompilerResultsLog: Total build time: 196.23 seconds (Parallel executor: 13.09 seconds)
[2019.03.27-19.30.45:320][284]LogMainFrame: MainFrame: Module compiling took 197.910 seconds
[2019.03.27-19.30.45:522][284]LogClass: Could not find existing class MyPawn in package /Script/Project1 for HotReload, assuming new class
[2019.03.27-19.30.45:534][284]LogClass: TeleportDestinationTransform HotReload.
[2019.03.27-19.30.45:551][284]LogContentBrowser: Native class hierarchy updated for 'Project1' in 0.0005 seconds. Added 4 classes and 2 folders.
[2019.03.27-19.30.45:560][284]Display: HotReload successful (9 functions remapped  1 scriptstructs remapped)
[2019.03.27-19.30.46:236][284]LogContentBrowser: Native class hierarchy populated in 0.0081 seconds. Added 2656 classes and 624 folders.
[2019.03.27-19.30.46:304][284]Display: HotReload took 199.3s.
[2019.03.27-19.30.46:316][284]Warning: HotReload operation took 199.3s.
[2019.03.27-19.30.47:210][284]LogSlate: Window 'Add C++ Class' being destroyed
[2019.03.27-19.30.47:339][284]LogHotReload: New module detected: UE4Editor-Project1-7609.dll
[2019.03.27-19.30.47:705][285]LogHotReload: Starting Hot-Reload from IDE
[2019.03.27-19.30.47:774][285]LogContentBrowser: Native class hierarchy updated for 'Project1' in 0.0005 seconds. Added 4 classes and 2 folders.
[2019.03.27-19.30.47:776][285]Display: HotReload successful (0 functions remapped  1 scriptstructs remapped)
[2019.03.27-19.30.47:811][285]LogContentBrowser: Native class hierarchy populated in 0.0098 seconds. Added 2656 classes and 624 folders.
[2019.03.27-19.30.47:821][285]Display: HotReload took  0.1s.
[2019.03.27-19.30.47:829][285]LogUnrealEdMisc: Warning: Heartbeat event firing too frequently (0.000 sec). This should never happen. Something is wrong with the timer delegate!
[2019.03.27-19.30.47:829][285]LogUnrealEdMisc: Warning: Heartbeat event firing too frequently (0.000 sec). This should never happen. Something is wrong with the timer delegate!
[2019.03.27-19.30.47:829][285]LogUnrealEdMisc: Warning: Heartbeat event firing too frequently (0.000 sec). This should never happen. Something is wrong with the timer delegate!
[2019.03.27-19.31.23:286][391]LogSlate: Window 'Reference Viewer' being destroyed
[2019.03.27-19.31.23:295][391]LogSlate: Window 'Reference Viewer' being destroyed
[2019.03.27-19.31.31:479][323]LogUnrealEdMisc: Warning: Heartbeat event firing too frequently (43.650 sec). This should never happen. Something is wrong with the timer delegate!
[2019.03.27-19.32.00:048][338]LogAssetEditorManager: Opening Asset editor for Blueprint /Game/VirtualRealityBP/Blueprints/MotionControllerPawn.MotionControllerPawn
[2019.03.27-19.32.01:226][338]LogContentBrowser: Native class hierarchy updated for 'BlueprintGraph' in 0.0007 seconds. Added 117 classes and 0 folders.
[2019.03.27-19.32.03:104][339]LogSlate: Took 0.009706 seconds to synchronously load lazily loaded font '../../../Engine/Content/Slate/Fonts/Roboto-Italic.ttf' (157K)
[2019.03.27-19.32.22:303][768]LogSlate: Prevented a slow task dialog from being summoned while a context menu was open
[2019.03.27-19.32.27:387][200]LogBlueprint: Warning: Reparenting blueprint Blueprint /Game/VirtualRealityBP/Blueprints/MotionControllerPawn.MotionControllerPawn from Pawn to MyPawn...
[2019.03.27-19.32.27:539][200]BlueprintLog: New page: Compile MotionControllerPawn
[2019.03.27-19.32.32:905][553]LogSlate: Window 'MotionControllerPawn*' being destroyed
[2019.03.27-19.32.32:914][553]LogSlate: Window 'MotionControllerPawn*' being destroyed
[2019.03.27-19.33.12:800][730]LogAssetEditorManager: Opening Asset editor for World /Game/VirtualRealityBP/Maps/MotionControllerMap.MotionControllerMap
[2019.03.27-19.33.22:588][730]LogSlate: Window 'Save Content' being destroyed
[2019.03.27-19.33.22:869][730]LogSavePackage: Moving 'C:/Users/vhv11/Desktop/Spring 2019/CMSC388G/CMSC388G/Project2/Project1/Saved/MotionControllerPawnC5CE2E1B421371177C071AA321999107.tmp' to 'C:/Users/vhv11/Desktop/Spring 2019/CMSC388G/CMSC388G/Project2/Project1/Content/VirtualRealityBP/Blueprints/MotionControllerPawn.uasset'
[2019.03.27-19.33.23:132][730]LogSavePackage: Moving 'C:/Users/vhv11/Desktop/Spring 2019/CMSC388G/CMSC388G/Project2/Project1/Saved/MotionControllerMap021C4A3C4580BE3D2F1229AA62A65735.tmp' to 'C:/Users/vhv11/Desktop/Spring 2019/CMSC388G/CMSC388G/Project2/Project1/Content/VirtualRealityBP/Maps/MotionControllerMap.umap'
[2019.03.27-19.33.23:150][730]LogFileHelpers: Saving map 'MotionControllerMap' took 0.248
[2019.03.27-19.33.23:154][730]Cmd: MAP LOAD FILE="C:/Users/vhv11/Desktop/Spring 2019/CMSC388G/CMSC388G/Project2/Project1/Content/VirtualRealityBP/Maps/MotionControllerMap.umap" TEMPLATE=0 SHOWPROGRESS=1 FEATURELEVEL=3
[2019.03.27-19.33.23:154][730]LightingResults: New page: Lighting Build
[2019.03.27-19.33.23:159][730]LoadErrors: New page: Loading map: MotionControllerMap.umap
[2019.03.27-19.33.23:194][730]MapCheck: New page: Map Check
[2019.03.27-19.33.23:194][730]LightingResults: New page: Lighting Build
[2019.03.27-19.33.23:290][730]LogAIModule: Creating AISystem for world MotionControllerMap
[2019.03.27-19.33.23:302][730]LogEditorServer: Finished looking for orphan Actors (0.000 secs)
[2019.03.27-19.33.23:342][730]Cmd: MAP CHECKDEP NOCLEARLOG
[2019.03.27-19.33.23:342][730]MapCheck: Map check complete: 0 Error(s), 0 Warning(s), took 0.125ms to complete.
[2019.03.27-19.33.23:343][730]LogFileHelpers: Loading map 'MotionControllerMap' took 0.190
[2019.03.27-19.33.25:757][  1]LogAssetEditorManager: Opening Asset editor for World /Game/VirtualRealityBP/Maps/MotionControllerMap.MotionControllerMap
[2019.03.27-19.33.25:783][  1]Cmd: MAP LOAD FILE="C:/Users/vhv11/Desktop/Spring 2019/CMSC388G/CMSC388G/Project2/Project1/Content/VirtualRealityBP/Maps/MotionControllerMap.umap" TEMPLATE=0 SHOWPROGRESS=1 FEATURELEVEL=3
[2019.03.27-19.33.25:783][  1]LightingResults: New page: Lighting Build
[2019.03.27-19.33.25:784][  1]LoadErrors: New page: Loading map: MotionControllerMap.umap
[2019.03.27-19.33.25:784][  1]MapCheck: New page: Map Check
[2019.03.27-19.33.25:784][  1]LightingResults: New page: Lighting Build
[2019.03.27-19.33.25:842][  1]LogAIModule: Creating AISystem for world MotionControllerMap
[2019.03.27-19.33.25:846][  1]LogEditorServer: Finished looking for orphan Actors (0.000 secs)
[2019.03.27-19.33.25:894][  1]Cmd: MAP CHECKDEP NOCLEARLOG
[2019.03.27-19.33.25:894][  1]MapCheck: Map check complete: 0 Error(s), 0 Warning(s), took 0.122ms to complete.
[2019.03.27-19.33.25:895][  1]LogFileHelpers: Loading map 'MotionControllerMap' took 0.113
[2019.03.27-19.34.01:655][417]LogTemp: Executing iPhonePackager certificates Engine -bundlename com.YourCompany.Project1
[2019.03.27-19.34.01:655][417]LogTemp: CWD: D:\UE_4.21\Engine\Binaries\DotNET\IOS
[2019.03.27-19.34.01:655][417]LogTemp: Initial Dir: D:\UE_4.21
[2019.03.27-19.34.01:655][417]LogTemp: Env CWD: D:\UE_4.21\Engine\Binaries\DotNET\IOS
[2019.03.27-19.34.01:655][417]LogTemp: BranchPath = LAPTOP-12NJ29U7/D/UE_4.21/Engine/Binaries --- GameBranchPath = LAPTOP-12NJ29U7/D/UE_4.21/Engine/Binaries
[2019.03.27-19.34.01:655][417]LogSlate: Only BGRA pngs, bmps or icos are supported in by External Image Picker
[2019.03.27-19.34.01:735][418]LogTemp: IPP ERROR: Could not find provision directory 'C:\Users\vhv11\AppData\Local/Apple Computer/MobileDevice/Provisioning Profiles/'.
[2019.03.27-19.41.21:999][187]LogSlate: Window 'Project Settings' being destroyed
[2019.03.27-19.41.22:007][187]LogSlate: Window 'Project Settings' being destroyed
[2019.03.27-19.51.59:703][808]LogSlate: Only BGRA pngs, bmps or icos are supported in by External Image Picker
[2019.03.27-19.51.59:802][811]LogTemp: Executing iPhonePackager certificates Engine -bundlename com.YourCompany.Project1
[2019.03.27-19.51.59:802][811]LogTemp: CWD: D:\UE_4.21\Engine\Binaries\DotNET\IOS
[2019.03.27-19.51.59:802][811]LogTemp: Initial Dir: D:\UE_4.21
[2019.03.27-19.51.59:802][811]LogTemp: Env CWD: D:\UE_4.21\Engine\Binaries\DotNET\IOS
[2019.03.27-19.51.59:816][812]LogTemp: BranchPath = LAPTOP-12NJ29U7/D/UE_4.21/Engine/Binaries --- GameBranchPath = LAPTOP-12NJ29U7/D/UE_4.21/Engine/Binaries
[2019.03.27-19.51.59:838][813]LogTemp: IPP ERROR: Could not find provision directory 'C:\Users\vhv11\AppData\Local/Apple Computer/MobileDevice/Provisioning Profiles/'.
[2019.03.27-19.54.14:874][945]LogHotReload: New module detected: UE4Editor-Project1-669.dll
[2019.03.27-19.54.15:902][949]LogHotReload: Starting Hot-Reload from IDE
[2019.03.27-19.54.15:974][949]LogClass: Could not find existing class MyPawn in package /Script/Project1 for HotReload, assuming new class
[2019.03.27-19.54.15:974][949]LogClass: Function JumpTeleportMoveForward is new.
[2019.03.27-19.54.15:976][949]LogClass: TeleportDestinationTransform HotReload.
[2019.03.27-19.54.15:983][949]LogHotReload: Re-instancing MyPawn after hot-reload.
[2019.03.27-19.54.16:638][949]LogContentBrowser: Native class hierarchy updated for 'Project1' in 0.0005 seconds. Added 4 classes and 2 folders.
[2019.03.27-19.54.16:641][949]Display: HotReload successful (9 functions remapped  1 scriptstructs remapped)
[2019.03.27-19.54.16:719][949]LogContentBrowser: Native class hierarchy populated in 0.0080 seconds. Added 2656 classes and 624 folders.
[2019.03.27-19.54.16:950][949]Display: HotReload took  1.0s.
