  Creating makefile for hot reloading Project1Editor (.uproject file is newer)
  Compiling game modules for hot reload
  Performing full C++ include scan (no include cache file)
  Using Visual Studio 2017 14.20.27508 toolchain (C:\Program Files (x86)\Microsoft Visual Studio\2019\Community\VC\Tools\MSVC\14.20.27508) and Windows 10.0.17763.0 SDK (C:\Program Files (x86)\Windows Kits\10).
  Parsing headers for Project1Editor
    Running UnrealHeaderTool "E:\CMSC388G\FinalProject\Project1\Project1.uproject" "E:\CMSC388G\FinalProject\Project1\Intermediate\Build\Win64\Project1Editor\Development\Project1Editor.uhtmanifest" -LogCmds="loginit warning, logexit warning, logdatabase error" -Unattended -WarningsAsErrors -installed
  Reflection code generated for Project1Editor in 57.4309347 seconds
  Building 16 actions with 8 processes...
    [1/16] PCLaunch.rc
    [2/16] SharedPCH.Engine.cpp
    Detected compiler newer than Visual Studio 2017, please update min version checking in WindowsPlatformCompilerSetup.h
    [3/16] PickupCube.cpp
    [4/16] Project1.cpp
    [5/16] CustomPickupActorInterface.cpp
    [6/16] MyPawn.gen.cpp
    [7/16] CustomPickupActorInterface.gen.cpp
    [8/16] Target.cpp
    [9/16] MyPawn.cpp
    [10/16] CustomMotionController.gen.cpp
    [11/16] PickupCube.gen.cpp
    [12/16] Project1.init.gen.cpp
    [13/16] Target.gen.cpp
    [14/16] CustomMotionController.cpp
    [15/16] UE4Editor-Project1-199.lib
       Creating library E:\CMSC388G\FinalProject\Project1\Intermediate\Build\Win64\UE4Editor\Development\Project1\UE4Editor-Project1-199.lib and object E:\CMSC388G\FinalProject\Project1\Intermediate\Build\Win64\UE4Editor\Development\Project1\UE4Editor-Project1-199.exp
    [16/16] UE4Editor-Project1-199.dll
       Creating library E:\CMSC388G\FinalProject\Project1\Intermediate\Build\Win64\UE4Editor\Development\Project1\UE4Editor-Project1-199.suppressed.lib and object E:\CMSC388G\FinalProject\Project1\Intermediate\Build\Win64\UE4Editor\Development\Project1\UE4Editor-Project1-199.suppressed.exp
  Deploying Project1Editor Win64 Development...
  Total build time: 165.11 seconds (Parallel executor: 50.11 seconds)
